{"C:\\Users\\Lentach\\Desktop\\Fireplace\\backend\\src\\app.module.ts": {"path":"C:\\Users\\Lentach\\Desktop\\Fireplace\\backend\\src\\app.module.ts","statementMap":{"0":{"start":{"line":1,"column":0},"end":{"line":1,"column":40}},"1":{"start":{"line":2,"column":0},"end":{"line":2,"column":48}},"2":{"start":{"line":3,"column":0},"end":{"line":3,"column":61}},"3":{"start":{"line":4,"column":0},"end":{"line":4,"column":52}},"4":{"start":{"line":5,"column":0},"end":{"line":5,"column":50}},"5":{"start":{"line":6,"column":0},"end":{"line":6,"column":48}},"6":{"start":{"line":7,"column":0},"end":{"line":7,"column":51}},"7":{"start":{"line":8,"column":0},"end":{"line":8,"column":51}},"8":{"start":{"line":9,"column":0},"end":{"line":9,"column":48}},"9":{"start":{"line":10,"column":0},"end":{"line":10,"column":75}},"10":{"start":{"line":11,"column":0},"end":{"line":11,"column":60}},"11":{"start":{"line":12,"column":0},"end":{"line":12,"column":57}},"12":{"start":{"line":13,"column":0},"end":{"line":13,"column":57}},"13":{"start":{"line":14,"column":0},"end":{"line":14,"column":65}},"14":{"start":{"line":15,"column":0},"end":{"line":15,"column":68}},"15":{"start":{"line":16,"column":0},"end":{"line":16,"column":89}},"16":{"start":{"line":17,"column":0},"end":{"line":17,"column":43}},"17":{"start":{"line":18,"column":0},"end":{"line":18,"column":67}},"18":{"start":{"line":19,"column":0},"end":{"line":19,"column":52}},"19":{"start":{"line":20,"column":0},"end":{"line":20,"column":64}},"20":{"start":{"line":21,"column":0},"end":{"line":21,"column":60}},"21":{"start":{"line":22,"column":0},"end":{"line":22,"column":57}},"22":{"start":{"line":23,"column":0},"end":{"line":23,"column":60}},"23":{"start":{"line":24,"column":0},"end":{"line":24,"column":70}},"24":{"start":{"line":25,"column":0},"end":{"line":25,"column":63}},"25":{"start":{"line":26,"column":0},"end":{"line":26,"column":71}},"26":{"start":{"line":27,"column":0},"end":{"line":27,"column":51}},"27":{"start":{"line":28,"column":0},"end":{"line":28,"column":54}},"28":{"start":{"line":78,"column":7},"end":{"line":78,"column":null}},"29":{"start":{"line":78,"column":13},"end":{"line":78,"column":22}},"30":{"start":{"line":78,"column":13},"end":{"line":78,"column":null}},"31":{"start":{"line":52,"column":53},"end":{"line":61,"column":8}}},"fnMap":{"0":{"name":"(anonymous_1)","decl":{"start":{"line":52,"column":18},"end":{"line":52,"column":19}},"loc":{"start":{"line":52,"column":53},"end":{"line":61,"column":8}}}},"branchMap":{},"s":{"0":0,"1":0,"2":0,"3":0,"4":0,"5":0,"6":0,"7":0,"8":0,"9":0,"10":0,"11":0,"12":0,"13":0,"14":0,"15":0,"16":0,"17":0,"18":0,"19":0,"20":0,"21":0,"22":0,"23":0,"24":0,"25":0,"26":0,"27":0,"28":0,"29":0,"30":0,"31":0},"f":{"0":0},"b":{}}
,"C:\\Users\\Lentach\\Desktop\\Fireplace\\backend\\src\\main.ts": {"path":"C:\\Users\\Lentach\\Desktop\\Fireplace\\backend\\src\\main.ts","statementMap":{"0":{"start":{"line":1,"column":0},"end":{"line":1,"column":43}},"1":{"start":{"line":2,"column":0},"end":{"line":2,"column":56}},"2":{"start":{"line":3,"column":0},"end":{"line":3,"column":47}},"3":{"start":{"line":5,"column":0},"end":{"line":5,"column":28}},"4":{"start":{"line":6,"column":0},"end":{"line":6,"column":41}},"5":{"start":{"line":9,"column":14},"end":{"line":14,"column":4}},"6":{"start":{"line":15,"column":17},"end":{"line":15,"column":40}},"7":{"start":{"line":16,"column":24},"end":{"line":16,"column":46}},"8":{"start":{"line":19,"column":2},"end":{"line":19,"column":20}},"9":{"start":{"line":23,"column":2},"end":{"line":23,"column":62}},"10":{"start":{"line":27,"column":25},"end":{"line":31,"column":25}},"11":{"start":{"line":31,"column":16},"end":{"line":31,"column":24}},"12":{"start":{"line":35,"column":4},"end":{"line":47,"column":9}},"13":{"start":{"line":38,"column":10},"end":{"line":46,"column":11}},"14":{"start":{"line":39,"column":12},"end":{"line":39,"column":33}},"15":{"start":{"line":40,"column":17},"end":{"line":46,"column":11}},"16":{"start":{"line":41,"column":12},"end":{"line":41,"column":33}},"17":{"start":{"line":42,"column":17},"end":{"line":46,"column":11}},"18":{"start":{"line":43,"column":12},"end":{"line":43,"column":33}},"19":{"start":{"line":45,"column":12},"end":{"line":45,"column":55}},"20":{"start":{"line":49,"column":2},"end":{"line":49,"column":60}},"21":{"start":{"line":51,"column":15},"end":{"line":51,"column":48}},"22":{"start":{"line":52,"column":2},"end":{"line":52,"column":36}},"23":{"start":{"line":53,"column":2},"end":{"line":53,"column":57}},"24":{"start":{"line":55,"column":0},"end":{"line":55,"column":12}}},"fnMap":{"0":{"name":"bootstrap","decl":{"start":{"line":8,"column":15},"end":{"line":8,"column":24}},"loc":{"start":{"line":8,"column":24},"end":{"line":54,"column":1}}},"1":{"name":"(anonymous_2)","decl":{"start":{"line":31,"column":9},"end":{"line":31,"column":10}},"loc":{"start":{"line":31,"column":16},"end":{"line":31,"column":24}}},"2":{"name":"(anonymous_3)","decl":{"start":{"line":37,"column":8},"end":{"line":37,"column":9}},"loc":{"start":{"line":37,"column":29},"end":{"line":47,"column":9}}}},"branchMap":{"0":{"loc":{"start":{"line":11,"column":6},"end":{"line":13,"column":54}},"type":"cond-expr","locations":[{"start":{"line":12,"column":10},"end":{"line":12,"column":34}},{"start":{"line":13,"column":10},"end":{"line":13,"column":54}}]},"1":{"loc":{"start":{"line":28,"column":4},"end":{"line":28,"column":67}},"type":"binary-expr","locations":[{"start":{"line":28,"column":4},"end":{"line":28,"column":40}},{"start":{"line":28,"column":44},"end":{"line":28,"column":67}}]},"2":{"loc":{"start":{"line":35,"column":4},"end":{"line":47,"column":9}},"type":"cond-expr","locations":[{"start":{"line":36,"column":8},"end":{"line":36,"column":22}},{"start":{"line":37,"column":8},"end":{"line":47,"column":9}}]},"3":{"loc":{"start":{"line":38,"column":10},"end":{"line":46,"column":11}},"type":"if","locations":[{"start":{"line":38,"column":10},"end":{"line":46,"column":11}},{"start":{"line":40,"column":17},"end":{"line":46,"column":11}}]},"4":{"loc":{"start":{"line":38,"column":14},"end":{"line":38,"column":105}},"type":"binary-expr","locations":[{"start":{"line":38,"column":14},"end":{"line":38,"column":21}},{"start":{"line":38,"column":25},"end":{"line":38,"column":63}},{"start":{"line":38,"column":67},"end":{"line":38,"column":105}}]},"5":{"loc":{"start":{"line":40,"column":17},"end":{"line":46,"column":11}},"type":"if","locations":[{"start":{"line":40,"column":17},"end":{"line":46,"column":11}},{"start":{"line":42,"column":17},"end":{"line":46,"column":11}}]},"6":{"loc":{"start":{"line":40,"column":21},"end":{"line":40,"column":92}},"type":"binary-expr","locations":[{"start":{"line":40,"column":21},"end":{"line":40,"column":57}},{"start":{"line":40,"column":61},"end":{"line":40,"column":92}}]},"7":{"loc":{"start":{"line":42,"column":17},"end":{"line":46,"column":11}},"type":"if","locations":[{"start":{"line":42,"column":17},"end":{"line":46,"column":11}},{"start":{"line":44,"column":17},"end":{"line":46,"column":11}}]},"8":{"loc":{"start":{"line":51,"column":15},"end":{"line":51,"column":48}},"type":"binary-expr","locations":[{"start":{"line":51,"column":15},"end":{"line":51,"column":40}},{"start":{"line":51,"column":44},"end":{"line":51,"column":48}}]}},"s":{"0":0,"1":0,"2":0,"3":0,"4":0,"5":0,"6":0,"7":0,"8":0,"9":0,"10":0,"11":0,"12":0,"13":0,"14":0,"15":0,"16":0,"17":0,"18":0,"19":0,"20":0,"21":0,"22":0,"23":0,"24":0},"f":{"0":0,"1":0,"2":0},"b":{"0":[0,0],"1":[0,0],"2":[0,0],"3":[0,0],"4":[0,0,0],"5":[0,0],"6":[0,0],"7":[0,0],"8":[0,0]}}
,"C:\\Users\\Lentach\\Desktop\\Fireplace\\backend\\src\\auth\\auth.controller.ts": {"path":"C:\\Users\\Lentach\\Desktop\\Fireplace\\backend\\src\\auth\\auth.controller.ts","statementMap":{"0":{"start":{"line":1,"column":0},"end":{"line":1,"column":56}},"1":{"start":{"line":2,"column":0},"end":{"line":2,"column":45}},"2":{"start":{"line":3,"column":0},"end":{"line":3,"column":45}},"3":{"start":{"line":4,"column":0},"end":{"line":4,"column":49}},"4":{"start":{"line":5,"column":0},"end":{"line":5,"column":43}},"5":{"start":{"line":8,"column":7},"end":{"line":26,"column":null}},"6":{"start":{"line":9,"column":22},"end":{"line":9,"column":35}},"7":{"start":{"line":16,"column":4},"end":{"line":16,"column":65}},"8":{"start":{"line":24,"column":4},"end":{"line":24,"column":64}},"9":{"start":{"line":8,"column":13},"end":{"line":8,"column":27}},"10":{"start":{"line":15,"column":2},"end":{"line":17,"column":null}},"11":{"start":{"line":23,"column":2},"end":{"line":25,"column":null}},"12":{"start":{"line":8,"column":13},"end":{"line":26,"column":null}}},"fnMap":{"0":{"name":"(anonymous_4)","decl":{"start":{"line":9,"column":2},"end":{"line":9,"column":22}},"loc":{"start":{"line":9,"column":46},"end":{"line":9,"column":50}}},"1":{"name":"(anonymous_5)","decl":{"start":{"line":15,"column":2},"end":{"line":15,"column":10}},"loc":{"start":{"line":15,"column":35},"end":{"line":17,"column":3}}},"2":{"name":"(anonymous_6)","decl":{"start":{"line":23,"column":2},"end":{"line":23,"column":7}},"loc":{"start":{"line":23,"column":29},"end":{"line":25,"column":3}}}},"branchMap":{},"s":{"0":0,"1":0,"2":0,"3":0,"4":0,"5":0,"6":0,"7":0,"8":0,"9":0,"10":0,"11":0,"12":0},"f":{"0":0,"1":0,"2":0},"b":{}}
,"C:\\Users\\Lentach\\Desktop\\Fireplace\\backend\\src\\auth\\auth.module.ts": {"path":"C:\\Users\\Lentach\\Desktop\\Fireplace\\backend\\src\\auth\\auth.module.ts","statementMap":{"0":{"start":{"line":1,"column":0},"end":{"line":1,"column":40}},"1":{"start":{"line":2,"column":0},"end":{"line":2,"column":40}},"2":{"start":{"line":3,"column":0},"end":{"line":3,"column":61}},"3":{"start":{"line":4,"column":0},"end":{"line":4,"column":50}},"4":{"start":{"line":5,"column":0},"end":{"line":5,"column":45}},"5":{"start":{"line":6,"column":0},"end":{"line":6,"column":51}},"6":{"start":{"line":7,"column":0},"end":{"line":7,"column":56}},"7":{"start":{"line":8,"column":0},"end":{"line":8,"column":52}},"8":{"start":{"line":10,"column":23},"end":{"line":10,"column":45}},"9":{"start":{"line":39,"column":7},"end":{"line":39,"column":null}},"10":{"start":{"line":39,"column":13},"end":{"line":39,"column":23}},"11":{"start":{"line":39,"column":13},"end":{"line":39,"column":null}},"12":{"start":{"line":21,"column":23},"end":{"line":21,"column":80}},"13":{"start":{"line":22,"column":23},"end":{"line":22,"column":69}},"14":{"start":{"line":23,"column":8},"end":{"line":27,"column":9}},"15":{"start":{"line":24,"column":10},"end":{"line":26,"column":12}},"16":{"start":{"line":28,"column":8},"end":{"line":31,"column":10}}},"fnMap":{"0":{"name":"(anonymous_1)","decl":{"start":{"line":20,"column":18},"end":{"line":20,"column":19}},"loc":{"start":{"line":20,"column":51},"end":{"line":32,"column":7}}}},"branchMap":{"0":{"loc":{"start":{"line":21,"column":23},"end":{"line":21,"column":80}},"type":"binary-expr","locations":[{"start":{"line":21,"column":23},"end":{"line":21,"column":62}},{"start":{"line":21,"column":66},"end":{"line":21,"column":80}}]},"1":{"loc":{"start":{"line":23,"column":8},"end":{"line":27,"column":9}},"type":"if","locations":[{"start":{"line":23,"column":8},"end":{"line":27,"column":9}},{"start":{},"end":{}}]},"2":{"loc":{"start":{"line":23,"column":12},"end":{"line":23,"column":60}},"type":"binary-expr","locations":[{"start":{"line":23,"column":12},"end":{"line":23,"column":18}},{"start":{"line":23,"column":23},"end":{"line":23,"column":30}},{"start":{"line":23,"column":34},"end":{"line":23,"column":59}}]}},"s":{"0":0,"1":0,"2":0,"3":0,"4":0,"5":0,"6":0,"7":0,"8":0,"9":0,"10":0,"11":0,"12":0,"13":0,"14":0,"15":0,"16":0},"f":{"0":0},"b":{"0":[0,0],"1":[0,0],"2":[0,0,0]}}
,"C:\\Users\\Lentach\\Desktop\\Fireplace\\backend\\src\\auth\\auth.service.ts": {"path":"C:\\Users\\Lentach\\Desktop\\Fireplace\\backend\\src\\auth\\auth.service.ts","statementMap":{"0":{"start":{"line":1,"column":0},"end":{"line":1,"column":null}},"1":{"start":{"line":6,"column":0},"end":{"line":6,"column":41}},"2":{"start":{"line":7,"column":0},"end":{"line":7,"column":33}},"3":{"start":{"line":9,"column":0},"end":{"line":9,"column":54}},"4":{"start":{"line":12,"column":7},"end":{"line":61,"column":null}},"5":{"start":{"line":13,"column":33},"end":{"line":13,"column":52}},"6":{"start":{"line":16,"column":12},"end":{"line":16,"column":26}},"7":{"start":{"line":17,"column":12},"end":{"line":17,"column":24}},"8":{"start":{"line":22,"column":17},"end":{"line":22,"column":67}},"9":{"start":{"line":23,"column":4},"end":{"line":23,"column":67}},"10":{"start":{"line":27,"column":28},"end":{"line":27,"column":32}},"11":{"start":{"line":28,"column":4},"end":{"line":38,"column":5}},"12":{"start":{"line":29,"column":21},"end":{"line":29,"column":42}},"13":{"start":{"line":30,"column":6},"end":{"line":30,"column":90}},"14":{"start":{"line":30,"column":18},"end":{"line":30,"column":90}},"15":{"start":{"line":32,"column":20},"end":{"line":32,"column":77}},"16":{"start":{"line":33,"column":6},"end":{"line":37,"column":7}},"17":{"start":{"line":33,"column":30},"end":{"line":33,"column":46}},"18":{"start":{"line":34,"column":11},"end":{"line":37,"column":7}},"19":{"start":{"line":35,"column":8},"end":{"line":35,"column":87}},"20":{"start":{"line":36,"column":8},"end":{"line":36,"column":89}},"21":{"start":{"line":39,"column":4},"end":{"line":42,"column":5}},"22":{"start":{"line":40,"column":6},"end":{"line":40,"column":68}},"23":{"start":{"line":41,"column":6},"end":{"line":41,"column":61}},"24":{"start":{"line":44,"column":26},"end":{"line":44,"column":71}},"25":{"start":{"line":45,"column":4},"end":{"line":48,"column":5}},"26":{"start":{"line":46,"column":6},"end":{"line":46,"column":68}},"27":{"start":{"line":47,"column":6},"end":{"line":47,"column":61}},"28":{"start":{"line":50,"column":4},"end":{"line":50,"column":86}},"29":{"start":{"line":52,"column":20},"end":{"line":56,"column":6}},"30":{"start":{"line":57,"column":4},"end":{"line":59,"column":6}},"31":{"start":{"line":12,"column":13},"end":{"line":12,"column":24}},"32":{"start":{"line":12,"column":13},"end":{"line":61,"column":null}}},"fnMap":{"0":{"name":"(anonymous_11)","decl":{"start":{"line":15,"column":2},"end":{"line":15,"column":null}},"loc":{"start":{"line":17,"column":34},"end":{"line":18,"column":6}}},"1":{"name":"(anonymous_12)","decl":{"start":{"line":20,"column":2},"end":{"line":20,"column":7}},"loc":{"start":{"line":20,"column":51},"end":{"line":24,"column":3}}},"2":{"name":"(anonymous_13)","decl":{"start":{"line":26,"column":2},"end":{"line":26,"column":7}},"loc":{"start":{"line":26,"column":50},"end":{"line":60,"column":3}}}},"branchMap":{"0":{"loc":{"start":{"line":28,"column":4},"end":{"line":38,"column":5}},"type":"if","locations":[{"start":{"line":28,"column":4},"end":{"line":38,"column":5}},{"start":{"line":31,"column":11},"end":{"line":38,"column":5}}]},"1":{"loc":{"start":{"line":30,"column":6},"end":{"line":30,"column":90}},"type":"if","locations":[{"start":{"line":30,"column":6},"end":{"line":30,"column":90}},{"start":{},"end":{}}]},"2":{"loc":{"start":{"line":30,"column":10},"end":{"line":30,"column":16}},"type":"binary-expr","locations":[{"start":{"line":30,"column":10},"end":{"line":30,"column":11}},{"start":{"line":30,"column":15},"end":{"line":30,"column":16}}]},"3":{"loc":{"start":{"line":33,"column":6},"end":{"line":37,"column":7}},"type":"if","locations":[{"start":{"line":33,"column":6},"end":{"line":37,"column":7}},{"start":{"line":34,"column":11},"end":{"line":37,"column":7}}]},"4":{"loc":{"start":{"line":34,"column":11},"end":{"line":37,"column":7}},"type":"if","locations":[{"start":{"line":34,"column":11},"end":{"line":37,"column":7}},{"start":{},"end":{}}]},"5":{"loc":{"start":{"line":39,"column":4},"end":{"line":42,"column":5}},"type":"if","locations":[{"start":{"line":39,"column":4},"end":{"line":42,"column":5}},{"start":{},"end":{}}]},"6":{"loc":{"start":{"line":45,"column":4},"end":{"line":48,"column":5}},"type":"if","locations":[{"start":{"line":45,"column":4},"end":{"line":48,"column":5}},{"start":{},"end":{}}]}},"s":{"0":1,"1":1,"2":1,"3":1,"4":1,"5":4,"6":4,"7":4,"8":1,"9":1,"10":5,"11":5,"12":0,"13":0,"14":0,"15":5,"16":5,"17":3,"18":2,"19":0,"20":0,"21":5,"22":2,"23":2,"24":3,"25":3,"26":2,"27":2,"28":1,"29":1,"30":1,"31":1,"32":1},"f":{"0":4,"1":1,"2":5},"b":{"0":[0,5],"1":[0,0],"2":[0,0],"3":[3,2],"4":[0,2],"5":[2,3],"6":[2,1]}}
,"C:\\Users\\Lentach\\Desktop\\Fireplace\\backend\\src\\auth\\jwt-auth.guard.ts": {"path":"C:\\Users\\Lentach\\Desktop\\Fireplace\\backend\\src\\auth\\jwt-auth.guard.ts","statementMap":{"0":{"start":{"line":1,"column":0},"end":{"line":1,"column":44}},"1":{"start":{"line":2,"column":0},"end":{"line":2,"column":45}},"2":{"start":{"line":6,"column":7},"end":{"line":6,"column":null}},"3":{"start":{"line":6,"column":13},"end":{"line":6,"column":25}},"4":{"start":{"line":6,"column":13},"end":{"line":6,"column":null}}},"fnMap":{},"branchMap":{},"s":{"0":2,"1":2,"2":2,"3":2,"4":2},"f":{},"b":{}}
,"C:\\Users\\Lentach\\Desktop\\Fireplace\\backend\\src\\auth\\password.constants.ts": {"path":"C:\\Users\\Lentach\\Desktop\\Fireplace\\backend\\src\\auth\\password.constants.ts","statementMap":{"0":{"start":{"line":1,"column":13},"end":{"line":1,"column":37}},"1":{"start":{"line":7,"column":13},"end":{"line":7,"column":67}},"2":{"start":{"line":9,"column":13},"end":{"line":10,"column":94}}},"fnMap":{},"branchMap":{},"s":{"0":1,"1":1,"2":1},"f":{},"b":{}}
,"C:\\Users\\Lentach\\Desktop\\Fireplace\\backend\\src\\auth\\dto\\login.dto.ts": {"path":"C:\\Users\\Lentach\\Desktop\\Fireplace\\backend\\src\\auth\\dto\\login.dto.ts","statementMap":{"0":{"start":{"line":1,"column":0},"end":{"line":1,"column":74}},"1":{"start":{"line":3,"column":0},"end":{"line":3,"column":13}},"2":{"start":{"line":10,"column":2},"end":{"line":10,"column":null}},"3":{"start":{"line":14,"column":2},"end":{"line":14,"column":null}}},"fnMap":{},"branchMap":{},"s":{"0":0,"1":0,"2":0,"3":0},"f":{},"b":{}}
,"C:\\Users\\Lentach\\Desktop\\Fireplace\\backend\\src\\auth\\dto\\register.dto.ts": {"path":"C:\\Users\\Lentach\\Desktop\\Fireplace\\backend\\src\\auth\\dto\\register.dto.ts","statementMap":{"0":{"start":{"line":1,"column":0},"end":{"line":1,"column":74}},"1":{"start":{"line":2,"column":0},"end":{"line":2,"column":null}},"2":{"start":{"line":8,"column":0},"end":{"line":8,"column":13}},"3":{"start":{"line":15,"column":2},"end":{"line":15,"column":null}},"4":{"start":{"line":22,"column":2},"end":{"line":22,"column":null}}},"fnMap":{},"branchMap":{},"s":{"0":1,"1":1,"2":1,"3":1,"4":1},"f":{},"b":{}}
,"C:\\Users\\Lentach\\Desktop\\Fireplace\\backend\\src\\auth\\strategies\\jwt.strategy.ts": {"path":"C:\\Users\\Lentach\\Desktop\\Fireplace\\backend\\src\\auth\\strategies\\jwt.strategy.ts","statementMap":{"0":{"start":{"line":1,"column":0},"end":{"line":1,"column":67}},"1":{"start":{"line":2,"column":0},"end":{"line":2,"column":47}},"2":{"start":{"line":3,"column":0},"end":{"line":3,"column":52}},"3":{"start":{"line":4,"column":0},"end":{"line":4,"column":52}},"4":{"start":{"line":5,"column":0},"end":{"line":5,"column":57}},"5":{"start":{"line":7,"column":23},"end":{"line":7,"column":45}},"6":{"start":{"line":12,"column":7},"end":{"line":48,"column":null}},"7":{"start":{"line":18,"column":6},"end":{"line":18,"column":63}},"8":{"start":{"line":19,"column":4},"end":{"line":22,"column":7}},"9":{"start":{"line":14,"column":12},"end":{"line":14,"column":26}},"10":{"start":{"line":31,"column":17},"end":{"line":31,"column":62}},"11":{"start":{"line":32,"column":4},"end":{"line":34,"column":5}},"12":{"start":{"line":33,"column":6},"end":{"line":33,"column":40}},"13":{"start":{"line":35,"column":4},"end":{"line":40,"column":5}},"14":{"start":{"line":36,"column":31},"end":{"line":36,"column":82}},"15":{"start":{"line":37,"column":6},"end":{"line":39,"column":7}},"16":{"start":{"line":38,"column":8},"end":{"line":38,"column":80}},"17":{"start":{"line":41,"column":4},"end":{"line":46,"column":6}},"18":{"start":{"line":12,"column":13},"end":{"line":12,"column":24}},"19":{"start":{"line":12,"column":13},"end":{"line":48,"column":null}}},"fnMap":{"0":{"name":"(anonymous_2)","decl":{"start":{"line":13,"column":2},"end":{"line":13,"column":null}},"loc":{"start":{"line":15,"column":32},"end":{"line":23,"column":3}}},"1":{"name":"(anonymous_3)","decl":{"start":{"line":25,"column":2},"end":{"line":25,"column":7}},"loc":{"start":{"line":30,"column":3},"end":{"line":47,"column":3}}}},"branchMap":{"0":{"loc":{"start":{"line":18,"column":6},"end":{"line":18,"column":63}},"type":"binary-expr","locations":[{"start":{"line":18,"column":6},"end":{"line":18,"column":45}},{"start":{"line":18,"column":49},"end":{"line":18,"column":63}}]},"1":{"loc":{"start":{"line":32,"column":4},"end":{"line":34,"column":5}},"type":"if","locations":[{"start":{"line":32,"column":4},"end":{"line":34,"column":5}},{"start":{},"end":{}}]},"2":{"loc":{"start":{"line":35,"column":4},"end":{"line":40,"column":5}},"type":"if","locations":[{"start":{"line":35,"column":4},"end":{"line":40,"column":5}},{"start":{},"end":{}}]},"3":{"loc":{"start":{"line":37,"column":6},"end":{"line":39,"column":7}},"type":"if","locations":[{"start":{"line":37,"column":6},"end":{"line":39,"column":7}},{"start":{},"end":{}}]}},"s":{"0":1,"1":1,"2":1,"3":1,"4":1,"5":1,"6":1,"7":5,"8":5,"9":5,"10":5,"11":5,"12":1,"13":4,"14":3,"15":3,"16":2,"17":2,"18":1,"19":1},"f":{"0":5,"1":5},"b":{"0":[5,0],"1":[1,4],"2":[3,1],"3":[2,1]}}
,"C:\\Users\\Lentach\\Desktop\\Fireplace\\backend\\src\\blocked\\blocked-user.entity.ts": {"path":"C:\\Users\\Lentach\\Desktop\\Fireplace\\backend\\src\\blocked\\blocked-user.entity.ts","statementMap":{"0":{"start":{"line":1,"column":0},"end":{"line":1,"column":null}},"1":{"start":{"line":8,"column":0},"end":{"line":8,"column":44}},"2":{"start":{"line":12,"column":7},"end":{"line":23,"column":null}},"3":{"start":{"line":12,"column":13},"end":{"line":12,"column":24}},"4":{"start":{"line":14,"column":2},"end":{"line":14,"column":null}},"5":{"start":{"line":18,"column":2},"end":{"line":18,"column":null}},"6":{"start":{"line":16,"column":19},"end":{"line":16,"column":23}},"7":{"start":{"line":22,"column":2},"end":{"line":22,"column":null}},"8":{"start":{"line":20,"column":19},"end":{"line":20,"column":23}},"9":{"start":{"line":12,"column":13},"end":{"line":23,"column":null}}},"fnMap":{"0":{"name":"(anonymous_2)","decl":{"start":{"line":16,"column":13},"end":{"line":16,"column":16}},"loc":{"start":{"line":16,"column":19},"end":{"line":16,"column":23}}},"1":{"name":"(anonymous_3)","decl":{"start":{"line":20,"column":13},"end":{"line":20,"column":16}},"loc":{"start":{"line":20,"column":19},"end":{"line":20,"column":23}}}},"branchMap":{},"s":{"0":5,"1":5,"2":5,"3":5,"4":5,"5":5,"6":0,"7":5,"8":0,"9":5},"f":{"0":0,"1":0},"b":{}}
,"C:\\Users\\Lentach\\Desktop\\Fireplace\\backend\\src\\blocked\\blocked.module.ts": {"path":"C:\\Users\\Lentach\\Desktop\\Fireplace\\backend\\src\\blocked\\blocked.module.ts","statementMap":{"0":{"start":{"line":1,"column":0},"end":{"line":1,"column":40}},"1":{"start":{"line":2,"column":0},"end":{"line":2,"column":48}},"2":{"start":{"line":3,"column":0},"end":{"line":3,"column":52}},"3":{"start":{"line":4,"column":0},"end":{"line":4,"column":51}},"4":{"start":{"line":5,"column":0},"end":{"line":5,"column":58}},"5":{"start":{"line":6,"column":0},"end":{"line":6,"column":76}},"6":{"start":{"line":7,"column":0},"end":{"line":7,"column":61}},"7":{"start":{"line":8,"column":0},"end":{"line":8,"column":52}},"8":{"start":{"line":21,"column":7},"end":{"line":21,"column":null}},"9":{"start":{"line":21,"column":13},"end":{"line":21,"column":26}},"10":{"start":{"line":21,"column":13},"end":{"line":21,"column":null}}},"fnMap":{},"branchMap":{},"s":{"0":0,"1":0,"2":0,"3":0,"4":0,"5":0,"6":0,"7":0,"8":0,"9":0,"10":0},"f":{},"b":{}}
,"C:\\Users\\Lentach\\Desktop\\Fireplace\\backend\\src\\blocked\\blocked.service.ts": {"path":"C:\\Users\\Lentach\\Desktop\\Fireplace\\backend\\src\\blocked\\blocked.service.ts","statementMap":{"0":{"start":{"line":1,"column":0},"end":{"line":1,"column":52}},"1":{"start":{"line":2,"column":0},"end":{"line":2,"column":51}},"2":{"start":{"line":3,"column":0},"end":{"line":3,"column":37}},"3":{"start":{"line":4,"column":0},"end":{"line":4,"column":52}},"4":{"start":{"line":6,"column":0},"end":{"line":6,"column":60}},"5":{"start":{"line":7,"column":0},"end":{"line":7,"column":78}},"6":{"start":{"line":8,"column":0},"end":{"line":8,"column":63}},"7":{"start":{"line":9,"column":0},"end":{"line":9,"column":69}},"8":{"start":{"line":12,"column":27},"end":{"line":121,"column":null}},"9":{"start":{"line":13,"column":28},"end":{"line":13,"column":59}},"10":{"start":{"line":17,"column":21},"end":{"line":17,"column":34}},"11":{"start":{"line":18,"column":21},"end":{"line":18,"column":37}},"12":{"start":{"line":19,"column":21},"end":{"line":19,"column":43}},"13":{"start":{"line":20,"column":21},"end":{"line":20,"column":38}},"14":{"start":{"line":21,"column":21},"end":{"line":21,"column":42}},"15":{"start":{"line":25,"column":4},"end":{"line":27,"column":5}},"16":{"start":{"line":26,"column":6},"end":{"line":26,"column":47}},"17":{"start":{"line":28,"column":19},"end":{"line":30,"column":6}},"18":{"start":{"line":31,"column":4},"end":{"line":33,"column":5}},"19":{"start":{"line":32,"column":6},"end":{"line":32,"column":22}},"20":{"start":{"line":34,"column":19},"end":{"line":37,"column":6}},"21":{"start":{"line":38,"column":4},"end":{"line":38,"column":40}},"22":{"start":{"line":39,"column":4},"end":{"line":39,"column":61}},"23":{"start":{"line":41,"column":4},"end":{"line":60,"column":5}},"24":{"start":{"line":42,"column":19},"end":{"line":44,"column":null}},"25":{"start":{"line":46,"column":6},"end":{"line":55,"column":7}},"26":{"start":{"line":47,"column":26},"end":{"line":47,"column":89}},"27":{"start":{"line":48,"column":8},"end":{"line":50,"column":10}},"28":{"start":{"line":49,"column":38},"end":{"line":49,"column":88}},"29":{"start":{"line":51,"column":8},"end":{"line":51,"column":56}},"30":{"start":{"line":52,"column":8},"end":{"line":54,"column":10}},"31":{"start":{"line":57,"column":6},"end":{"line":59,"column":8}},"32":{"start":{"line":61,"column":4},"end":{"line":61,"column":69}},"33":{"start":{"line":62,"column":4},"end":{"line":62,"column":18}},"34":{"start":{"line":66,"column":19},"end":{"line":69,"column":6}},"35":{"start":{"line":70,"column":4},"end":{"line":73,"column":5}},"36":{"start":{"line":71,"column":6},"end":{"line":71,"column":73}},"37":{"start":{"line":72,"column":6},"end":{"line":72,"column":18}},"38":{"start":{"line":74,"column":4},"end":{"line":74,"column":17}},"39":{"start":{"line":78,"column":17},"end":{"line":81,"column":6}},"40":{"start":{"line":82,"column":4},"end":{"line":82,"column":41}},"41":{"start":{"line":82,"column":27},"end":{"line":82,"column":39}},"42":{"start":{"line":87,"column":17},"end":{"line":90,"column":6}},"43":{"start":{"line":91,"column":4},"end":{"line":91,"column":41}},"44":{"start":{"line":91,"column":27},"end":{"line":91,"column":39}},"45":{"start":{"line":95,"column":17},"end":{"line":98,"column":6}},"46":{"start":{"line":99,"column":4},"end":{"line":99,"column":38}},"47":{"start":{"line":99,"column":27},"end":{"line":99,"column":36}},"48":{"start":{"line":104,"column":16},"end":{"line":106,"column":6}},"49":{"start":{"line":107,"column":4},"end":{"line":107,"column":17}},"50":{"start":{"line":112,"column":18},"end":{"line":118,"column":17}},"51":{"start":{"line":119,"column":4},"end":{"line":119,"column":21}},"52":{"start":{"line":12,"column":13},"end":{"line":12,"column":27}},"53":{"start":{"line":12,"column":13},"end":{"line":121,"column":null}}},"fnMap":{"0":{"name":"(anonymous_4)","decl":{"start":{"line":15,"column":2},"end":{"line":15,"column":null}},"loc":{"start":{"line":21,"column":61},"end":{"line":22,"column":6}}},"1":{"name":"(anonymous_5)","decl":{"start":{"line":24,"column":2},"end":{"line":24,"column":7}},"loc":{"start":{"line":24,"column":50},"end":{"line":63,"column":3}}},"2":{"name":"(anonymous_6)","decl":{"start":{"line":49,"column":24},"end":{"line":49,"column":25}},"loc":{"start":{"line":49,"column":38},"end":{"line":49,"column":88}}},"3":{"name":"(anonymous_7)","decl":{"start":{"line":65,"column":2},"end":{"line":65,"column":7}},"loc":{"start":{"line":65,"column":52},"end":{"line":75,"column":3}}},"4":{"name":"(anonymous_8)","decl":{"start":{"line":77,"column":2},"end":{"line":77,"column":7}},"loc":{"start":{"line":77,"column":43},"end":{"line":83,"column":3}}},"5":{"name":"(anonymous_9)","decl":{"start":{"line":82,"column":20},"end":{"line":82,"column":21}},"loc":{"start":{"line":82,"column":27},"end":{"line":82,"column":39}}},"6":{"name":"(anonymous_10)","decl":{"start":{"line":86,"column":2},"end":{"line":86,"column":7}},"loc":{"start":{"line":86,"column":45},"end":{"line":92,"column":3}}},"7":{"name":"(anonymous_11)","decl":{"start":{"line":91,"column":20},"end":{"line":91,"column":21}},"loc":{"start":{"line":91,"column":27},"end":{"line":91,"column":39}}},"8":{"name":"(anonymous_12)","decl":{"start":{"line":94,"column":2},"end":{"line":94,"column":7}},"loc":{"start":{"line":94,"column":41},"end":{"line":100,"column":3}}},"9":{"name":"(anonymous_13)","decl":{"start":{"line":99,"column":20},"end":{"line":99,"column":21}},"loc":{"start":{"line":99,"column":27},"end":{"line":99,"column":36}}},"10":{"name":"(anonymous_14)","decl":{"start":{"line":103,"column":2},"end":{"line":103,"column":7}},"loc":{"start":{"line":103,"column":54},"end":{"line":108,"column":3}}},"11":{"name":"(anonymous_15)","decl":{"start":{"line":111,"column":2},"end":{"line":111,"column":7}},"loc":{"start":{"line":111,"column":58},"end":{"line":120,"column":3}}}},"branchMap":{"0":{"loc":{"start":{"line":25,"column":4},"end":{"line":27,"column":5}},"type":"if","locations":[{"start":{"line":25,"column":4},"end":{"line":27,"column":5}},{"start":{},"end":{}}]},"1":{"loc":{"start":{"line":31,"column":4},"end":{"line":33,"column":5}},"type":"if","locations":[{"start":{"line":31,"column":4},"end":{"line":33,"column":5}},{"start":{},"end":{}}]},"2":{"loc":{"start":{"line":46,"column":6},"end":{"line":55,"column":7}},"type":"if","locations":[{"start":{"line":46,"column":6},"end":{"line":55,"column":7}},{"start":{},"end":{}}]},"3":{"loc":{"start":{"line":70,"column":4},"end":{"line":73,"column":5}},"type":"if","locations":[{"start":{"line":70,"column":4},"end":{"line":73,"column":5}},{"start":{},"end":{}}]},"4":{"loc":{"start":{"line":70,"column":8},"end":{"line":70,"column":46}},"type":"binary-expr","locations":[{"start":{"line":70,"column":8},"end":{"line":70,"column":23}},{"start":{"line":70,"column":27},"end":{"line":70,"column":46}}]}},"s":{"0":5,"1":5,"2":5,"3":5,"4":5,"5":5,"6":5,"7":5,"8":5,"9":1,"10":1,"11":1,"12":1,"13":1,"14":1,"15":1,"16":0,"17":1,"18":1,"19":0,"20":1,"21":1,"22":1,"23":1,"24":1,"25":1,"26":1,"27":1,"28":2,"29":1,"30":1,"31":0,"32":1,"33":1,"34":0,"35":0,"36":0,"37":0,"38":0,"39":0,"40":0,"41":0,"42":0,"43":0,"44":0,"45":0,"46":0,"47":0,"48":0,"49":0,"50":0,"51":0,"52":5,"53":5},"f":{"0":1,"1":1,"2":2,"3":0,"4":0,"5":0,"6":0,"7":0,"8":0,"9":0,"10":0,"11":0},"b":{"0":[0,1],"1":[0,1],"2":[1,0],"3":[0,0],"4":[0,0]}}
,"C:\\Users\\Lentach\\Desktop\\Fireplace\\backend\\src\\chat\\chat-validation.module.ts": {"path":"C:\\Users\\Lentach\\Desktop\\Fireplace\\backend\\src\\chat\\chat-validation.module.ts","statementMap":{"0":{"start":{"line":1,"column":0},"end":{"line":1,"column":40}},"1":{"start":{"line":2,"column":0},"end":{"line":2,"column":58}},"2":{"start":{"line":3,"column":0},"end":{"line":3,"column":58}},"3":{"start":{"line":4,"column":0},"end":{"line":4,"column":75}},"4":{"start":{"line":11,"column":7},"end":{"line":11,"column":null}},"5":{"start":{"line":11,"column":13},"end":{"line":11,"column":33}},"6":{"start":{"line":11,"column":13},"end":{"line":11,"column":null}}},"fnMap":{},"branchMap":{},"s":{"0":0,"1":0,"2":0,"3":0,"4":0,"5":0,"6":0},"f":{},"b":{}}
,"C:\\Users\\Lentach\\Desktop\\Fireplace\\backend\\src\\chat\\chat.gateway.ts": {"path":"C:\\Users\\Lentach\\Desktop\\Fireplace\\backend\\src\\chat\\chat.gateway.ts","statementMap":{"0":{"start":{"line":1,"column":0},"end":{"line":1,"column":null}},"1":{"start":{"line":10,"column":0},"end":{"line":10,"column":43}},"2":{"start":{"line":11,"column":0},"end":{"line":11,"column":41}},"3":{"start":{"line":12,"column":0},"end":{"line":12,"column":51}},"4":{"start":{"line":13,"column":0},"end":{"line":13,"column":45}},"5":{"start":{"line":14,"column":0},"end":{"line":14,"column":63}},"6":{"start":{"line":15,"column":0},"end":{"line":15,"column":54}},"7":{"start":{"line":16,"column":0},"end":{"line":16,"column":69}},"8":{"start":{"line":17,"column":0},"end":{"line":17,"column":82}},"9":{"start":{"line":18,"column":0},"end":{"line":18,"column":79}},"10":{"start":{"line":19,"column":0},"end":{"line":19,"column":78}},"11":{"start":{"line":20,"column":0},"end":{"line":20,"column":71}},"12":{"start":{"line":21,"column":0},"end":{"line":21,"column":65}},"13":{"start":{"line":22,"column":0},"end":{"line":22,"column":67}},"14":{"start":{"line":23,"column":0},"end":{"line":23,"column":71}},"15":{"start":{"line":27,"column":18},"end":{"line":29,"column":25}},"16":{"start":{"line":29,"column":16},"end":{"line":29,"column":24}},"17":{"start":{"line":30,"column":17},"end":{"line":30,"column":54}},"18":{"start":{"line":31,"column":2},"end":{"line":51,"column":4}},"19":{"start":{"line":32,"column":4},"end":{"line":35,"column":5}},"20":{"start":{"line":33,"column":6},"end":{"line":33,"column":21}},"21":{"start":{"line":34,"column":6},"end":{"line":34,"column":13}},"22":{"start":{"line":36,"column":4},"end":{"line":39,"column":5}},"23":{"start":{"line":37,"column":6},"end":{"line":37,"column":21}},"24":{"start":{"line":38,"column":6},"end":{"line":38,"column":13}},"25":{"start":{"line":40,"column":4},"end":{"line":49,"column":5}},"26":{"start":{"line":47,"column":6},"end":{"line":47,"column":21}},"27":{"start":{"line":48,"column":6},"end":{"line":48,"column":13}},"28":{"start":{"line":50,"column":4},"end":{"line":50,"column":48}},"29":{"start":{"line":56,"column":24},"end":{"line":446,"column":null}},"30":{"start":{"line":57,"column":28},"end":{"line":57,"column":56}},"31":{"start":{"line":63,"column":24},"end":{"line":63,"column":49}},"32":{"start":{"line":66,"column":12},"end":{"line":66,"column":24}},"33":{"start":{"line":67,"column":12},"end":{"line":67,"column":26}},"34":{"start":{"line":68,"column":12},"end":{"line":68,"column":32}},"35":{"start":{"line":69,"column":12},"end":{"line":69,"column":38}},"36":{"start":{"line":70,"column":12},"end":{"line":70,"column":37}},"37":{"start":{"line":71,"column":12},"end":{"line":71,"column":36}},"38":{"start":{"line":72,"column":12},"end":{"line":72,"column":33}},"39":{"start":{"line":73,"column":12},"end":{"line":73,"column":30}},"40":{"start":{"line":74,"column":12},"end":{"line":74,"column":31}},"41":{"start":{"line":75,"column":12},"end":{"line":75,"column":33}},"42":{"start":{"line":80,"column":4},"end":{"line":107,"column":5}},"43":{"start":{"line":81,"column":20},"end":{"line":81,"column":58}},"44":{"start":{"line":83,"column":6},"end":{"line":86,"column":7}},"45":{"start":{"line":84,"column":8},"end":{"line":84,"column":28}},"46":{"start":{"line":85,"column":8},"end":{"line":85,"column":15}},"47":{"start":{"line":88,"column":22},"end":{"line":88,"column":51}},"48":{"start":{"line":89,"column":19},"end":{"line":89,"column":64}},"49":{"start":{"line":91,"column":6},"end":{"line":94,"column":7}},"50":{"start":{"line":92,"column":8},"end":{"line":92,"column":28}},"51":{"start":{"line":93,"column":8},"end":{"line":93,"column":15}},"52":{"start":{"line":96,"column":6},"end":{"line":100,"column":8}},"53":{"start":{"line":101,"column":6},"end":{"line":101,"column":47}},"54":{"start":{"line":103,"column":6},"end":{"line":103,"column":83}},"55":{"start":{"line":105,"column":6},"end":{"line":105,"column":69}},"56":{"start":{"line":106,"column":6},"end":{"line":106,"column":26}},"57":{"start":{"line":111,"column":4},"end":{"line":114,"column":5}},"58":{"start":{"line":112,"column":6},"end":{"line":112,"column":51}},"59":{"start":{"line":113,"column":6},"end":{"line":113,"column":75}},"60":{"start":{"line":127,"column":4},"end":{"line":132,"column":6}},"61":{"start":{"line":142,"column":4},"end":{"line":142,"column":67}},"62":{"start":{"line":150,"column":4},"end":{"line":155,"column":6}},"63":{"start":{"line":163,"column":4},"end":{"line":168,"column":6}},"64":{"start":{"line":178,"column":4},"end":{"line":183,"column":6}},"65":{"start":{"line":193,"column":4},"end":{"line":198,"column":6}},"66":{"start":{"line":208,"column":4},"end":{"line":208,"column":94}},"67":{"start":{"line":218,"column":4},"end":{"line":218,"column":99}},"68":{"start":{"line":228,"column":4},"end":{"line":228,"column":102}},"69":{"start":{"line":236,"column":4},"end":{"line":236,"column":102}},"70":{"start":{"line":246,"column":4},"end":{"line":246,"column":75}},"71":{"start":{"line":256,"column":4},"end":{"line":256,"column":80}},"72":{"start":{"line":265,"column":4},"end":{"line":270,"column":6}},"73":{"start":{"line":280,"column":4},"end":{"line":285,"column":6}},"74":{"start":{"line":297,"column":4},"end":{"line":302,"column":6}},"75":{"start":{"line":309,"column":4},"end":{"line":309,"column":71}},"76":{"start":{"line":319,"column":4},"end":{"line":324,"column":6}},"77":{"start":{"line":334,"column":4},"end":{"line":339,"column":6}},"78":{"start":{"line":351,"column":4},"end":{"line":351,"column":66}},"79":{"start":{"line":361,"column":4},"end":{"line":366,"column":6}},"80":{"start":{"line":374,"column":4},"end":{"line":379,"column":6}},"81":{"start":{"line":387,"column":4},"end":{"line":390,"column":6}},"82":{"start":{"line":397,"column":4},"end":{"line":397,"column":73}},"83":{"start":{"line":404,"column":4},"end":{"line":404,"column":66}},"84":{"start":{"line":414,"column":4},"end":{"line":419,"column":6}},"85":{"start":{"line":429,"column":4},"end":{"line":429,"column":94}},"86":{"start":{"line":437,"column":4},"end":{"line":437,"column":65}},"87":{"start":{"line":444,"column":4},"end":{"line":444,"column":62}},"88":{"start":{"line":56,"column":13},"end":{"line":56,"column":24}},"89":{"start":{"line":60,"column":2},"end":{"line":60,"column":null}},"90":{"start":{"line":123,"column":8},"end":{"line":133,"column":null}},"91":{"start":{"line":138,"column":8},"end":{"line":143,"column":null}},"92":{"start":{"line":146,"column":8},"end":{"line":156,"column":null}},"93":{"start":{"line":159,"column":8},"end":{"line":169,"column":null}},"94":{"start":{"line":174,"column":2},"end":{"line":184,"column":null}},"95":{"start":{"line":189,"column":2},"end":{"line":199,"column":null}},"96":{"start":{"line":204,"column":2},"end":{"line":209,"column":null}},"97":{"start":{"line":214,"column":8},"end":{"line":219,"column":null}},"98":{"start":{"line":224,"column":8},"end":{"line":229,"column":null}},"99":{"start":{"line":232,"column":2},"end":{"line":237,"column":null}},"100":{"start":{"line":242,"column":8},"end":{"line":247,"column":null}},"101":{"start":{"line":252,"column":8},"end":{"line":257,"column":null}},"102":{"start":{"line":261,"column":8},"end":{"line":271,"column":null}},"103":{"start":{"line":276,"column":8},"end":{"line":286,"column":null}},"104":{"start":{"line":293,"column":8},"end":{"line":303,"column":null}},"105":{"start":{"line":308,"column":8},"end":{"line":310,"column":null}},"106":{"start":{"line":315,"column":8},"end":{"line":325,"column":null}},"107":{"start":{"line":330,"column":8},"end":{"line":340,"column":null}},"108":{"start":{"line":347,"column":8},"end":{"line":352,"column":null}},"109":{"start":{"line":357,"column":8},"end":{"line":367,"column":null}},"110":{"start":{"line":370,"column":8},"end":{"line":380,"column":null}},"111":{"start":{"line":383,"column":8},"end":{"line":391,"column":null}},"112":{"start":{"line":396,"column":8},"end":{"line":398,"column":null}},"113":{"start":{"line":403,"column":8},"end":{"line":405,"column":null}},"114":{"start":{"line":410,"column":8},"end":{"line":420,"column":null}},"115":{"start":{"line":425,"column":8},"end":{"line":430,"column":null}},"116":{"start":{"line":433,"column":8},"end":{"line":438,"column":null}},"117":{"start":{"line":443,"column":8},"end":{"line":445,"column":null}},"118":{"start":{"line":56,"column":13},"end":{"line":446,"column":null}}},"fnMap":{"0":{"name":"buildCorsOrigin","decl":{"start":{"line":26,"column":9},"end":{"line":26,"column":24}},"loc":{"start":{"line":26,"column":24},"end":{"line":52,"column":1}}},"1":{"name":"(anonymous_5)","decl":{"start":{"line":29,"column":9},"end":{"line":29,"column":10}},"loc":{"start":{"line":29,"column":16},"end":{"line":29,"column":24}}},"2":{"name":"(anonymous_6)","decl":{"start":{"line":31,"column":9},"end":{"line":31,"column":10}},"loc":{"start":{"line":31,"column":78},"end":{"line":51,"column":3}}},"3":{"name":"(anonymous_7)","decl":{"start":{"line":65,"column":2},"end":{"line":65,"column":null}},"loc":{"start":{"line":75,"column":52},"end":{"line":76,"column":6}}},"4":{"name":"(anonymous_8)","decl":{"start":{"line":79,"column":2},"end":{"line":79,"column":7}},"loc":{"start":{"line":79,"column":39},"end":{"line":108,"column":3}}},"5":{"name":"(anonymous_9)","decl":{"start":{"line":110,"column":2},"end":{"line":110,"column":18}},"loc":{"start":{"line":110,"column":33},"end":{"line":115,"column":3}}},"6":{"name":"(anonymous_10)","decl":{"start":{"line":123,"column":8},"end":{"line":123,"column":25}},"loc":{"start":{"line":125,"column":28},"end":{"line":133,"column":3}}},"7":{"name":"(anonymous_11)","decl":{"start":{"line":138,"column":8},"end":{"line":138,"column":25}},"loc":{"start":{"line":140,"column":28},"end":{"line":143,"column":3}}},"8":{"name":"(anonymous_12)","decl":{"start":{"line":146,"column":8},"end":{"line":146,"column":30}},"loc":{"start":{"line":148,"column":28},"end":{"line":156,"column":3}}},"9":{"name":"(anonymous_13)","decl":{"start":{"line":159,"column":8},"end":{"line":159,"column":34}},"loc":{"start":{"line":161,"column":28},"end":{"line":169,"column":3}}},"10":{"name":"(anonymous_14)","decl":{"start":{"line":174,"column":2},"end":{"line":174,"column":24}},"loc":{"start":{"line":176,"column":28},"end":{"line":184,"column":3}}},"11":{"name":"(anonymous_15)","decl":{"start":{"line":189,"column":2},"end":{"line":189,"column":21}},"loc":{"start":{"line":191,"column":28},"end":{"line":199,"column":3}}},"12":{"name":"(anonymous_16)","decl":{"start":{"line":204,"column":2},"end":{"line":204,"column":14}},"loc":{"start":{"line":206,"column":28},"end":{"line":209,"column":3}}},"13":{"name":"(anonymous_17)","decl":{"start":{"line":214,"column":8},"end":{"line":214,"column":25}},"loc":{"start":{"line":216,"column":28},"end":{"line":219,"column":3}}},"14":{"name":"(anonymous_18)","decl":{"start":{"line":224,"column":8},"end":{"line":224,"column":28}},"loc":{"start":{"line":226,"column":28},"end":{"line":229,"column":3}}},"15":{"name":"(anonymous_19)","decl":{"start":{"line":232,"column":2},"end":{"line":232,"column":22}},"loc":{"start":{"line":234,"column":28},"end":{"line":237,"column":3}}},"16":{"name":"(anonymous_20)","decl":{"start":{"line":242,"column":8},"end":{"line":242,"column":29}},"loc":{"start":{"line":244,"column":28},"end":{"line":247,"column":3}}},"17":{"name":"(anonymous_21)","decl":{"start":{"line":252,"column":8},"end":{"line":252,"column":34}},"loc":{"start":{"line":254,"column":28},"end":{"line":257,"column":3}}},"18":{"name":"(anonymous_22)","decl":{"start":{"line":261,"column":8},"end":{"line":261,"column":31}},"loc":{"start":{"line":263,"column":28},"end":{"line":271,"column":3}}},"19":{"name":"(anonymous_23)","decl":{"start":{"line":276,"column":8},"end":{"line":276,"column":35}},"loc":{"start":{"line":278,"column":28},"end":{"line":286,"column":3}}},"20":{"name":"(anonymous_24)","decl":{"start":{"line":293,"column":8},"end":{"line":293,"column":31}},"loc":{"start":{"line":295,"column":28},"end":{"line":303,"column":3}}},"21":{"name":"(anonymous_25)","decl":{"start":{"line":308,"column":8},"end":{"line":308,"column":30}},"loc":{"start":{"line":308,"column":64},"end":{"line":310,"column":3}}},"22":{"name":"(anonymous_26)","decl":{"start":{"line":315,"column":8},"end":{"line":315,"column":36}},"loc":{"start":{"line":317,"column":28},"end":{"line":325,"column":3}}},"23":{"name":"(anonymous_27)","decl":{"start":{"line":330,"column":8},"end":{"line":330,"column":34}},"loc":{"start":{"line":332,"column":28},"end":{"line":340,"column":3}}},"24":{"name":"(anonymous_28)","decl":{"start":{"line":347,"column":8},"end":{"line":347,"column":25}},"loc":{"start":{"line":349,"column":28},"end":{"line":352,"column":3}}},"25":{"name":"(anonymous_29)","decl":{"start":{"line":357,"column":8},"end":{"line":357,"column":31}},"loc":{"start":{"line":359,"column":28},"end":{"line":367,"column":3}}},"26":{"name":"(anonymous_30)","decl":{"start":{"line":370,"column":8},"end":{"line":370,"column":33}},"loc":{"start":{"line":372,"column":28},"end":{"line":380,"column":3}}},"27":{"name":"(anonymous_31)","decl":{"start":{"line":383,"column":8},"end":{"line":383,"column":33}},"loc":{"start":{"line":385,"column":28},"end":{"line":391,"column":3}}},"28":{"name":"(anonymous_32)","decl":{"start":{"line":396,"column":8},"end":{"line":396,"column":31}},"loc":{"start":{"line":396,"column":65},"end":{"line":398,"column":3}}},"29":{"name":"(anonymous_33)","decl":{"start":{"line":403,"column":8},"end":{"line":403,"column":24}},"loc":{"start":{"line":403,"column":58},"end":{"line":405,"column":3}}},"30":{"name":"(anonymous_34)","decl":{"start":{"line":410,"column":8},"end":{"line":410,"column":22}},"loc":{"start":{"line":412,"column":28},"end":{"line":420,"column":3}}},"31":{"name":"(anonymous_35)","decl":{"start":{"line":425,"column":8},"end":{"line":425,"column":23}},"loc":{"start":{"line":427,"column":28},"end":{"line":430,"column":3}}},"32":{"name":"(anonymous_36)","decl":{"start":{"line":433,"column":8},"end":{"line":433,"column":25}},"loc":{"start":{"line":435,"column":28},"end":{"line":438,"column":3}}},"33":{"name":"(anonymous_37)","decl":{"start":{"line":443,"column":8},"end":{"line":443,"column":28}},"loc":{"start":{"line":443,"column":62},"end":{"line":445,"column":3}}}},"branchMap":{"0":{"loc":{"start":{"line":27,"column":19},"end":{"line":27,"column":73}},"type":"binary-expr","locations":[{"start":{"line":27,"column":19},"end":{"line":27,"column":46}},{"start":{"line":27,"column":50},"end":{"line":27,"column":73}}]},"1":{"loc":{"start":{"line":32,"column":4},"end":{"line":35,"column":5}},"type":"if","locations":[{"start":{"line":32,"column":4},"end":{"line":35,"column":5}},{"start":{},"end":{}}]},"2":{"loc":{"start":{"line":36,"column":4},"end":{"line":39,"column":5}},"type":"if","locations":[{"start":{"line":36,"column":4},"end":{"line":39,"column":5}},{"start":{},"end":{}}]},"3":{"loc":{"start":{"line":40,"column":4},"end":{"line":49,"column":5}},"type":"if","locations":[{"start":{"line":40,"column":4},"end":{"line":49,"column":5}},{"start":{},"end":{}}]},"4":{"loc":{"start":{"line":41,"column":6},"end":{"line":45,"column":40}},"type":"binary-expr","locations":[{"start":{"line":41,"column":6},"end":{"line":41,"column":13}},{"start":{"line":42,"column":7},"end":{"line":42,"column":45}},{"start":{"line":43,"column":8},"end":{"line":43,"column":46}},{"start":{"line":44,"column":8},"end":{"line":44,"column":44}},{"start":{"line":45,"column":8},"end":{"line":45,"column":39}}]},"5":{"loc":{"start":{"line":83,"column":6},"end":{"line":86,"column":7}},"type":"if","locations":[{"start":{"line":83,"column":6},"end":{"line":86,"column":7}},{"start":{},"end":{}}]},"6":{"loc":{"start":{"line":91,"column":6},"end":{"line":94,"column":7}},"type":"if","locations":[{"start":{"line":91,"column":6},"end":{"line":94,"column":7}},{"start":{},"end":{}}]},"7":{"loc":{"start":{"line":111,"column":4},"end":{"line":114,"column":5}},"type":"if","locations":[{"start":{"line":111,"column":4},"end":{"line":114,"column":5}},{"start":{},"end":{}}]}},"s":{"0":0,"1":0,"2":0,"3":0,"4":0,"5":0,"6":0,"7":0,"8":0,"9":0,"10":0,"11":0,"12":0,"13":0,"14":0,"15":0,"16":0,"17":0,"18":0,"19":0,"20":0,"21":0,"22":0,"23":0,"24":0,"25":0,"26":0,"27":0,"28":0,"29":0,"30":0,"31":0,"32":0,"33":0,"34":0,"35":0,"36":0,"37":0,"38":0,"39":0,"40":0,"41":0,"42":0,"43":0,"44":0,"45":0,"46":0,"47":0,"48":0,"49":0,"50":0,"51":0,"52":0,"53":0,"54":0,"55":0,"56":0,"57":0,"58":0,"59":0,"60":0,"61":0,"62":0,"63":0,"64":0,"65":0,"66":0,"67":0,"68":0,"69":0,"70":0,"71":0,"72":0,"73":0,"74":0,"75":0,"76":0,"77":0,"78":0,"79":0,"80":0,"81":0,"82":0,"83":0,"84":0,"85":0,"86":0,"87":0,"88":0,"89":0,"90":0,"91":0,"92":0,"93":0,"94":0,"95":0,"96":0,"97":0,"98":0,"99":0,"100":0,"101":0,"102":0,"103":0,"104":0,"105":0,"106":0,"107":0,"108":0,"109":0,"110":0,"111":0,"112":0,"113":0,"114":0,"115":0,"116":0,"117":0,"118":0},"f":{"0":0,"1":0,"2":0,"3":0,"4":0,"5":0,"6":0,"7":0,"8":0,"9":0,"10":0,"11":0,"12":0,"13":0,"14":0,"15":0,"16":0,"17":0,"18":0,"19":0,"20":0,"21":0,"22":0,"23":0,"24":0,"25":0,"26":0,"27":0,"28":0,"29":0,"30":0,"31":0,"32":0,"33":0},"b":{"0":[0,0],"1":[0,0],"2":[0,0],"3":[0,0],"4":[0,0,0,0,0],"5":[0,0],"6":[0,0],"7":[0,0]}}
,"C:\\Users\\Lentach\\Desktop\\Fireplace\\backend\\src\\chat\\chat.module.ts": {"path":"C:\\Users\\Lentach\\Desktop\\Fireplace\\backend\\src\\chat\\chat.module.ts","statementMap":{"0":{"start":{"line":1,"column":0},"end":{"line":1,"column":40}},"1":{"start":{"line":2,"column":0},"end":{"line":2,"column":45}},"2":{"start":{"line":3,"column":0},"end":{"line":3,"column":63}},"3":{"start":{"line":4,"column":0},"end":{"line":4,"column":69}},"4":{"start":{"line":5,"column":0},"end":{"line":5,"column":82}},"5":{"start":{"line":6,"column":0},"end":{"line":6,"column":79}},"6":{"start":{"line":7,"column":0},"end":{"line":7,"column":78}},"7":{"start":{"line":8,"column":0},"end":{"line":8,"column":71}},"8":{"start":{"line":9,"column":0},"end":{"line":9,"column":65}},"9":{"start":{"line":10,"column":0},"end":{"line":10,"column":67}},"10":{"start":{"line":11,"column":0},"end":{"line":11,"column":71}},"11":{"start":{"line":12,"column":0},"end":{"line":12,"column":78}},"12":{"start":{"line":13,"column":0},"end":{"line":13,"column":64}},"13":{"start":{"line":14,"column":0},"end":{"line":14,"column":67}},"14":{"start":{"line":15,"column":0},"end":{"line":15,"column":49}},"15":{"start":{"line":16,"column":0},"end":{"line":16,"column":52}},"16":{"start":{"line":17,"column":0},"end":{"line":17,"column":76}},"17":{"start":{"line":18,"column":0},"end":{"line":18,"column":61}},"18":{"start":{"line":19,"column":0},"end":{"line":19,"column":58}},"19":{"start":{"line":20,"column":0},"end":{"line":20,"column":58}},"20":{"start":{"line":21,"column":0},"end":{"line":21,"column":69}},"21":{"start":{"line":22,"column":0},"end":{"line":22,"column":90}},"22":{"start":{"line":51,"column":7},"end":{"line":51,"column":null}},"23":{"start":{"line":51,"column":13},"end":{"line":51,"column":23}},"24":{"start":{"line":51,"column":13},"end":{"line":51,"column":null}}},"fnMap":{},"branchMap":{},"s":{"0":0,"1":0,"2":0,"3":0,"4":0,"5":0,"6":0,"7":0,"8":0,"9":0,"10":0,"11":0,"12":0,"13":0,"14":0,"15":0,"16":0,"17":0,"18":0,"19":0,"20":0,"21":0,"22":0,"23":0,"24":0},"f":{},"b":{}}
,"C:\\Users\\Lentach\\Desktop\\Fireplace\\backend\\src\\chat\\dto\\chat.dto.ts": {"path":"C:\\Users\\Lentach\\Desktop\\Fireplace\\backend\\src\\chat\\dto\\chat.dto.ts","statementMap":{"0":{"start":{"line":1,"column":0},"end":{"line":1,"column":null}},"1":{"start":{"line":16,"column":28},"end":{"line":18,"column":null}},"2":{"start":{"line":20,"column":13},"end":{"line":22,"column":2}},"3":{"start":{"line":24,"column":0},"end":{"line":24,"column":13}},"4":{"start":{"line":27,"column":2},"end":{"line":27,"column":null}},"5":{"start":{"line":33,"column":2},"end":{"line":33,"column":null}},"6":{"start":{"line":30,"column":21},"end":{"line":30,"column":87}},"7":{"start":{"line":39,"column":2},"end":{"line":39,"column":29}},"8":{"start":{"line":46,"column":2},"end":{"line":46,"column":22}},"9":{"start":{"line":50,"column":2},"end":{"line":50,"column":19}},"10":{"start":{"line":54,"column":2},"end":{"line":54,"column":24}},"11":{"start":{"line":63,"column":2},"end":{"line":63,"column":21}},"12":{"start":{"line":58,"column":21},"end":{"line":58,"column":60}},"13":{"start":{"line":68,"column":2},"end":{"line":68,"column":26}},"14":{"start":{"line":73,"column":2},"end":{"line":73,"column":29}},"15":{"start":{"line":76,"column":0},"end":{"line":76,"column":13}},"16":{"start":{"line":79,"column":2},"end":{"line":79,"column":null}},"17":{"start":{"line":82,"column":0},"end":{"line":82,"column":13}},"18":{"start":{"line":87,"column":2},"end":{"line":87,"column":18}},"19":{"start":{"line":90,"column":0},"end":{"line":90,"column":13}},"20":{"start":{"line":93,"column":2},"end":{"line":93,"column":null}},"21":{"start":{"line":96,"column":0},"end":{"line":96,"column":13}},"22":{"start":{"line":99,"column":2},"end":{"line":99,"column":null}},"23":{"start":{"line":102,"column":0},"end":{"line":102,"column":13}},"24":{"start":{"line":105,"column":2},"end":{"line":105,"column":null}},"25":{"start":{"line":110,"column":2},"end":{"line":110,"column":null}},"26":{"start":{"line":115,"column":2},"end":{"line":115,"column":null}},"27":{"start":{"line":118,"column":0},"end":{"line":118,"column":13}},"28":{"start":{"line":121,"column":2},"end":{"line":121,"column":null}},"29":{"start":{"line":124,"column":0},"end":{"line":124,"column":13}},"30":{"start":{"line":127,"column":2},"end":{"line":127,"column":null}},"31":{"start":{"line":130,"column":0},"end":{"line":130,"column":13}},"32":{"start":{"line":133,"column":2},"end":{"line":133,"column":null}},"33":{"start":{"line":136,"column":0},"end":{"line":136,"column":41}},"34":{"start":{"line":137,"column":0},"end":{"line":137,"column":45}},"35":{"start":{"line":138,"column":0},"end":{"line":138,"column":47}},"36":{"start":{"line":139,"column":0},"end":{"line":139,"column":37}},"37":{"start":{"line":141,"column":23},"end":{"line":141,"column":59}},"38":{"start":{"line":143,"column":0},"end":{"line":143,"column":13}},"39":{"start":{"line":146,"column":2},"end":{"line":146,"column":null}},"40":{"start":{"line":150,"column":2},"end":{"line":150,"column":null}},"41":{"start":{"line":153,"column":0},"end":{"line":153,"column":13}},"42":{"start":{"line":156,"column":2},"end":{"line":156,"column":null}},"43":{"start":{"line":160,"column":2},"end":{"line":160,"column":null}}},"fnMap":{"0":{"name":"(anonymous_6)","decl":{"start":{"line":30,"column":14},"end":{"line":30,"column":15}},"loc":{"start":{"line":30,"column":21},"end":{"line":30,"column":87}}},"1":{"name":"(anonymous_7)","decl":{"start":{"line":58,"column":14},"end":{"line":58,"column":15}},"loc":{"start":{"line":58,"column":21},"end":{"line":58,"column":60}}}},"branchMap":{"0":{"loc":{"start":{"line":16,"column":29},"end":{"line":16,"column":82}},"type":"binary-expr","locations":[{"start":{"line":16,"column":29},"end":{"line":16,"column":55}},{"start":{"line":16,"column":59},"end":{"line":16,"column":82}}]},"1":{"loc":{"start":{"line":30,"column":21},"end":{"line":30,"column":87}},"type":"binary-expr","locations":[{"start":{"line":30,"column":21},"end":{"line":30,"column":40}},{"start":{"line":30,"column":44},"end":{"line":30,"column":87}}]},"2":{"loc":{"start":{"line":58,"column":21},"end":{"line":58,"column":60}},"type":"binary-expr","locations":[{"start":{"line":58,"column":21},"end":{"line":58,"column":39}},{"start":{"line":58,"column":43},"end":{"line":58,"column":60}}]}},"s":{"0":8,"1":8,"2":8,"3":8,"4":8,"5":8,"6":44,"7":8,"8":8,"9":8,"10":8,"11":8,"12":44,"13":8,"14":8,"15":8,"16":8,"17":8,"18":8,"19":8,"20":8,"21":8,"22":8,"23":8,"24":8,"25":8,"26":8,"27":8,"28":8,"29":8,"30":8,"31":8,"32":8,"33":8,"34":8,"35":8,"36":8,"37":8,"38":8,"39":8,"40":8,"41":8,"42":8,"43":8},"f":{"0":44,"1":44},"b":{"0":[8,8],"1":[44,29],"2":[44,25]}}
,"C:\\Users\\Lentach\\Desktop\\Fireplace\\backend\\src\\chat\\dto\\clear-chat-history.dto.ts": {"path":"C:\\Users\\Lentach\\Desktop\\Fireplace\\backend\\src\\chat\\dto\\clear-chat-history.dto.ts","statementMap":{"0":{"start":{"line":1,"column":0},"end":{"line":1,"column":43}},"1":{"start":{"line":3,"column":0},"end":{"line":3,"column":13}},"2":{"start":{"line":5,"column":2},"end":{"line":5,"column":null}}},"fnMap":{},"branchMap":{},"s":{"0":8,"1":8,"2":8},"f":{},"b":{}}
,"C:\\Users\\Lentach\\Desktop\\Fireplace\\backend\\src\\chat\\dto\\delete-conversation-only.dto.ts": {"path":"C:\\Users\\Lentach\\Desktop\\Fireplace\\backend\\src\\chat\\dto\\delete-conversation-only.dto.ts","statementMap":{"0":{"start":{"line":1,"column":0},"end":{"line":1,"column":40}},"1":{"start":{"line":3,"column":0},"end":{"line":3,"column":13}},"2":{"start":{"line":5,"column":2},"end":{"line":5,"column":null}}},"fnMap":{},"branchMap":{},"s":{"0":8,"1":8,"2":8},"f":{},"b":{}}
,"C:\\Users\\Lentach\\Desktop\\Fireplace\\backend\\src\\chat\\dto\\delete-message.dto.ts": {"path":"C:\\Users\\Lentach\\Desktop\\Fireplace\\backend\\src\\chat\\dto\\delete-message.dto.ts","statementMap":{"0":{"start":{"line":1,"column":0},"end":{"line":1,"column":61}},"1":{"start":{"line":3,"column":0},"end":{"line":3,"column":13}},"2":{"start":{"line":6,"column":2},"end":{"line":6,"column":null}},"3":{"start":{"line":10,"column":2},"end":{"line":10,"column":null}}},"fnMap":{},"branchMap":{},"s":{"0":8,"1":8,"2":8,"3":8},"f":{},"b":{}}
,"C:\\Users\\Lentach\\Desktop\\Fireplace\\backend\\src\\chat\\dto\\fetch-pre-key-bundle.dto.ts": {"path":"C:\\Users\\Lentach\\Desktop\\Fireplace\\backend\\src\\chat\\dto\\fetch-pre-key-bundle.dto.ts","statementMap":{"0":{"start":{"line":1,"column":0},"end":{"line":1,"column":55}},"1":{"start":{"line":3,"column":0},"end":{"line":3,"column":13}},"2":{"start":{"line":6,"column":2},"end":{"line":6,"column":null}}},"fnMap":{},"branchMap":{},"s":{"0":1,"1":1,"2":1},"f":{},"b":{}}
,"C:\\Users\\Lentach\\Desktop\\Fireplace\\backend\\src\\chat\\dto\\mark-conversation-read.dto.ts": {"path":"C:\\Users\\Lentach\\Desktop\\Fireplace\\backend\\src\\chat\\dto\\mark-conversation-read.dto.ts","statementMap":{"0":{"start":{"line":1,"column":0},"end":{"line":1,"column":55}},"1":{"start":{"line":3,"column":0},"end":{"line":3,"column":13}},"2":{"start":{"line":6,"column":2},"end":{"line":6,"column":null}}},"fnMap":{},"branchMap":{},"s":{"0":1,"1":1,"2":1},"f":{},"b":{}}
,"C:\\Users\\Lentach\\Desktop\\Fireplace\\backend\\src\\chat\\dto\\message-delivered.dto.ts": {"path":"C:\\Users\\Lentach\\Desktop\\Fireplace\\backend\\src\\chat\\dto\\message-delivered.dto.ts","statementMap":{"0":{"start":{"line":1,"column":0},"end":{"line":1,"column":55}},"1":{"start":{"line":3,"column":0},"end":{"line":3,"column":13}},"2":{"start":{"line":6,"column":2},"end":{"line":6,"column":null}}},"fnMap":{},"branchMap":{},"s":{"0":1,"1":1,"2":1},"f":{},"b":{}}
,"C:\\Users\\Lentach\\Desktop\\Fireplace\\backend\\src\\chat\\dto\\recording-voice.dto.ts": {"path":"C:\\Users\\Lentach\\Desktop\\Fireplace\\backend\\src\\chat\\dto\\recording-voice.dto.ts","statementMap":{"0":{"start":{"line":1,"column":0},"end":{"line":1,"column":66}},"1":{"start":{"line":2,"column":0},"end":{"line":2,"column":46}},"2":{"start":{"line":4,"column":0},"end":{"line":4,"column":13}},"3":{"start":{"line":7,"column":2},"end":{"line":7,"column":null}},"4":{"start":{"line":11,"column":2},"end":{"line":11,"column":null}},"5":{"start":{"line":15,"column":2},"end":{"line":15,"column":null}},"6":{"start":{"line":13,"column":28},"end":{"line":13,"column":62}}},"fnMap":{"0":{"name":"(anonymous_2)","decl":{"start":{"line":13,"column":13},"end":{"line":13,"column":14}},"loc":{"start":{"line":13,"column":28},"end":{"line":13,"column":62}}}},"branchMap":{"0":{"loc":{"start":{"line":13,"column":28},"end":{"line":13,"column":62}},"type":"binary-expr","locations":[{"start":{"line":13,"column":28},"end":{"line":13,"column":42}},{"start":{"line":13,"column":46},"end":{"line":13,"column":62}}]}},"s":{"0":1,"1":1,"2":1,"3":1,"4":1,"5":1,"6":2},"f":{"0":2},"b":{"0":[2,0]}}
,"C:\\Users\\Lentach\\Desktop\\Fireplace\\backend\\src\\chat\\dto\\request-session-rebuild.dto.ts": {"path":"C:\\Users\\Lentach\\Desktop\\Fireplace\\backend\\src\\chat\\dto\\request-session-rebuild.dto.ts","statementMap":{"0":{"start":{"line":1,"column":0},"end":{"line":1,"column":55}},"1":{"start":{"line":3,"column":0},"end":{"line":3,"column":13}},"2":{"start":{"line":6,"column":2},"end":{"line":6,"column":null}}},"fnMap":{},"branchMap":{},"s":{"0":1,"1":1,"2":1},"f":{},"b":{}}
,"C:\\Users\\Lentach\\Desktop\\Fireplace\\backend\\src\\chat\\dto\\set-disappearing-timer.dto.ts": {"path":"C:\\Users\\Lentach\\Desktop\\Fireplace\\backend\\src\\chat\\dto\\set-disappearing-timer.dto.ts","statementMap":{"0":{"start":{"line":1,"column":0},"end":{"line":1,"column":55}},"1":{"start":{"line":3,"column":0},"end":{"line":3,"column":13}},"2":{"start":{"line":5,"column":2},"end":{"line":5,"column":null}},"3":{"start":{"line":9,"column":2},"end":{"line":9,"column":null}}},"fnMap":{},"branchMap":{},"s":{"0":8,"1":8,"2":8,"3":8},"f":{},"b":{}}
,"C:\\Users\\Lentach\\Desktop\\Fireplace\\backend\\src\\chat\\dto\\typing.dto.ts": {"path":"C:\\Users\\Lentach\\Desktop\\Fireplace\\backend\\src\\chat\\dto\\typing.dto.ts","statementMap":{"0":{"start":{"line":1,"column":0},"end":{"line":1,"column":55}},"1":{"start":{"line":3,"column":0},"end":{"line":3,"column":13}},"2":{"start":{"line":6,"column":2},"end":{"line":6,"column":null}},"3":{"start":{"line":10,"column":2},"end":{"line":10,"column":null}}},"fnMap":{},"branchMap":{},"s":{"0":1,"1":1,"2":1,"3":1},"f":{},"b":{}}
,"C:\\Users\\Lentach\\Desktop\\Fireplace\\backend\\src\\chat\\dto\\upload-key-bundle.dto.ts": {"path":"C:\\Users\\Lentach\\Desktop\\Fireplace\\backend\\src\\chat\\dto\\upload-key-bundle.dto.ts","statementMap":{"0":{"start":{"line":1,"column":0},"end":{"line":1,"column":81}},"1":{"start":{"line":3,"column":0},"end":{"line":3,"column":13}},"2":{"start":{"line":6,"column":2},"end":{"line":6,"column":null}},"3":{"start":{"line":10,"column":2},"end":{"line":10,"column":null}},"4":{"start":{"line":14,"column":2},"end":{"line":14,"column":null}},"5":{"start":{"line":18,"column":2},"end":{"line":18,"column":null}},"6":{"start":{"line":22,"column":2},"end":{"line":22,"column":null}}},"fnMap":{},"branchMap":{},"s":{"0":1,"1":1,"2":1,"3":1,"4":1,"5":1,"6":1},"f":{},"b":{}}
,"C:\\Users\\Lentach\\Desktop\\Fireplace\\backend\\src\\chat\\dto\\upload-one-time-pre-keys.dto.ts": {"path":"C:\\Users\\Lentach\\Desktop\\Fireplace\\backend\\src\\chat\\dto\\upload-one-time-pre-keys.dto.ts","statementMap":{"0":{"start":{"line":1,"column":0},"end":{"line":1,"column":null}},"1":{"start":{"line":9,"column":0},"end":{"line":9,"column":41}},"2":{"start":{"line":11,"column":0},"end":{"line":11,"column":13}},"3":{"start":{"line":14,"column":2},"end":{"line":14,"column":null}},"4":{"start":{"line":18,"column":2},"end":{"line":18,"column":null}},"5":{"start":{"line":21,"column":0},"end":{"line":21,"column":13}},"6":{"start":{"line":25,"column":2},"end":{"line":25,"column":null}},"7":{"start":{"line":24,"column":14},"end":{"line":24,"column":30}}},"fnMap":{"0":{"name":"(anonymous_2)","decl":{"start":{"line":24,"column":8},"end":{"line":24,"column":11}},"loc":{"start":{"line":24,"column":14},"end":{"line":24,"column":30}}}},"branchMap":{},"s":{"0":1,"1":1,"2":1,"3":1,"4":1,"5":1,"6":1,"7":2},"f":{"0":2},"b":{}}
,"C:\\Users\\Lentach\\Desktop\\Fireplace\\backend\\src\\chat\\guards\\ws-throttler.guard.ts": {"path":"C:\\Users\\Lentach\\Desktop\\Fireplace\\backend\\src\\chat\\guards\\ws-throttler.guard.ts","statementMap":{"0":{"start":{"line":1,"column":0},"end":{"line":1,"column":62}},"1":{"start":{"line":2,"column":0},"end":{"line":2,"column":51}},"2":{"start":{"line":6,"column":7},"end":{"line":31,"column":null}},"3":{"start":{"line":8,"column":19},"end":{"line":8,"column":59}},"4":{"start":{"line":11,"column":20},"end":{"line":15,"column":44}},"5":{"start":{"line":13,"column":8},"end":{"line":13,"column":20}},"6":{"start":{"line":16,"column":16},"end":{"line":19,"column":44}},"7":{"start":{"line":20,"column":4},"end":{"line":20,"column":33}},"8":{"start":{"line":24,"column":19},"end":{"line":24,"column":43}},"9":{"start":{"line":25,"column":4},"end":{"line":29,"column":6}},"10":{"start":{"line":6,"column":13},"end":{"line":6,"column":29}},"11":{"start":{"line":6,"column":13},"end":{"line":31,"column":null}}},"fnMap":{"0":{"name":"(anonymous_1)","decl":{"start":{"line":7,"column":12},"end":{"line":7,"column":30}},"loc":{"start":{"line":7,"column":56},"end":{"line":21,"column":3}}},"1":{"name":"(anonymous_2)","decl":{"start":{"line":12,"column":14},"end":{"line":12,"column":24}},"loc":{"start":{"line":12,"column":63},"end":{"line":14,"column":7}}},"2":{"name":"(anonymous_3)","decl":{"start":{"line":23,"column":12},"end":{"line":23,"column":17}},"loc":{"start":{"line":23,"column":57},"end":{"line":30,"column":3}}}},"branchMap":{"0":{"loc":{"start":{"line":17,"column":15},"end":{"line":17,"column":46}},"type":"binary-expr","locations":[{"start":{"line":17,"column":15},"end":{"line":17,"column":40}},{"start":{"line":17,"column":44},"end":{"line":17,"column":46}}]},"1":{"loc":{"start":{"line":26,"column":7},"end":{"line":28,"column":15}},"type":"binary-expr","locations":[{"start":{"line":26,"column":7},"end":{"line":26,"column":72}},{"start":{"line":27,"column":6},"end":{"line":27,"column":31}},{"start":{"line":28,"column":6},"end":{"line":28,"column":15}}]}},"s":{"0":1,"1":1,"2":1,"3":2,"4":2,"5":2,"6":2,"7":2,"8":3,"9":3,"10":1,"11":1},"f":{"0":2,"1":2,"2":3},"b":{"0":[2,0],"1":[3,2,1]}}
,"C:\\Users\\Lentach\\Desktop\\Fireplace\\backend\\src\\chat\\mappers\\conversation.mapper.ts": {"path":"C:\\Users\\Lentach\\Desktop\\Fireplace\\backend\\src\\chat\\mappers\\conversation.mapper.ts","statementMap":{"0":{"start":{"line":2,"column":0},"end":{"line":2,"column":43}},"1":{"start":{"line":4,"column":0},"end":{"line":4,"column":62}},"2":{"start":{"line":11,"column":4},"end":{"line":23,"column":6}},"3":{"start":{"line":6,"column":0},"end":{"line":6,"column":13}}},"fnMap":{"0":{"name":"(anonymous_0)","decl":{"start":{"line":7,"column":2},"end":{"line":7,"column":8}},"loc":{"start":{"line":9,"column":68},"end":{"line":24,"column":3}}}},"branchMap":{"0":{"loc":{"start":{"line":17,"column":19},"end":{"line":17,"column":44}},"type":"binary-expr","locations":[{"start":{"line":17,"column":19},"end":{"line":17,"column":39}},{"start":{"line":17,"column":43},"end":{"line":17,"column":44}}]},"1":{"loc":{"start":{"line":18,"column":19},"end":{"line":22,"column":14}},"type":"cond-expr","locations":[{"start":{"line":19,"column":10},"end":{"line":21,"column":12}},{"start":{"line":22,"column":10},"end":{"line":22,"column":14}}]}},"s":{"0":3,"1":3,"2":2,"3":3},"f":{"0":2},"b":{"0":[2,1],"1":[1,1]}}
,"C:\\Users\\Lentach\\Desktop\\Fireplace\\backend\\src\\chat\\mappers\\friend-request.mapper.ts": {"path":"C:\\Users\\Lentach\\Desktop\\Fireplace\\backend\\src\\chat\\mappers\\friend-request.mapper.ts","statementMap":{"0":{"start":{"line":2,"column":0},"end":{"line":2,"column":43}},"1":{"start":{"line":6,"column":4},"end":{"line":13,"column":6}},"2":{"start":{"line":4,"column":0},"end":{"line":4,"column":13}}},"fnMap":{"0":{"name":"(anonymous_0)","decl":{"start":{"line":5,"column":2},"end":{"line":5,"column":8}},"loc":{"start":{"line":5,"column":41},"end":{"line":14,"column":3}}}},"branchMap":{},"s":{"0":2,"1":4,"2":2},"f":{"0":4},"b":{}}
,"C:\\Users\\Lentach\\Desktop\\Fireplace\\backend\\src\\chat\\mappers\\user.mapper.ts": {"path":"C:\\Users\\Lentach\\Desktop\\Fireplace\\backend\\src\\chat\\mappers\\user.mapper.ts","statementMap":{"0":{"start":{"line":5,"column":4},"end":{"line":10,"column":6}},"1":{"start":{"line":3,"column":0},"end":{"line":3,"column":13}}},"fnMap":{"0":{"name":"(anonymous_0)","decl":{"start":{"line":4,"column":2},"end":{"line":4,"column":8}},"loc":{"start":{"line":4,"column":29},"end":{"line":11,"column":3}}}},"branchMap":{},"s":{"0":16,"1":7},"f":{"0":16},"b":{}}
,"C:\\Users\\Lentach\\Desktop\\Fireplace\\backend\\src\\chat\\services\\chat-block.service.ts": {"path":"C:\\Users\\Lentach\\Desktop\\Fireplace\\backend\\src\\chat\\services\\chat-block.service.ts","statementMap":{"0":{"start":{"line":1,"column":0},"end":{"line":1,"column":44}},"1":{"start":{"line":3,"column":0},"end":{"line":3,"column":63}},"2":{"start":{"line":4,"column":0},"end":{"line":4,"column":52}},"3":{"start":{"line":5,"column":0},"end":{"line":5,"column":53}},"4":{"start":{"line":6,"column":0},"end":{"line":6,"column":47}},"5":{"start":{"line":9,"column":7},"end":{"line":61,"column":null}},"6":{"start":{"line":10,"column":31},"end":{"line":10,"column":47}},"7":{"start":{"line":18,"column":27},"end":{"line":18,"column":47}},"8":{"start":{"line":19,"column":4},"end":{"line":19,"column":24}},"9":{"start":{"line":19,"column":17},"end":{"line":19,"column":24}},"10":{"start":{"line":20,"column":4},"end":{"line":36,"column":5}},"11":{"start":{"line":21,"column":18},"end":{"line":21,"column":49}},"12":{"start":{"line":22,"column":6},"end":{"line":25,"column":7}},"13":{"start":{"line":23,"column":8},"end":{"line":23,"column":67}},"14":{"start":{"line":24,"column":8},"end":{"line":24,"column":15}},"15":{"start":{"line":26,"column":6},"end":{"line":26,"column":58}},"16":{"start":{"line":27,"column":22},"end":{"line":27,"column":71}},"17":{"start":{"line":28,"column":6},"end":{"line":28,"column":78}},"18":{"start":{"line":28,"column":52},"end":{"line":28,"column":75}},"19":{"start":{"line":30,"column":34},"end":{"line":30,"column":61}},"20":{"start":{"line":31,"column":6},"end":{"line":33,"column":7}},"21":{"start":{"line":32,"column":8},"end":{"line":32,"column":74}},"22":{"start":{"line":35,"column":6},"end":{"line":35,"column":82}},"23":{"start":{"line":43,"column":27},"end":{"line":43,"column":47}},"24":{"start":{"line":44,"column":4},"end":{"line":44,"column":24}},"25":{"start":{"line":44,"column":17},"end":{"line":44,"column":24}},"26":{"start":{"line":45,"column":4},"end":{"line":52,"column":5}},"27":{"start":{"line":46,"column":18},"end":{"line":46,"column":49}},"28":{"start":{"line":47,"column":6},"end":{"line":47,"column":60}},"29":{"start":{"line":48,"column":22},"end":{"line":48,"column":71}},"30":{"start":{"line":49,"column":6},"end":{"line":49,"column":78}},"31":{"start":{"line":49,"column":52},"end":{"line":49,"column":75}},"32":{"start":{"line":51,"column":6},"end":{"line":51,"column":84}},"33":{"start":{"line":56,"column":27},"end":{"line":56,"column":47}},"34":{"start":{"line":57,"column":4},"end":{"line":57,"column":24}},"35":{"start":{"line":57,"column":17},"end":{"line":57,"column":24}},"36":{"start":{"line":58,"column":20},"end":{"line":58,"column":69}},"37":{"start":{"line":59,"column":4},"end":{"line":59,"column":76}},"38":{"start":{"line":59,"column":50},"end":{"line":59,"column":73}},"39":{"start":{"line":9,"column":13},"end":{"line":9,"column":29}},"40":{"start":{"line":9,"column":13},"end":{"line":61,"column":null}}},"fnMap":{"0":{"name":"(anonymous_2)","decl":{"start":{"line":10,"column":2},"end":{"line":10,"column":31}},"loc":{"start":{"line":10,"column":61},"end":{"line":10,"column":65}}},"1":{"name":"(anonymous_3)","decl":{"start":{"line":12,"column":2},"end":{"line":12,"column":7}},"loc":{"start":{"line":16,"column":36},"end":{"line":37,"column":3}}},"2":{"name":"(anonymous_4)","decl":{"start":{"line":28,"column":45},"end":{"line":28,"column":46}},"loc":{"start":{"line":28,"column":52},"end":{"line":28,"column":75}}},"3":{"name":"(anonymous_5)","decl":{"start":{"line":39,"column":2},"end":{"line":39,"column":7}},"loc":{"start":{"line":41,"column":13},"end":{"line":53,"column":3}}},"4":{"name":"(anonymous_6)","decl":{"start":{"line":49,"column":45},"end":{"line":49,"column":46}},"loc":{"start":{"line":49,"column":52},"end":{"line":49,"column":75}}},"5":{"name":"(anonymous_7)","decl":{"start":{"line":55,"column":2},"end":{"line":55,"column":7}},"loc":{"start":{"line":55,"column":43},"end":{"line":60,"column":3}}},"6":{"name":"(anonymous_8)","decl":{"start":{"line":59,"column":43},"end":{"line":59,"column":44}},"loc":{"start":{"line":59,"column":50},"end":{"line":59,"column":73}}}},"branchMap":{"0":{"loc":{"start":{"line":19,"column":4},"end":{"line":19,"column":24}},"type":"if","locations":[{"start":{"line":19,"column":4},"end":{"line":19,"column":24}},{"start":{},"end":{}}]},"1":{"loc":{"start":{"line":22,"column":6},"end":{"line":25,"column":7}},"type":"if","locations":[{"start":{"line":22,"column":6},"end":{"line":25,"column":7}},{"start":{},"end":{}}]},"2":{"loc":{"start":{"line":31,"column":6},"end":{"line":33,"column":7}},"type":"if","locations":[{"start":{"line":31,"column":6},"end":{"line":33,"column":7}},{"start":{},"end":{}}]},"3":{"loc":{"start":{"line":35,"column":38},"end":{"line":35,"column":78}},"type":"binary-expr","locations":[{"start":{"line":35,"column":38},"end":{"line":35,"column":52}},{"start":{"line":35,"column":56},"end":{"line":35,"column":78}}]},"4":{"loc":{"start":{"line":44,"column":4},"end":{"line":44,"column":24}},"type":"if","locations":[{"start":{"line":44,"column":4},"end":{"line":44,"column":24}},{"start":{},"end":{}}]},"5":{"loc":{"start":{"line":51,"column":38},"end":{"line":51,"column":80}},"type":"binary-expr","locations":[{"start":{"line":51,"column":38},"end":{"line":51,"column":52}},{"start":{"line":51,"column":56},"end":{"line":51,"column":80}}]},"6":{"loc":{"start":{"line":57,"column":4},"end":{"line":57,"column":24}},"type":"if","locations":[{"start":{"line":57,"column":4},"end":{"line":57,"column":24}},{"start":{},"end":{}}]}},"s":{"0":1,"1":1,"2":1,"3":1,"4":1,"5":1,"6":10,"7":5,"8":5,"9":1,"10":4,"11":4,"12":4,"13":1,"14":1,"15":3,"16":2,"17":2,"18":0,"19":2,"20":2,"21":1,"22":1,"23":3,"24":3,"25":1,"26":2,"27":2,"28":2,"29":1,"30":1,"31":0,"32":1,"33":2,"34":2,"35":1,"36":1,"37":1,"38":0,"39":1,"40":1},"f":{"0":10,"1":5,"2":0,"3":3,"4":0,"5":2,"6":0},"b":{"0":[1,4],"1":[1,3],"2":[1,1],"3":[1,0],"4":[1,2],"5":[1,0],"6":[1,1]}}
,"C:\\Users\\Lentach\\Desktop\\Fireplace\\backend\\src\\chat\\services\\chat-conversation.service.ts": {"path":"C:\\Users\\Lentach\\Desktop\\Fireplace\\backend\\src\\chat\\services\\chat-conversation.service.ts","statementMap":{"0":{"start":{"line":1,"column":0},"end":{"line":1,"column":52}},"1":{"start":{"line":3,"column":0},"end":{"line":3,"column":81}},"2":{"start":{"line":4,"column":0},"end":{"line":4,"column":66}},"3":{"start":{"line":5,"column":0},"end":{"line":5,"column":57}},"4":{"start":{"line":6,"column":0},"end":{"line":6,"column":63}},"5":{"start":{"line":7,"column":0},"end":{"line":7,"column":66}},"6":{"start":{"line":8,"column":0},"end":{"line":8,"column":53}},"7":{"start":{"line":9,"column":0},"end":{"line":9,"column":null}},"8":{"start":{"line":14,"column":0},"end":{"line":14,"column":68}},"9":{"start":{"line":15,"column":0},"end":{"line":15,"column":72}},"10":{"start":{"line":18,"column":36},"end":{"line":324,"column":null}},"11":{"start":{"line":19,"column":28},"end":{"line":19,"column":68}},"12":{"start":{"line":22,"column":21},"end":{"line":22,"column":43}},"13":{"start":{"line":23,"column":21},"end":{"line":23,"column":38}},"14":{"start":{"line":24,"column":21},"end":{"line":24,"column":35}},"15":{"start":{"line":25,"column":21},"end":{"line":25,"column":37}},"16":{"start":{"line":26,"column":21},"end":{"line":26,"column":44}},"17":{"start":{"line":27,"column":21},"end":{"line":27,"column":35}},"18":{"start":{"line":36,"column":27},"end":{"line":36,"column":47}},"19":{"start":{"line":37,"column":4},"end":{"line":37,"column":24}},"20":{"start":{"line":37,"column":17},"end":{"line":37,"column":24}},"21":{"start":{"line":39,"column":4},"end":{"line":45,"column":5}},"22":{"start":{"line":40,"column":18},"end":{"line":40,"column":57}},"23":{"start":{"line":41,"column":6},"end":{"line":41,"column":17}},"24":{"start":{"line":43,"column":6},"end":{"line":43,"column":55}},"25":{"start":{"line":44,"column":6},"end":{"line":44,"column":13}},"26":{"start":{"line":47,"column":17},"end":{"line":47,"column":57}},"27":{"start":{"line":48,"column":22},"end":{"line":48,"column":72}},"28":{"start":{"line":50,"column":4},"end":{"line":53,"column":5}},"29":{"start":{"line":51,"column":6},"end":{"line":51,"column":58}},"30":{"start":{"line":52,"column":6},"end":{"line":52,"column":13}},"31":{"start":{"line":55,"column":23},"end":{"line":57,"column":null}},"32":{"start":{"line":59,"column":4},"end":{"line":62,"column":5}},"33":{"start":{"line":60,"column":6},"end":{"line":60,"column":58}},"34":{"start":{"line":61,"column":6},"end":{"line":61,"column":13}},"35":{"start":{"line":64,"column":25},"end":{"line":66,"column":null}},"36":{"start":{"line":69,"column":61},"end":{"line":73,"column":6}},"37":{"start":{"line":74,"column":23},"end":{"line":74,"column":68}},"38":{"start":{"line":75,"column":26},"end":{"line":79,"column":6}},"39":{"start":{"line":77,"column":8},"end":{"line":77,"column":70}},"40":{"start":{"line":78,"column":6},"end":{"line":78,"column":38}},"41":{"start":{"line":80,"column":17},"end":{"line":80,"column":74}},"42":{"start":{"line":81,"column":4},"end":{"line":81,"column":43}},"43":{"start":{"line":82,"column":4},"end":{"line":82,"column":73}},"44":{"start":{"line":85,"column":26},"end":{"line":85,"column":59}},"45":{"start":{"line":86,"column":4},"end":{"line":109,"column":5}},"46":{"start":{"line":88,"column":8},"end":{"line":92,"column":10}},"47":{"start":{"line":93,"column":30},"end":{"line":96,"column":8}},"48":{"start":{"line":97,"column":25},"end":{"line":103,"column":8}},"49":{"start":{"line":99,"column":10},"end":{"line":101,"column":29}},"50":{"start":{"line":102,"column":8},"end":{"line":102,"column":45}},"51":{"start":{"line":104,"column":24},"end":{"line":106,"column":null}},"52":{"start":{"line":108,"column":6},"end":{"line":108,"column":68}},"53":{"start":{"line":116,"column":4},"end":{"line":116,"column":46}},"54":{"start":{"line":116,"column":36},"end":{"line":116,"column":46}},"55":{"start":{"line":118,"column":20},"end":{"line":120,"column":40}},"56":{"start":{"line":119,"column":18},"end":{"line":119,"column":30}},"57":{"start":{"line":120,"column":22},"end":{"line":120,"column":39}},"58":{"start":{"line":121,"column":36},"end":{"line":124,"column":6}},"59":{"start":{"line":126,"column":20},"end":{"line":132,"column":6}},"60":{"start":{"line":127,"column":21},"end":{"line":127,"column":36}},"61":{"start":{"line":128,"column":6},"end":{"line":131,"column":9}},"62":{"start":{"line":134,"column":4},"end":{"line":144,"column":7}},"63":{"start":{"line":135,"column":18},"end":{"line":135,"column":70}},"64":{"start":{"line":136,"column":18},"end":{"line":136,"column":70}},"65":{"start":{"line":137,"column":20},"end":{"line":139,"column":58}},"66":{"start":{"line":140,"column":20},"end":{"line":142,"column":58}},"67":{"start":{"line":143,"column":6},"end":{"line":143,"column":27}},"68":{"start":{"line":146,"column":4},"end":{"line":146,"column":19}},"69":{"start":{"line":150,"column":27},"end":{"line":150,"column":47}},"70":{"start":{"line":151,"column":4},"end":{"line":154,"column":5}},"71":{"start":{"line":152,"column":6},"end":{"line":152,"column":75}},"72":{"start":{"line":153,"column":6},"end":{"line":153,"column":13}},"73":{"start":{"line":156,"column":4},"end":{"line":158,"column":6}},"74":{"start":{"line":159,"column":61},"end":{"line":163,"column":6}},"75":{"start":{"line":164,"column":23},"end":{"line":164,"column":68}},"76":{"start":{"line":165,"column":26},"end":{"line":169,"column":6}},"77":{"start":{"line":167,"column":8},"end":{"line":167,"column":70}},"78":{"start":{"line":168,"column":6},"end":{"line":168,"column":38}},"79":{"start":{"line":170,"column":4},"end":{"line
[...]
,"C:\\Users\\Lentach\\Desktop\\Fireplace\\backend\\src\\users\\users.controller.ts": {"path":"C:\\Users\\Lentach\\Desktop\\Fireplace\\backend\\src\\users\\users.controller.ts","statementMap":{"0":{"start":{"line":1,"column":0},"end":{"line":1,"column":null}},"1":{"start":{"line":15,"column":0},"end":{"line":15,"column":59}},"2":{"start":{"line":16,"column":0},"end":{"line":16,"column":45}},"3":{"start":{"line":17,"column":0},"end":{"line":17,"column":39}},"4":{"start":{"line":18,"column":0},"end":{"line":18,"column":54}},"5":{"start":{"line":19,"column":0},"end":{"line":19,"column":69}},"6":{"start":{"line":20,"column":0},"end":{"line":20,"column":47}},"7":{"start":{"line":21,"column":0},"end":{"line":21,"column":108}},"8":{"start":{"line":22,"column":0},"end":{"line":22,"column":68}},"9":{"start":{"line":23,"column":0},"end":{"line":23,"column":74}},"10":{"start":{"line":26,"column":28},"end":{"line":142,"column":null}},"11":{"start":{"line":27,"column":28},"end":{"line":27,"column":60}},"12":{"start":{"line":30,"column":12},"end":{"line":30,"column":26}},"13":{"start":{"line":31,"column":12},"end":{"line":31,"column":28}},"14":{"start":{"line":32,"column":12},"end":{"line":32,"column":30}},"15":{"start":{"line":59,"column":4},"end":{"line":61,"column":5}},"16":{"start":{"line":60,"column":6},"end":{"line":60,"column":56}},"17":{"start":{"line":62,"column":4},"end":{"line":62,"column":42}},"18":{"start":{"line":64,"column":19},"end":{"line":64,"column":30}},"19":{"start":{"line":66,"column":36},"end":{"line":69,"column":null}},"20":{"start":{"line":72,"column":4},"end":{"line":72,"column":65}},"21":{"start":{"line":74,"column":17},"end":{"line":77,"column":null}},"22":{"start":{"line":80,"column":4},"end":{"line":82,"column":6}},"23":{"start":{"line":88,"column":17},"end":{"line":88,"column":62}},"24":{"start":{"line":89,"column":4},"end":{"line":89,"column":49}},"25":{"start":{"line":89,"column":15},"end":{"line":89,"column":49}},"26":{"start":{"line":90,"column":4},"end":{"line":95,"column":6}},"27":{"start":{"line":102,"column":19},"end":{"line":102,"column":30}},"28":{"start":{"line":104,"column":4},"end":{"line":104,"column":66}},"29":{"start":{"line":106,"column":4},"end":{"line":110,"column":6}},"30":{"start":{"line":112,"column":4},"end":{"line":112,"column":56}},"31":{"start":{"line":119,"column":19},"end":{"line":119,"column":30}},"32":{"start":{"line":121,"column":4},"end":{"line":121,"column":68}},"33":{"start":{"line":123,"column":4},"end":{"line":123,"column":64}},"34":{"start":{"line":125,"column":4},"end":{"line":125,"column":55}},"35":{"start":{"line":131,"column":19},"end":{"line":131,"column":30}},"36":{"start":{"line":132,"column":4},"end":{"line":132,"column":72}},"37":{"start":{"line":133,"column":4},"end":{"line":133,"column":47}},"38":{"start":{"line":139,"column":4},"end":{"line":139,"column":57}},"39":{"start":{"line":140,"column":4},"end":{"line":140,"column":44}},"40":{"start":{"line":26,"column":13},"end":{"line":26,"column":28}},"41":{"start":{"line":55,"column":8},"end":{"line":83,"column":null}},"42":{"start":{"line":42,"column":8},"end":{"line":47,"column":9}},"43":{"start":{"line":43,"column":10},"end":{"line":46,"column":12}},"44":{"start":{"line":48,"column":8},"end":{"line":48,"column":23}},"45":{"start":{"line":87,"column":8},"end":{"line":96,"column":null}},"46":{"start":{"line":101,"column":8},"end":{"line":113,"column":null}},"47":{"start":{"line":118,"column":8},"end":{"line":126,"column":null}},"48":{"start":{"line":130,"column":8},"end":{"line":134,"column":null}},"49":{"start":{"line":138,"column":8},"end":{"line":141,"column":null}},"50":{"start":{"line":26,"column":13},"end":{"line":142,"column":null}}},"fnMap":{"0":{"name":"(anonymous_4)","decl":{"start":{"line":29,"column":2},"end":{"line":29,"column":null}},"loc":{"start":{"line":32,"column":46},"end":{"line":33,"column":6}}},"1":{"name":"(anonymous_5)","decl":{"start":{"line":55,"column":8},"end":{"line":55,"column":28}},"loc":{"start":{"line":57,"column":18},"end":{"line":83,"column":3}}},"2":{"name":"(anonymous_6)","decl":{"start":{"line":87,"column":8},"end":{"line":87,"column":13}},"loc":{"start":{"line":87,"column":28},"end":{"line":96,"column":3}}},"3":{"name":"(anonymous_7)","decl":{"start":{"line":101,"column":8},"end":{"line":101,"column":21}},"loc":{"start":{"line":101,"column":67},"end":{"line":113,"column":3}}},"4":{"name":"(anonymous_8)","decl":{"start":{"line":118,"column":8},"end":{"line":118,"column":21}},"loc":{"start":{"line":118,"column":67},"end":{"line":126,"column":3}}},"5":{"name":"(anonymous_9)","decl":{"start":{"line":130,"column":8},"end":{"line":130,"column":24}},"loc":{"start":{"line":130,"column":73},"end":{"line":134,"column":3}}},"6":{"name":"(anonymous_10)","decl":{"start":{"line":138,"column":8},"end":{"line":138,"column":22}},"loc":{"start":{"line":138,"column":69},"end":{"line":141,"column":3}}},"7":{"name":"(anonymous_11)","decl":{"start":{"line":41,"column":18},"end":{"line":41,"column":19}},"loc":{"start":{"line":41,"column":36},"end":{"line":49,"column":7}}}},"branchMap":{"0":{"loc":{"start":{"line":59,"column":4},"end":{"line":61,"column":5}},"type":"if","locations":[{"start":{"line":59,"column":4},"end":{"line":61,"column":5}},{"start":{},"end":{}}]},"1":{"loc":{"start":{"line":89,"column":4},"end":{"line":89,"column":49}},"type":"if","locations":[{"start":{"line":89,"column":4},"end":{"line":89,"column":49}},{"start":{},"end":{}}]},"2":{"loc":{"start":{"line":94,"column":25},"end":{"line":94,"column":55}},"type":"binary-expr","locations":[{"start":{"line":94,"column":25},"end":{"line":94,"column":47}},{"start":{"line":94,"column":51},"end":{"line":94,"column":55}}]},"3":{"loc":{"start":{"line":42,"column":8},"end":{"line":47,"column":9}},"type":"if","locations":[{"start":{"line":42,"column":8},"end":{"line":47,"column":9}},{"start":{},"end":{}}]}},"s":{"0":0,"1":0,"2":0,"3":0,"4":0,"5":0,"6":0,"7":0,"8":0,"9":0,"10":0,"11":0,"12":0,"13":0,"14":0,"15":0,"16":0,"17":0,"18":0,"19":0,"20":0,"21":0,"22":0,"23":0,"24":0,"25":0,"26":0,"27":0,"28":0,"29":0,"30":0,"31":0,"32":0,"33":0,"34":0,"35":0,"36":0,"37":0,"38":0,"39":0,"40":0,"41":0,"42":0,"43":0,"44":0,"45":0,"46":0,"47":0,"48":0,"49":0,"50":0},"f":{"0":0,"1":0,"2":0,"3":0,"4":0,"5":0,"6":0,"7":0},"b":{"0":[0,0],"1":[0,0],"2":[0,0],"3":[0,0]}}
,"C:\\Users\\Lentach\\Desktop\\Fireplace\\backend\\src\\users\\users.module.ts": {"path":"C:\\Users\\Lentach\\Desktop\\Fireplace\\backend\\src\\users\\users.module.ts","statementMap":{"0":{"start":{"line":1,"column":0},"end":{"line":1,"column":40}},"1":{"start":{"line":2,"column":0},"end":{"line":2,"column":48}},"2":{"start":{"line":3,"column":0},"end":{"line":3,"column":56}},"3":{"start":{"line":4,"column":0},"end":{"line":4,"column":37}},"4":{"start":{"line":5,"column":0},"end":{"line":5,"column":47}},"5":{"start":{"line":6,"column":0},"end":{"line":6,"column":53}},"6":{"start":{"line":7,"column":0},"end":{"line":7,"column":68}},"7":{"start":{"line":8,"column":0},"end":{"line":8,"column":53}},"8":{"start":{"line":9,"column":0},"end":{"line":9,"column":65}},"9":{"start":{"line":10,"column":0},"end":{"line":10,"column":66}},"10":{"start":{"line":11,"column":0},"end":{"line":11,"column":69}},"11":{"start":{"line":12,"column":0},"end":{"line":12,"column":61}},"12":{"start":{"line":26,"column":7},"end":{"line":26,"column":null}},"13":{"start":{"line":26,"column":13},"end":{"line":26,"column":24}},"14":{"start":{"line":26,"column":13},"end":{"line":26,"column":null}}},"fnMap":{},"branchMap":{},"s":{"0":0,"1":0,"2":0,"3":0,"4":0,"5":0,"6":0,"7":0,"8":0,"9":0,"10":0,"11":0,"12":0,"13":0,"14":0},"f":{},"b":{}}
,"C:\\Users\\Lentach\\Desktop\\Fireplace\\backend\\src\\users\\users.service.ts": {"path":"C:\\Users\\Lentach\\Desktop\\Fireplace\\backend\\src\\users\\users.service.ts","statementMap":{"0":{"start":{"line":1,"column":0},"end":{"line":1,"column":null}},"1":{"start":{"line":8,"column":0},"end":{"line":8,"column":51}},"2":{"start":{"line":9,"column":0},"end":{"line":9,"column":49}},"3":{"start":{"line":10,"column":0},"end":{"line":10,"column":33}},"4":{"start":{"line":11,"column":0},"end":{"line":11,"column":37}},"5":{"start":{"line":12,"column":0},"end":{"line":12,"column":69}},"6":{"start":{"line":13,"column":0},"end":{"line":13,"column":68}},"7":{"start":{"line":14,"column":0},"end":{"line":14,"column":53}},"8":{"start":{"line":15,"column":0},"end":{"line":15,"column":65}},"9":{"start":{"line":16,"column":0},"end":{"line":16,"column":68}},"10":{"start":{"line":17,"column":0},"end":{"line":17,"column":71}},"11":{"start":{"line":18,"column":0},"end":{"line":18,"column":63}},"12":{"start":{"line":19,"column":0},"end":{"line":19,"column":69}},"13":{"start":{"line":22,"column":7},"end":{"line":173,"column":null}},"14":{"start":{"line":23,"column":33},"end":{"line":23,"column":52}},"15":{"start":{"line":27,"column":12},"end":{"line":27,"column":23}},"16":{"start":{"line":28,"column":12},"end":{"line":28,"column":28}},"17":{"start":{"line":29,"column":12},"end":{"line":29,"column":30}},"18":{"start":{"line":30,"column":12},"end":{"line":30,"column":31}},"19":{"start":{"line":31,"column":12},"end":{"line":31,"column":24}},"20":{"start":{"line":32,"column":12},"end":{"line":32,"column":29}},"21":{"start":{"line":33,"column":12},"end":{"line":33,"column":26}},"22":{"start":{"line":37,"column":21},"end":{"line":37,"column":56}},"23":{"start":{"line":38,"column":4},"end":{"line":40,"column":5}},"24":{"start":{"line":39,"column":6},"end":{"line":39,"column":63}},"25":{"start":{"line":42,"column":17},"end":{"line":42,"column":48}},"26":{"start":{"line":43,"column":24},"end":{"line":43,"column":26}},"27":{"start":{"line":44,"column":4},"end":{"line":51,"column":5}},"28":{"start":{"line":44,"column":23},"end":{"line":44,"column":24}},"29":{"start":{"line":45,"column":18},"end":{"line":45,"column":65}},"30":{"start":{"line":46,"column":23},"end":{"line":46,"column":69}},"31":{"start":{"line":47,"column":6},"end":{"line":50,"column":7}},"32":{"start":{"line":48,"column":21},"end":{"line":48,"column":77}},"33":{"start":{"line":49,"column":8},"end":{"line":49,"column":41}},"34":{"start":{"line":52,"column":4},"end":{"line":52,"column":83}},"35":{"start":{"line":56,"column":4},"end":{"line":56,"column":53}},"36":{"start":{"line":60,"column":4},"end":{"line":63,"column":17}},"37":{"start":{"line":67,"column":4},"end":{"line":71,"column":16}},"38":{"start":{"line":79,"column":17},"end":{"line":79,"column":44}},"39":{"start":{"line":80,"column":4},"end":{"line":82,"column":5}},"40":{"start":{"line":81,"column":6},"end":{"line":81,"column":52}},"41":{"start":{"line":84,"column":4},"end":{"line":86,"column":5}},"42":{"start":{"line":85,"column":6},"end":{"line":85,"column":74}},"43":{"start":{"line":88,"column":4},"end":{"line":88,"column":39}},"44":{"start":{"line":89,"column":4},"end":{"line":89,"column":43}},"45":{"start":{"line":90,"column":4},"end":{"line":90,"column":37}},"46":{"start":{"line":98,"column":17},"end":{"line":98,"column":44}},"47":{"start":{"line":99,"column":4},"end":{"line":101,"column":5}},"48":{"start":{"line":100,"column":6},"end":{"line":100,"column":52}},"49":{"start":{"line":104,"column":28},"end":{"line":104,"column":76}},"50":{"start":{"line":105,"column":4},"end":{"line":107,"column":5}},"51":{"start":{"line":106,"column":6},"end":{"line":106,"column":62}},"52":{"start":{"line":110,"column":17},"end":{"line":110,"column":51}},"53":{"start":{"line":111,"column":4},"end":{"line":111,"column":25}},"54":{"start":{"line":112,"column":4},"end":{"line":112,"column":40}},"55":{"start":{"line":113,"column":4},"end":{"line":113,"column":36}},"56":{"start":{"line":114,"column":4},"end":{"line":114,"column":67}},"57":{"start":{"line":118,"column":17},"end":{"line":118,"column":44}},"58":{"start":{"line":119,"column":4},"end":{"line":121,"column":5}},"59":{"start":{"line":120,"column":6},"end":{"line":120,"column":52}},"60":{"start":{"line":123,"column":28},"end":{"line":123,"column":73}},"61":{"start":{"line":124,"column":4},"end":{"line":126,"column":5}},"62":{"start":{"line":125,"column":6},"end":{"line":125,"column":58}},"63":{"start":{"line":129,"column":4},"end":{"line":131,"column":5}},"64":{"start":{"line":130,"column":6},"end":{"line":130,"column":74}},"65":{"start":{"line":134,"column":4},"end":{"line":134,"column":55}},"66":{"start":{"line":135,"column":4},"end":{"line":135,"column":56}},"67":{"start":{"line":137,"column":26},"end":{"line":139,"column":6}},"68":{"start":{"line":140,"column":4},"end":{"line":147,"column":5}},"69":{"start":{"line":141,"column":19},"end":{"line":142,"column":null}},"70":{"start":{"line":144,"column":6},"end":{"line":146,"column":8}},"71":{"start":{"line":145,"column":26},"end":{"line":145,"column":64}},"72":{"start":{"line":150,"column":4},"end":{"line":169,"column":7}},"73":{"start":{"line":151,"column":32},"end":{"line":153,"column":8}},"74":{"start":{"line":155,"column":6},"end":{"line":158,"column":7}},"75":{"start":{"line":156,"column":8},"end":{"line":156,"column":73}},"76":{"start":{"line":157,"column":8},"end":{"line":157,"column":60}},"77":{"start":{"line":161,"column":29},"end":{"line":163,"column":8}},"78":{"start":{"line":164,"column":6},"end":{"line":166,"column":7}},"79":{"start":{"line":165,"column":8},"end":{"line":165,"column":45}},"80":{"start":{"line":168,"column":6},"end":{"line":168,"column":39}},"81":{"start":{"line":171,"column":4},"end":{"line":171,"column":93}},"82":{"start":{"line":22,"column":13},"end":{"line":22,"column":25}},"83":{"start":{"line":22,"column":13},"end":{"line":173,"column":null}}},"fnMap":{"0":{"name":"(anonymous_13)","decl":{"start":{"line":25,"column":2},"end":{"line":25,"column":null}},"loc":{"start":{"line":33,"column":45},"end":{"line":34,"column":6}}},"1":{"name":"(anonymous_14)","decl":{"start":{"line":36,"column":2},"end":{"line":36,"column":7}},"loc":{"start":{"line":36,"column":49},"end":{"line":53,"column":3}}},"2":{"name":"(anonymous_15)","decl":{"start":{"line":55,"column":2},"end":{"line":55,"column":7}},"loc":{"start":{"line":55,"column":27},"end":{"line":57,"column":3}}},"3":{"name":"(anonymous_16)","decl":{"start":{"line":59,"column":2},"end":{"line":59,"column":7}},"loc":{"start":{"line":59,"column":39},"end":{"line":64,"column":3}}},"4":{"name":"(anonymous_17)","decl":{"start":{"line":66,"column":2},"end":{"line":66,"column":7}},"loc":{"start":{"line":66,"column":58},"end":{"line":72,"column":3}}},"5":{"name":"(anonymous_18)","decl":{"start":{"line":74,"column":2},"end":{"line":74,"column":7}},"loc":{"start":{"line":77,"column":20},"end":{"line":91,"column":3}}},"6":{"name":"(anonymous_19)","decl":{"start":{"line":93,"column":2},"end":{"line":93,"column":7}},"loc":{"start":{"line":96,"column":23},"end":{"line":115,"column":3}}},"7":{"name":"(anonymous_20)","decl":{"start":{"line":117,"column":2},"end":{"line":117,"column":7}},"loc":{"start":{"line":117,"column":54},"end":{"line":172,"column":3}}},"8":{"name":"(anonymous_21)","decl":{"start":{"line":145,"column":17},"end":{"line":145,"column":18}},"loc":{"start":{"line":145,"column":26},"end":{"line":145,"column":64}}},"9":{"name":"(anonymous_22)","decl":{"start":{"line":150,"column":38},"end":{"line":150,"column":43}},"loc":{"start":{"line":150,"column":56},"end":{"line":169,"column":5}}}},"branchMap":{"0":{"loc":{"start":{"line":38,"column":4},"end":{"line":40,"column":5}},"type":"if","locations":[{"start":{"line":38,"column":4},"end":{"line":40,"column":5}},{"start":{},"end":{}}]},"1":{"loc":{"start":{"line":47,"column":6},"end":{"line":50,"column":7}},"type":"if","locations":[{"start":{"line":47,"column":6},"end":{"line":50,"column":7}},{"start":{},"end":{}}]},"2":{"loc":{"start":{"line":80,"column":4},"end":{"line":82,"column":5}},"type":"if","locations":[{"start":{"line":80,"column":4},"end":{"line":82,"column":5}},{"start":{},"end":{}}]},"3":{"loc":{"start":{"line":84,"column":4},"end":{"line":86,"column":5}},"type":"if","locations":[{"start":{"line":84,"column":4},"end":{"line":86,"column":5}},{"start":{},"end":{}}]},"4":{"loc":{"start":{"line":84,"column":8},"end":{"line":84,"column":79}},"type":"binary-expr","locations":[{"start":{"line":84,"column":8},"end":{"line":84,"column":35}},{"start":{"line":84,"column":39},"end":{"line":84,"column":79}}]},"5":{"loc":{"start":{"line":99,"column":4},"end":{"line":101,"column":5}},"type":"if","locations":[{"start":{"line":99,"column":4},"end":{"line":101,"column":5}},{"start":{},"end":{}}]},"6":{"loc":{"start":{"line":105,"column":4},"end":{"line":107,"column":5}},"type":"if","locations":[{"start":{"line":105,"column":4},"end":{"line":107,"column":5}},{"start":{},"end":{}}]},"7":{"loc":{"start":{"line":119,"column":4},"end":{"line":121,"column":5}},"type":"if","locations":[{"start":{"line":119,"column":4},"end":{"line":121,"column":5}},{"start":{},"end":{}}]},"8":{"loc":{"start":{"line":124,"column":4},"end":{"line":126,"column":5}},"type":"if","locations":[{"start":{"line":124,"column":4},"end":{"line":126,"column":5}},{"start":{},"end":{}}]},"9":{"loc":{"start":{"line":129,"column":4},"end":{"line":131,"column":5}},"type":"if","locations":[{"start":{"line":129,"column":4},"end":{"line":131,"column":5}},{"start":{},"end":{}}]},"10":{"loc":{"start":{"line":164,"column":6},"end":{"line":166,"column":7}},"type":"if","locations":[{"start":{"line":164,"column":6},"end":{"line":166,"column":7}},{"start":{},"end":{}}]}},"s":{"0":7,"1":7,"2":7,"3":7,"4":7,"5":7,"6":7,"7":7,"8":7,"9":7,"10":7,"11":7,"12":7,"13":7,"14":3,"15":3,"16":3,"17":3,"18":3,"19":3,"20":3,"21":3,"22":0,"23":0,"24":0,"25":0,"26":0,"27":0,"28":0,"29":0,"30":0,"31":0,"32":0,"33":0,"34":0,"35":3,"36":0,"37":0,"38":0,"39":0,"40":0,"41":0,"42":0,"43":0,"44":0,"45":0,"46":0,"47":0,"48":0,"49":0,"50":0,"51":0,"52":0,"53":0,"54":0,"55":0,"56":0,"57":3,"58":3,"59":0,"60":3,"61":3,"62":1,"63":2,"64":0,"65":2,"66":2,"67":2,"68":2,"69":0,"70":0,"71":0,"72":2,"73":2,"74":2,"75":0,"76":0,"77":2,"78":2,"79":0,"80":2,"81":2,"82":7,"83":7},"f":{"0":3,"1":0,"2":3,"3":0,"4":0,"5":0,"6":0,"7":3,"8":0,"9":2},"b":{"0":[0,0],"1":[0,0],"2":[0,0],"3":[0,0],"4":[0,0],"5":[0,0],"6":[0,0],"7":[0,3],"8":[1,2],"9":[0,2],"10":[0,2]}}
,"C:\\Users\\Lentach\\Desktop\\Fireplace\\backend\\src\\users\\dto\\user.dto.ts": {"path":"C:\\Users\\Lentach\\Desktop\\Fireplace\\backend\\src\\users\\dto\\user.dto.ts","statementMap":{"0":{"start":{"line":1,"column":0},"end":{"line":1,"column":69}},"1":{"start":{"line":2,"column":0},"end":{"line":2,"column":null}},"2":{"start":{"line":8,"column":0},"end":{"line":8,"column":13}},"3":{"start":{"line":11,"column":2},"end":{"line":11,"column":null}},"4":{"start":{"line":18,"column":2},"end":{"line":18,"column":null}},"5":{"start":{"line":21,"column":0},"end":{"line":21,"column":13}},"6":{"start":{"line":24,"column":2},"end":{"line":24,"column":null}},"7":{"start":{"line":27,"column":0},"end":{"line":27,"column":13}},"8":{"start":{"line":30,"column":2},"end":{"line":30,"column":null}},"9":{"start":{"line":33,"column":2},"end":{"line":33,"column":null}},"10":{"start":{"line":36,"column":0},"end":{"line":36,"column":13}},"11":{"start":{"line":39,"column":2},"end":{"line":39,"column":null}}},"fnMap":{},"branchMap":{},"s":{"0":1,"1":1,"2":1,"3":1,"4":1,"5":1,"6":1,"7":1,"8":1,"9":1,"10":1,"11":1},"f":{},"b":{}}
}
