TN:
SF:src\app.module.ts
FN:52,(anonymous_1)
FNF:1
FNH:0
FNDA:0,(anonymous_1)
DA:1,0
DA:2,0
DA:3,0
DA:4,0
DA:5,0
DA:6,0
DA:7,0
DA:8,0
DA:9,0
DA:10,0
DA:11,0
DA:12,0
DA:13,0
DA:14,0
DA:15,0
DA:16,0
DA:17,0
DA:18,0
DA:19,0
DA:20,0
DA:21,0
DA:22,0
DA:23,0
DA:24,0
DA:25,0
DA:26,0
DA:27,0
DA:28,0
DA:52,0
DA:78,0
LF:30
LH:0
BRF:0
BRH:0
end_of_record
TN:
SF:src\main.ts
FN:8,bootstrap
FN:31,(anonymous_2)
FN:37,(anonymous_3)
FNF:3
FNH:0
FNDA:0,bootstrap
FNDA:0,(anonymous_2)
FNDA:0,(anonymous_3)
DA:1,0
DA:2,0
DA:3,0
DA:5,0
DA:6,0
DA:9,0
DA:15,0
DA:16,0
DA:19,0
DA:23,0
DA:27,0
DA:31,0
DA:35,0
DA:38,0
DA:39,0
DA:40,0
DA:41,0
DA:42,0
DA:43,0
DA:45,0
DA:49,0
DA:51,0
DA:52,0
DA:53,0
DA:55,0
LF:25
LH:0
BRDA:11,0,0,0
BRDA:11,0,1,0
BRDA:28,1,0,0
BRDA:28,1,1,0
BRDA:35,2,0,0
BRDA:35,2,1,0
BRDA:38,3,0,0
BRDA:38,3,1,0
BRDA:38,4,0,0
BRDA:38,4,1,0
BRDA:38,4,2,0
BRDA:40,5,0,0
BRDA:40,5,1,0
BRDA:40,6,0,0
BRDA:40,6,1,0
BRDA:42,7,0,0
BRDA:42,7,1,0
BRDA:51,8,0,0
BRDA:51,8,1,0
BRF:19
BRH:0
end_of_record
TN:
SF:src\auth\auth.controller.ts
FN:9,(anonymous_4)
FN:15,(anonymous_5)
FN:23,(anonymous_6)
FNF:3
FNH:0
FNDA:0,(anonymous_4)
FNDA:0,(anonymous_5)
FNDA:0,(anonymous_6)
DA:1,0
DA:2,0
DA:3,0
DA:4,0
DA:5,0
DA:8,0
DA:9,0
DA:15,0
DA:16,0
DA:23,0
DA:24,0
LF:11
LH:0
BRF:0
BRH:0
end_of_record
TN:
SF:src\auth\auth.module.ts
FN:20,(anonymous_1)
FNF:1
FNH:0
FNDA:0,(anonymous_1)
DA:1,0
DA:2,0
DA:3,0
DA:4,0
DA:5,0
DA:6,0
DA:7,0
DA:8,0
DA:10,0
DA:21,0
DA:22,0
DA:23,0
DA:24,0
DA:28,0
DA:39,0
LF:15
LH:0
BRDA:21,0,0,0
BRDA:21,0,1,0
BRDA:23,1,0,0
BRDA:23,1,1,0
BRDA:23,2,0,0
BRDA:23,2,1,0
BRDA:23,2,2,0
BRF:7
BRH:0
end_of_record
TN:
SF:src\auth\auth.service.ts
FN:15,(anonymous_11)
FN:20,(anonymous_12)
FN:26,(anonymous_13)
FNF:3
FNH:3
FNDA:4,(anonymous_11)
FNDA:1,(anonymous_12)
FNDA:5,(anonymous_13)
DA:1,1
DA:6,1
DA:7,1
DA:9,1
DA:12,1
DA:13,4
DA:16,4
DA:17,4
DA:22,1
DA:23,1
DA:27,5
DA:28,5
DA:29,0
DA:30,0
DA:32,5
DA:33,5
DA:34,2
DA:35,0
DA:36,0
DA:39,5
DA:40,2
DA:41,2
DA:44,3
DA:45,3
DA:46,2
DA:47,2
DA:50,1
DA:52,1
DA:57,1
LF:29
LH:25
BRDA:28,0,0,0
BRDA:28,0,1,5
BRDA:30,1,0,0
BRDA:30,1,1,0
BRDA:30,2,0,0
BRDA:30,2,1,0
BRDA:33,3,0,3
BRDA:33,3,1,2
BRDA:34,4,0,0
BRDA:34,4,1,2
BRDA:39,5,0,2
BRDA:39,5,1,3
BRDA:45,6,0,2
BRDA:45,6,1,1
BRF:14
BRH:8
end_of_record
TN:
SF:src\auth\jwt-auth.guard.ts
FNF:0
FNH:0
DA:1,2
DA:2,2
DA:6,2
LF:3
LH:3
BRF:0
BRH:0
end_of_record
TN:
SF:src\auth\password.constants.ts
FNF:0
FNH:0
DA:1,1
DA:7,1
DA:9,1
LF:3
LH:3
BRF:0
BRH:0
end_of_record
TN:
SF:src\auth\dto\login.dto.ts
FNF:0
FNH:0
DA:1,0
DA:3,0
DA:10,0
DA:14,0
LF:4
LH:0
BRF:0
BRH:0
end_of_record
TN:
SF:src\auth\dto\register.dto.ts
FNF:0
FNH:0
DA:1,1
DA:2,1
DA:8,1
DA:15,1
DA:22,1
LF:5
LH:5
BRF:0
BRH:0
end_of_record
TN:
SF:src\auth\strategies\jwt.strategy.ts
FN:13,(anonymous_2)
FN:25,(anonymous_3)
FNF:2
FNH:2
FNDA:5,(anonymous_2)
FNDA:5,(anonymous_3)
DA:1,1
DA:2,1
DA:3,1
DA:4,1
DA:5,1
DA:7,1
DA:12,1
DA:14,5
DA:18,5
DA:19,5
DA:31,5
DA:32,5
DA:33,1
DA:35,4
DA:36,3
DA:37,3
DA:38,2
DA:41,2
LF:18
LH:18
BRDA:18,0,0,5
BRDA:18,0,1,0
BRDA:32,1,0,1
BRDA:32,1,1,4
BRDA:35,2,0,3
BRDA:35,2,1,1
BRDA:37,3,0,2
BRDA:37,3,1,1
BRF:8
BRH:7
end_of_record
TN:
SF:src\blocked\blocked-user.entity.ts
FN:16,(anonymous_2)
FN:20,(anonymous_3)
FNF:2
FNH:0
FNDA:0,(anonymous_2)
FNDA:0,(anonymous_3)
DA:1,5
DA:8,5
DA:12,5
DA:14,5
DA:16,0
DA:18,5
DA:20,0
DA:22,5
LF:8
LH:6
BRF:0
BRH:0
end_of_record
TN:
SF:src\blocked\blocked.module.ts
FNF:0
FNH:0
DA:1,0
DA:2,0
DA:3,0
DA:4,0
DA:5,0
DA:6,0
DA:7,0
DA:8,0
DA:21,0
LF:9
LH:0
BRF:0
BRH:0
end_of_record
TN:
SF:src\blocked\blocked.service.ts
FN:15,(anonymous_4)
FN:24,(anonymous_5)
FN:49,(anonymous_6)
FN:65,(anonymous_7)
FN:77,(anonymous_8)
FN:82,(anonymous_9)
FN:86,(anonymous_10)
FN:91,(anonymous_11)
FN:94,(anonymous_12)
FN:99,(anonymous_13)
FN:103,(anonymous_14)
FN:111,(anonymous_15)
FNF:12
FNH:3
FNDA:1,(anonymous_4)
FNDA:1,(anonymous_5)
FNDA:2,(anonymous_6)
FNDA:0,(anonymous_7)
FNDA:0,(anonymous_8)
FNDA:0,(anonymous_9)
FNDA:0,(anonymous_10)
FNDA:0,(anonymous_11)
FNDA:0,(anonymous_12)
FNDA:0,(anonymous_13)
FNDA:0,(anonymous_14)
FNDA:0,(anonymous_15)
DA:1,5
DA:2,5
DA:3,5
DA:4,5
DA:6,5
DA:7,5
DA:8,5
DA:9,5
DA:12,5
DA:13,1
DA:17,1
DA:18,1
DA:19,1
DA:20,1
DA:21,1
DA:25,1
DA:26,0
DA:28,1
DA:31,1
DA:32,0
DA:34,1
DA:38,1
DA:39,1
DA:41,1
DA:42,1
DA:46,1
DA:47,1
DA:48,1
DA:49,2
DA:51,1
DA:52,1
DA:57,0
DA:61,1
DA:62,1
DA:66,0
DA:70,0
DA:71,0
DA:72,0
DA:74,0
DA:78,0
DA:82,0
DA:87,0
DA:91,0
DA:95,0
DA:99,0
DA:104,0
DA:107,0
DA:112,0
DA:119,0
LF:49
LH:31
BRDA:25,0,0,0
BRDA:25,0,1,1
BRDA:31,1,0,0
BRDA:31,1,1,1
BRDA:46,2,0,1
BRDA:46,2,1,0
BRDA:70,3,0,0
BRDA:70,3,1,0
BRDA:70,4,0,0
BRDA:70,4,1,0
BRF:10
BRH:3
end_of_record
TN:
SF:src\chat\chat-validation.module.ts
FNF:0
FNH:0
DA:1,0
DA:2,0
DA:3,0
DA:4,0
DA:11,0
LF:5
LH:0
BRF:0
BRH:0
end_of_record
TN:
SF:src\chat\chat.gateway.ts
FN:26,buildCorsOrigin
FN:29,(anonymous_5)
FN:31,(anonymous_6)
FN:65,(anonymous_7)
FN:79,(anonymous_8)
FN:110,(anonymous_9)
FN:123,(anonymous_10)
FN:138,(anonymous_11)
FN:146,(anonymous_12)
FN:159,(anonymous_13)
FN:174,(anonymous_14)
FN:189,(anonymous_15)
FN:204,(anonymous_16)
FN:214,(anonymous_17)
FN:224,(anonymous_18)
FN:232,(anonymous_19)
FN:242,(anonymous_20)
FN:252,(anonymous_21)
FN:261,(anonymous_22)
FN:276,(anonymous_23)
FN:293,(anonymous_24)
FN:308,(anonymous_25)
FN:315,(anonymous_26)
FN:330,(anonymous_27)
FN:347,(anonymous_28)
FN:357,(anonymous_29)
FN:370,(anonymous_30)
FN:383,(anonymous_31)
FN:396,(anonymous_32)
FN:403,(anonymous_33)
FN:410,(anonymous_34)
FN:425,(anonymous_35)
FN:433,(anonymous_36)
FN:443,(anonymous_37)
FNF:34
FNH:0
FNDA:0,buildCorsOrigin
FNDA:0,(anonymous_5)
FNDA:0,(anonymous_6)
FNDA:0,(anonymous_7)
FNDA:0,(anonymous_8)
FNDA:0,(anonymous_9)
FNDA:0,(anonymous_10)
FNDA:0,(anonymous_11)
FNDA:0,(anonymous_12)
FNDA:0,(anonymous_13)
FNDA:0,(anonymous_14)
FNDA:0,(anonymous_15)
FNDA:0,(anonymous_16)
FNDA:0,(anonymous_17)
FNDA:0,(anonymous_18)
FNDA:0,(anonymous_19)
FNDA:0,(anonymous_20)
FNDA:0,(anonymous_21)
FNDA:0,(anonymous_22)
FNDA:0,(anonymous_23)
FNDA:0,(anonymous_24)
FNDA:0,(anonymous_25)
FNDA:0,(anonymous_26)
FNDA:0,(anonymous_27)
FNDA:0,(anonymous_28)
FNDA:0,(anonymous_29)
FNDA:0,(anonymous_30)
FNDA:0,(anonymous_31)
FNDA:0,(anonymous_32)
FNDA:0,(anonymous_33)
FNDA:0,(anonymous_34)
FNDA:0,(anonymous_35)
FNDA:0,(anonymous_36)
FNDA:0,(anonymous_37)
DA:1,0
DA:10,0
DA:11,0
DA:12,0
DA:13,0
DA:14,0
DA:15,0
DA:16,0
DA:17,0
DA:18,0
DA:19,0
DA:20,0
DA:21,0
DA:22,0
DA:23,0
DA:27,0
DA:29,0
DA:30,0
DA:31,0
DA:32,0
DA:33,0
DA:34,0
DA:36,0
DA:37,0
DA:38,0
DA:40,0
DA:47,0
DA:48,0
DA:50,0
DA:56,0
DA:57,0
DA:60,0
DA:63,0
DA:66,0
DA:67,0
DA:68,0
DA:69,0
DA:70,0
DA:71,0
DA:72,0
DA:73,0
DA:74,0
DA:75,0
DA:80,0
DA:81,0
DA:83,0
DA:84,0
DA:85,0
DA:88,0
DA:89,0
DA:91,0
DA:92,0
DA:93,0
DA:96,0
DA:101,0
DA:103,0
DA:105,0
DA:106,0
DA:111,0
DA:112,0
DA:113,0
DA:123,0
DA:127,0
DA:138,0
DA:142,0
DA:146,0
DA:150,0
DA:159,0
DA:163,0
DA:174,0
DA:178,0
DA:189,0
DA:193,0
DA:204,0
DA:208,0
DA:214,0
DA:218,0
DA:224,0
DA:228,0
DA:232,0
DA:236,0
DA:242,0
DA:246,0
DA:252,0
DA:256,0
DA:261,0
DA:265,0
DA:276,0
DA:280,0
DA:293,0
DA:297,0
DA:308,0
DA:309,0
DA:315,0
DA:319,0
DA:330,0
DA:334,0
DA:347,0
DA:351,0
DA:357,0
DA:361,0
DA:370,0
DA:374,0
DA:383,0
DA:387,0
DA:396,0
DA:397,0
DA:403,0
DA:404,0
DA:410,0
DA:414,0
DA:425,0
DA:429,0
DA:433,0
DA:437,0
DA:443,0
DA:444,0
LF:117
LH:0
BRDA:27,0,0,0
BRDA:27,0,1,0
BRDA:32,1,0,0
BRDA:32,1,1,0
BRDA:36,2,0,0
BRDA:36,2,1,0
BRDA:40,3,0,0
BRDA:40,3,1,0
BRDA:41,4,0,0
BRDA:41,4,1,0
BRDA:41,4,2,0
BRDA:41,4,3,0
BRDA:41,4,4,0
BRDA:83,5,0,0
BRDA:83,5,1,0
BRDA:91,6,0,0
BRDA:91,6,1,0
BRDA:111,7,0,0
BRDA:111,7,1,0
BRF:19
BRH:0
end_of_record
TN:
SF:src\chat\chat.module.ts
FNF:0
FNH:0
DA:1,0
DA:2,0
DA:3,0
DA:4,0
DA:5,0
DA:6,0
DA:7,0
DA:8,0
DA:9,0
DA:10,0
DA:11,0
DA:12,0
DA:13,0
DA:14,0
DA:15,0
DA:16,0
DA:17,0
DA:18,0
DA:19,0
DA:20,0
DA:21,0
DA:22,0
DA:51,0
LF:23
LH:0
BRF:0
BRH:0
end_of_record
TN:
SF:src\chat\dto\chat.dto.ts
FN:30,(anonymous_6)
FN:58,(anonymous_7)
FNF:2
FNH:2
FNDA:44,(anonymous_6)
FNDA:44,(anonymous_7)
DA:1,8
DA:16,8
DA:20,8
DA:24,8
DA:27,8
DA:30,44
DA:33,8
DA:39,8
DA:46,8
DA:50,8
DA:54,8
DA:58,44
DA:63,8
DA:68,8
DA:73,8
DA:76,8
DA:79,8
DA:82,8
DA:87,8
DA:90,8
DA:93,8
DA:96,8
DA:99,8
DA:102,8
DA:105,8
DA:110,8
DA:115,8
DA:118,8
DA:121,8
DA:124,8
DA:127,8
DA:130,8
DA:133,8
DA:136,8
DA:137,8
DA:138,8
DA:139,8
DA:141,8
DA:143,8
DA:146,8
DA:150,8
DA:153,8
DA:156,8
DA:160,8
LF:44
LH:44
BRDA:16,0,0,8
BRDA:16,0,1,8
BRDA:30,1,0,44
BRDA:30,1,1,29
BRDA:58,2,0,44
BRDA:58,2,1,25
BRF:6
BRH:6
end_of_record
TN:
SF:src\chat\dto\clear-chat-history.dto.ts
FNF:0
FNH:0
DA:1,8
DA:3,8
DA:5,8
LF:3
LH:3
BRF:0
BRH:0
end_of_record
TN:
SF:src\chat\dto\delete-conversation-only.dto.ts
FNF:0
FNH:0
DA:1,8
DA:3,8
DA:5,8
LF:3
LH:3
BRF:0
BRH:0
end_of_record
TN:
SF:src\chat\dto\delete-message.dto.ts
FNF:0
FNH:0
DA:1,8
DA:3,8
DA:6,8
DA:10,8
LF:4
LH:4
BRF:0
BRH:0
end_of_record
TN:
SF:src\chat\dto\fetch-pre-key-bundle.dto.ts
FNF:0
FNH:0
DA:1,1
DA:3,1
DA:6,1
LF:3
LH:3
BRF:0
BRH:0
end_of_record
TN:
SF:src\chat\dto\mark-conversation-read.dto.ts
FNF:0
FNH:0
DA:1,1
DA:3,1
DA:6,1
LF:3
LH:3
BRF:0
BRH:0
end_of_record
TN:
SF:src\chat\dto\message-delivered.dto.ts
FNF:0
FNH:0
DA:1,1
DA:3,1
DA:6,1
LF:3
LH:3
BRF:0
BRH:0
end_of_record
TN:
SF:src\chat\dto\recording-voice.dto.ts
FN:13,(anonymous_2)
FNF:1
FNH:1
FNDA:2,(anonymous_2)
DA:1,1
DA:2,1
DA:4,1
DA:7,1
DA:11,1
DA:13,2
DA:15,1
LF:7
LH:7
BRDA:13,0,0,2
BRDA:13,0,1,0
BRF:2
BRH:1
end_of_record
TN:
SF:src\chat\dto\request-session-rebuild.dto.ts
FNF:0
FNH:0
DA:1,1
DA:3,1
DA:6,1
LF:3
LH:3
BRF:0
BRH:0
end_of_record
TN:
SF:src\chat\dto\set-disappearing-timer.dto.ts
FNF:0
FNH:0
DA:1,8
DA:3,8
DA:5,8
DA:9,8
LF:4
LH:4
BRF:0
BRH:0
end_of_record
TN:
SF:src\chat\dto\typing.dto.ts
FNF:0
FNH:0
DA:1,1
DA:3,1
DA:6,1
DA:10,1
LF:4
LH:4
BRF:0
BRH:0
end_of_record
TN:
SF:src\chat\dto\upload-key-bundle.dto.ts
FNF:0
FNH:0
DA:1,1
DA:3,1
DA:6,1
DA:10,1
DA:14,1
DA:18,1
DA:22,1
LF:7
LH:7
BRF:0
BRH:0
end_of_record
TN:
SF:src\chat\dto\upload-one-time-pre-keys.dto.ts
FN:24,(anonymous_2)
FNF:1
FNH:1
FNDA:2,(anonymous_2)
DA:1,1
DA:9,1
DA:11,1
DA:14,1
DA:18,1
DA:21,1
DA:24,2
DA:25,1
LF:8
LH:8
BRF:0
BRH:0
end_of_record
TN:
SF:src\chat\guards\ws-throttler.guard.ts
FN:7,(anonymous_1)
FN:12,(anonymous_2)
FN:23,(anonymous_3)
FNF:3
FNH:3
FNDA:2,(anonymous_1)
FNDA:2,(anonymous_2)
FNDA:3,(anonymous_3)
DA:1,1
DA:2,1
DA:6,1
DA:8,2
DA:11,2
DA:13,2
DA:16,2
DA:20,2
DA:24,3
DA:25,3
LF:10
LH:10
BRDA:17,0,0,2
BRDA:17,0,1,0
BRDA:26,1,0,3
BRDA:26,1,1,2
BRDA:26,1,2,1
BRF:5
BRH:4
end_of_record
TN:
SF:src\chat\mappers\conversation.mapper.ts
FN:7,(anonymous_0)
FNF:1
FNH:1
FNDA:2,(anonymous_0)
DA:2,3
DA:4,3
DA:6,3
DA:11,2
LF:4
LH:4
BRDA:17,0,0,2
BRDA:17,0,1,1
BRDA:18,1,0,1
BRDA:18,1,1,1
BRF:4
BRH:4
end_of_record
TN:
SF:src\chat\mappers\friend-request.mapper.ts
FN:5,(anonymous_0)
FNF:1
FNH:1
FNDA:4,(anonymous_0)
DA:2,2
DA:4,2
DA:6,4
LF:3
LH:3
BRF:0
BRH:0
end_of_record
TN:
SF:src\chat\mappers\user.mapper.ts
FN:4,(anonymous_0)
FNF:1
FNH:1
FNDA:16,(anonymous_0)
DA:3,7
DA:5,16
LF:2
LH:2
BRF:0
BRH:0
end_of_record
TN:
SF:src\chat\services\chat-block.service.ts
FN:10,(anonymous_2)
FN:12,(anonymous_3)
FN:28,(anonymous_4)
FN:39,(anonymous_5)
FN:49,(anonymous_6)
FN:55,(anonymous_7)
FN:59,(anonymous_8)
FNF:7
FNH:4
FNDA:10,(anonymous_2)
FNDA:5,(anonymous_3)
FNDA:0,(anonymous_4)
FNDA:3,(anonymous_5)
FNDA:0,(anonymous_6)
FNDA:2,(anonymous_7)
FNDA:0,(anonymous_8)
DA:1,1
DA:3,1
DA:4,1
DA:5,1
DA:6,1
DA:9,1
DA:10,10
DA:18,5
DA:19,5
DA:20,4
DA:21,4
DA:22,4
DA:23,1
DA:24,1
DA:26,3
DA:27,2
DA:28,2
DA:30,2
DA:31,2
DA:32,1
DA:35,1
DA:43,3
DA:44,3
DA:45,2
DA:46,2
DA:47,2
DA:48,1
DA:49,1
DA:51,1
DA:56,2
DA:57,2
DA:58,1
DA:59,1
LF:33
LH:33
BRDA:19,0,0,1
BRDA:19,0,1,4
BRDA:22,1,0,1
BRDA:22,1,1,3
BRDA:31,2,0,1
BRDA:31,2,1,1
BRDA:35,3,0,1
BRDA:35,3,1,0
BRDA:44,4,0,1
BRDA:44,4,1,2
BRDA:51,5,0,1
BRDA:51,5,1,0
BRDA:57,6,0,1
BRDA:57,6,1,1
BRF:14
BRH:12
end_of_record
TN:
SF:src\chat\services\chat-conversation.service.ts
FN:21,(anonymous_2)
FN:30,(anonymous_3)
FN:75,(anonymous_4)
FN:97,(anonymous_5)
FN:112,(anonymous_6)
FN:119,(anonymous_7)
FN:120,(anonymous_8)
FN:126,(anonymous_9)
FN:134,(anonymous_10)
FN:149,(anonymous_11)
FN:165,(anonymous_12)
FN:178,(anonymous_13)
FN:225,(anonymous_14)
FN:262,(anonymous_15)
FNF:14
FNH:3
FNDA:2,(anonymous_2)
FNDA:2,(anonymous_3)
FNDA:0,(anonymous_4)
FNDA:0,(anonymous_5)
FNDA:1,(anonymous_6)
FNDA:0,(anonymous_7)
FNDA:0,(anonymous_8)
FNDA:0,(anonymous_9)
FNDA:0,(anonymous_10)
FNDA:0,(anonymous_11)
FNDA:0,(anonymous_12)
FNDA:0,(anonymous_13)
FNDA:0,(anonymous_14)
FNDA:0,(anonymous_15)
DA:1,2
DA:3,2
DA:4,2
DA:5,2
DA:6,2
DA:7,2
DA:8,2
DA:9,2
DA:14,2
DA:15,2
DA:18,2
DA:19,2
DA:22,2
DA:23,2
DA:24,2
DA:25,2
DA:26,2
DA:27,2
DA:36,2
DA:37,2
DA:39,2
DA:40,2
DA:41,2
DA:43,0
DA:44,0
DA:47,2
DA:48,2
DA:50,2
DA:51,0
DA:52,0
DA:55,2
DA:59,2
DA:60,1
DA:61,1
DA:64,1
DA:69,1
DA:74,1
DA:75,1
DA:77,0
DA:78,0
DA:80,1
DA:81,1
DA:82,1
DA:85,1
DA:86,1
DA:88,0
DA:93,0
DA:97,0
DA:99,0
DA:102,0
DA:104,0
DA:108,0
DA:116,1
DA:118,0
DA:119,0
DA:120,0
DA:121,0
DA:126,0
DA:127,0
DA:128,0
DA:134,0
DA:135,0
DA:136,0
DA:137,0
DA:140,0
DA:143,0
DA:146,0
DA:150,0
DA:151,0
DA:152,0
DA:153,0
DA:156,0
DA:159,0
DA:164,0
DA:165,0
DA:167,0
DA:168,0
DA:170,0
DA:174,0
DA:175,0
DA:184,0
DA:185,0
DA:189,0
DA:190,0
DA:192,0
DA:193,0
DA:197,0
DA:200,0
DA:201,0
DA:202,0
DA:207,0
DA:208,0
DA:209,0
DA:210,0
DA:215,0
DA:220,0
DA:221,0
DA:224,0
DA:225,0
DA:227,0
DA:228,0
DA:230,0
DA:231,0
DA:232,0
DA:236,0
DA:237,0
DA:239,0
DA:242,0
DA:243,0
DA:244,0
DA:246,0
DA:247,0
DA:248,0
DA:252,0
DA:255,0
DA:268,0
DA:269,0
DA:271,0
DA:272,0
DA:273,0
DA:275,0
DA:276,0
DA:279,0
DA:282,0
DA:283,0
DA:284,0
DA:289,0
DA:290,0
DA:291,0
DA:292,0
DA:296,0
DA:303,0
DA:307,0
DA:313,0
DA:315,0
DA:316,0
DA:317,0
DA:320,0
LF:138
LH:40
BRDA:37,0,0,0
BRDA:37,0,1,2
BRDA:50,1,0,0
BRDA:50,1,1,2
BRDA:50,2,0,2
BRDA:50,2,1,2
BRDA:59,3,0,1
BRDA:59,3,1,1
BRDA:77,4,0,0
BRDA:77,4,1,0
BRDA:86,5,0,0
BRDA:86,5,1,1
BRDA:99,6,0,0
BRDA:99,6,1,0
BRDA:116,7,0,1
BRDA:116,7,1,0
BRDA:129,8,0,0
BRDA:129,8,1,0
BRDA:130,9,0,0
BRDA:130,9,1,0
BRDA:137,10,0,0
BRDA:137,10,1,0
BRDA:140,11,0,0
BRDA:140,11,1,0
BRDA:151,12,0,0
BRDA:151,12,1,0
BRDA:167,13,0,0
BRDA:167,13,1,0
BRDA:185,14,0,0
BRDA:185,14,1,0
BRDA:200,15,0,0
BRDA:200,15,1,0
BRDA:207,16,0,0
BRDA:207,16,1,0
BRDA:208,17,0,0
BRDA:208,17,1,0
BRDA:215,18,0,0
BRDA:215,18,1,0
BRDA:246,19,0,0
BRDA:246,19,1,0
BRDA:269,20,0,0
BRDA:269,20,1,0
BRDA:282,21,0,0
BRDA:282,21,1,0
BRDA:289,22,0,0
BRDA:289,22,1,0
BRDA:290,23,0,0
BRDA:290,23,1,0
BRDA:303,24,0,0
BRDA:303,24,1,0
BRDA:316,25,0,0
BRDA:316,25,1,0
BRF:52
BRH:8
end_of_record
TN:
SF:src\chat\services\chat-friend-request.service.ts
FN:26,(anonymous_2)
FN:37,(anonymous_3)
FN:46,(anonymous_4)
FN:49,(anonymous_5)
FN:58,(anonymous_6)
FN:78,(anonymous_7)
FN:85,(anonymous_8)
FN:93,(anonymous_9)
FN:113,(anonymous_10)
FN:141,(anonymous_11)
FN:245,(anonymous_12)
FN:358,(anonymous_13)
FN:390,(anonymous_14)
FN:404,(anonymous_15)
FN:414,(anonymous_16)
FN:415,(anonymous_17)
FN:419,(anonymous_18)
FN:462,(anonymous_19)
FNF:18
FNH:11
FNDA:10,(anonymous_2)
FNDA:2,(anonymous_3)
FNDA:0,(anonymous_4)
FNDA:0,(anonymous_5)
FNDA:2,(anonymous_6)
FNDA:2,(anonymous_7)
FNDA:0,(anonymous_8)
FNDA:0,(anonymous_9)
FNDA:0,(anonymous_10)
FNDA:4,(anonymous_11)
FNDA:2,(anonymous_12)
FNDA:1,(anonymous_13)
FNDA:0,(anonymous_14)
FNDA:1,(anonymous_15)
FNDA:1,(anonymous_16)
FNDA:1,(anonymous_17)
FNDA:2,(anonymous_18)
FNDA:0,(anonymous_19)
DA:1,1
DA:3,1
DA:4,1
DA:5,1
DA:7,1
DA:8,1
DA:9,1
DA:10,1
DA:11,1
DA:17,1
DA:18,1
DA:19,1
DA:20,1
DA:23,1
DA:24,10
DA:27,10
DA:28,10
DA:29,10
DA:30,10
DA:31,10
DA:32,10
DA:33,10
DA:44,2
DA:45,2
DA:46,2
DA:47,2
DA:48,0
DA:49,0
DA:52,0
DA:65,2
DA:66,2
DA:67,2
DA:68,2
DA:69,0
DA:70,0
DA:73,0
DA:79,2
DA:84,2
DA:85,2
DA:86,0
DA:87,0
DA:89,2
DA:100,0
DA:101,0
DA:102,0
DA:103,0
DA:104,0
DA:105,0
DA:108,0
DA:121,0
DA:122,0
DA:123,0
DA:124,0
DA:126,0
DA:128,0
DA:129,0
DA:130,0
DA:131,0
DA:132,0
DA:134,0
DA:136,0
DA:137,0
DA:138,0
DA:147,4
DA:148,4
DA:150,4
DA:151,4
DA:152,4
DA:154,0
DA:155,0
DA:158,4
DA:159,4
DA:161,4
DA:162,1
DA:163,1
DA:165,3
DA:166,1
DA:167,1
DA:171,2
DA:175,2
DA:176,1
DA:177,1
DA:183,1
DA:184,1
DA:187,1
DA:188,1
DA:192,1
DA:194,0
DA:195,0
DA:198,0
DA:202,1
DA:203,0
DA:204,0
DA:208,1
DA:209,1
DA:212,1
DA:214,0
DA:221,1
DA:222,1
DA:223,1
DA:226,1
DA:227,0
DA:228,0
DA:231,0
DA:232,0
DA:237,0
DA:251,2
DA:252,2
DA:254,2
DA:255,2
DA:256,2
DA:258,0
DA:259,0
DA:265,2
DA:266,2
DA:269,2
DA:273,1
DA:277,1
DA:280,1
DA:282,1
DA:283,1
DA:284,0
DA:287,1
DA:291,1
DA:294,1
DA:298,1
DA:299,1
DA:300,1
DA:303,1
DA:306,1
DA:307,1
DA:311,1
DA:316,0
DA:324,1
DA:333,1
DA:334,1
DA:335,1
DA:336,1
DA:337,1
DA:339,0
DA:343,1
DA:352,1
DA:353,1
DA:354,1
DA:359,1
DA:360,1
DA:362,1
DA:363,1
DA:364,1
DA:366,0
DA:367,0
DA:370,1
DA:375,1
DA:376,1
DA:379,1
DA:380,1
DA:386,1
DA:387,1
DA:391,0
DA:392,0
DA:394,0
DA:395,0
DA:400,0
DA:401,0
DA:405,1
DA:406,1
DA:408,1
DA:413,1
DA:414,1
DA:415,1
DA:416,1
DA:425,2
DA:426,2
DA:428,2
DA:429,2
DA:430,2
DA:432,0
DA:433,0
DA:436,2
DA:441,2
DA:442,2
DA:444,1
DA:445,1
DA:448,1
DA:452,1
DA:453,1
DA:457,1
DA:458,1
DA:461,1
DA:462,0
DA:464,1
DA:465,1
DA:470,0
DA:477,1
DA:480,1
DA:481,1
DA:482,1
DA:483,0
DA:486,0
DA:490,1
DA:497,1
LF:201
LH:140
BRDA:47,0,0,0
BRDA:47,0,1,2
BRDA:47,1,0,2
BRDA:47,1,1,0
BRDA:68,2,0,0
BRDA:68,2,1,2
BRDA:68,3,0,2
BRDA:68,3,1,0
BRDA:86,4,0,0
BRDA:86,4,1,0
BRDA:103,5,0,0
BRDA:103,5,1,0
BRDA:103,6,0,0
BRDA:103,6,1,0
BRDA:124,7,0,0
BRDA:124,7,1,0
BRDA:137,8,0,0
BRDA:137,8,1,0
BRDA:148,9,0,0
BRDA:148,9,1,4
BRDA:161,10,0,1
BRDA:161,10,1,3
BRDA:161,11,0,4
BRDA:161,11,1,4
BRDA:165,12,0,1
BRDA:165,12,1,2
BRDA:175,13,0,1
BRDA:175,13,1,1
BRDA:196,14,0,0
BRDA:196,14,1,0
BRDA:202,15,0,0
BRDA:202,15,1,1
BRDA:224,16,0,1
BRDA:224,16,1,1
BRDA:226,17,0,0
BRDA:226,17,1,1
BRDA:252,18,0,0
BRDA:252,18,1,2
BRDA:283,19,0,0
BRDA:283,19,1,1
BRDA:292,20,0,1
BRDA:292,20,1,0
BRDA:306,21,0,1
BRDA:306,21,1,0
BRDA:306,22,0,1
BRDA:306,22,1,1
BRDA:352,23,0,1
BRDA:352,23,1,0
BRDA:360,24,0,0
BRDA:360,24,1,1
BRDA:392,25,0,0
BRDA:392,25,1,0
BRDA:406,26,0,0
BRDA:406,26,1,1
BRDA:426,27,0,0
BRDA:426,27,1,2
BRDA:446,28,0,1
BRDA:446,28,1,0
BRDA:457,29,0,1
BRDA:457,29,1,0
BRDA:482,30,0,0
BRDA:482,30,1,1
BRF:62
BRH:30
end_of_record
TN:
SF:src\chat\services\chat-key-exchange.service.ts
FN:20,(anonymous_2)
FN:22,(anonymous_3)
FN:46,(anonymous_4)
FN:67,(anonymous_5)
FN:115,(anonymous_6)
FN:130,(anonymous_7)
FN:141,(anonymous_8)
FN:152,(anonymous_9)
FNF:8
FNH:7
FNDA:19,(anonymous_2)
FNDA:3,(anonymous_3)
FNDA:3,(anonymous_4)
FNDA:10,(anonymous_5)
FNDA:8,(anonymous_6)
FNDA:8,(anonymous_7)
FNDA:0,(anonymous_8)
FNDA:4,(anonymous_9)
DA:1,1
DA:3,1
DA:4,1
DA:5,1
DA:6,1
DA:7,1
DA:8,1
DA:10,1
DA:11,1
DA:12,1
DA:13,1
DA:16,1
DA:17,19
DA:18,19
DA:20,19
DA:23,3
DA:24,3
DA:26,2
DA:27,2
DA:28,1
DA:35,1
DA:37,1
DA:40,1
DA:50,3
DA:51,3
DA:53,2
DA:54,2
DA:55,1
DA:56,1
DA:58,1
DA:61,1
DA:73,10
DA:74,10
DA:76,9
DA:77,9
DA:78,8
DA:79,1
DA:82,1
DA:84,7
DA:86,7
DA:92,7
DA:93,6
DA:96,6
DA:97,2
DA:98,2
DA:99,1
DA:106,1
DA:109,1
DA:119,8
DA:120,8
DA:121,8
DA:122,8
DA:123,8
DA:124,1
DA:126,7
DA:127,7
DA:131,8
DA:132,2
DA:133,1
DA:136,8
DA:137,8
DA:140,0
DA:141,0
DA:143,0
DA:144,0
DA:145,0
DA:158,4
DA:159,4
DA:161,3
DA:162,3
DA:163,2
DA:164,2
DA:165,1
DA:170,1
DA:173,1
LF:75
LH:70
BRDA:24,0,0,1
BRDA:24,0,1,2
BRDA:41,1,0,1
BRDA:41,1,1,0
BRDA:51,2,0,1
BRDA:51,2,1,2
BRDA:62,3,0,1
BRDA:62,3,1,0
BRDA:74,4,0,1
BRDA:74,4,1,9
BRDA:78,5,0,1
BRDA:78,5,1,7
BRDA:92,6,0,6
BRDA:92,6,1,1
BRDA:96,7,0,2
BRDA:96,7,1,4
BRDA:98,8,0,1
BRDA:98,8,1,1
BRDA:110,9,0,1
BRDA:110,9,1,0
BRDA:123,10,0,1
BRDA:123,10,1,7
BRDA:123,11,0,8
BRDA:123,11,1,1
BRDA:132,12,0,1
BRDA:132,12,1,1
BRDA:136,13,0,8
BRDA:136,13,1,0
BRDA:159,14,0,1
BRDA:159,14,1,3
BRDA:164,15,0,1
BRDA:164,15,1,1
BRDA:174,16,0,1
BRDA:174,16,1,0
BRF:34
BRH:29
end_of_record
TN:
SF:src\chat\services\chat-link-preview.service.ts
FN:10,(anonymous_2)
FN:21,(anonymous_3)
FN:49,(anonymous_4)
FN:70,(anonymous_5)
FNF:4
FNH:4
FNDA:5,(anonymous_2)
FNDA:5,(anonymous_3)
FNDA:2,(anonymous_4)
FNDA:1,(anonymous_5)
DA:1,2
DA:3,2
DA:4,2
DA:7,2
DA:8,5
DA:11,5
DA:12,5
DA:40,5
DA:43,5
DA:44,4
DA:45,3
DA:47,3
DA:50,2
DA:51,2
DA:57,2
DA:58,2
DA:65,2
DA:66,2
DA:67,1
LF:19
LH:19
BRDA:43,0,0,1
BRDA:43,0,1,4
BRDA:44,1,0,1
BRDA:44,1,1,3
BRDA:45,2,0,0
BRDA:45,2,1,3
BRDA:50,3,0,0
BRDA:50,3,1,2
BRDA:57,4,0,0
BRDA:57,4,1,2
BRDA:66,5,0,1
BRDA:66,5,1,1
BRF:12
BRH:9
end_of_record
TN:
SF:src\chat\services\chat-message.service.ts
FN:21,(anonymous_2)
FN:31,(anonymous_3)
FN:111,(anonymous_4)
FN:126,(anonymous_5)
FN:153,(anonymous_6)
FN:171,(anonymous_7)
FN:180,(anonymous_8)
FN:200,(anonymous_9)
FN:246,(anonymous_10)
FN:298,(anonymous_11)
FN:336,(anonymous_12)
FN:362,(anonymous_13)
FNF:12
FNH:3
FNDA:12,(anonymous_2)
FNDA:10,(anonymous_3)
FNDA:0,(anonymous_4)
FNDA:0,(anonymous_5)
FNDA:0,(anonymous_6)
FNDA:0,(anonymous_7)
FNDA:0,(anonymous_8)
FNDA:2,(anonymous_9)
FNDA:0,(anonymous_10)
FNDA:0,(anonymous_11)
FNDA:0,(anonymous_12)
FNDA:0,(anonymous_13)
DA:1,1
DA:3,1
DA:4,1
DA:5,1
DA:6,1
DA:7,1
DA:8,1
DA:9,1
DA:10,1
DA:11,1
DA:12,1
DA:13,1
DA:14,1
DA:15,1
DA:18,1
DA:19,12
DA:22,12
DA:23,12
DA:24,12
DA:25,12
DA:26,12
DA:27,12
DA:28,12
DA:37,10
DA:38,10
DA:40,10
DA:41,10
DA:42,9
DA:44,1
DA:45,1
DA:48,9
DA:52,9
DA:53,0
DA:54,0
DA:57,9
DA:58,9
DA:59,9
DA:60,0
DA:61,0
DA:64,9
DA:69,9
DA:73,9
DA:87,9
DA:93,9
DA:96,9
DA:97,9
DA:98,1
DA:99,1
DA:103,8
DA:111,9
DA:114,9
DA:127,0
DA:128,0
DA:130,0
DA:131,0
DA:132,0
DA:134,0
DA:135,0
DA:138,0
DA:139,0
DA:150,0
DA:153,0
DA:154,0
DA:155,0
DA:159,0
DA:160,0
DA:161,0
DA:162,0
DA:163,0
DA:170,0
DA:171,0
DA:174,0
DA:175,0
DA:180,0
DA:181,0
DA:184,0
DA:189,0
DA:193,0
DA:206,2
DA:207,2
DA:208,2
DA:211,2
DA:212,2
DA:213,2
DA:215,0
DA:216,0
DA:220,2
DA:223,2
DA:225,2
DA:227,2
DA:228,2
DA:230,1
DA:234,1
DA:236,1
DA:237,1
DA:238,0
DA:252,0
DA:253,0
DA:256,0
DA:257,0
DA:258,0
DA:260,0
DA:261,0
DA:264,0
DA:267,0
DA:270,0
DA:271,0
DA:272,0
DA:273,0
DA:277,0
DA:281,0
DA:286,0
DA:287,0
DA:288,0
DA:289,0
DA:304,0
DA:305,0
DA:307,0
DA:308,0
DA:309,0
DA:311,0
DA:312,0
DA:316,0
DA:319,0
DA:320,0
DA:321,0
DA:325,0
DA:327,0
DA:328,0
DA:329,0
DA:332,0
DA:335,0
DA:336,0
DA:338,0
DA:342,0
DA:346,0
DA:349,0
DA:352,0
DA:353,0
DA:354,0
DA:357,0
DA:368,0
DA:369,0
DA:371,0
DA:372,0
DA:373,0
DA:375,0
DA:376,0
DA:379,0
DA:381,0
DA:382,0
DA:383,0
DA:384,0
DA:387,0
DA:388,0
DA:389,0
DA:390,0
DA:393,0
DA:394,0
DA:395,0
DA:396,0
DA:399,0
DA:400,0
DA:402,0
DA:403,0
DA:404,0
DA:405,0
DA:406,0
DA:408,0
DA:413,0
DA:414,0
DA:417,0
DA:418,0
DA:419,0
DA:421,0
DA:422,0
DA:423,0
DA:426,0
DA:428,0
DA:433,0
DA:434,0
DA:435,0
DA:441,0
LF:183
LH:62
BRDA:38,0,0,0
BRDA:38,0,1,10
BRDA:52,1,0,0
BRDA:52,1,1,9
BRDA:59,2,0,0
BRDA:59,2,1,9
BRDA:59,3,0,9
BRDA:59,3,1,9
BRDA:69,4,0,0
BRDA:69,4,1,9
BRDA:74,5,0,8
BRDA:74,5,1,1
BRDA:82,6,0,9
BRDA:82,6,1,9
BRDA:83,7,0,9
BRDA:83,7,1,1
BRDA:97,8,0,1
BRDA:97,8,1,8
BRDA:116,9,0,9
BRDA:116,9,1,1
BRDA:128,10,0,0
BRDA:128,10,1,0
BRDA:154,11,0,0
BRDA:154,11,1,0
BRDA:165,12,0,0
BRDA:165,12,1,0
BRDA:171,13,0,0
BRDA:171,13,1,0
BRDA:174,14,0,0
BRDA:174,14,1,0
BRDA:207,15,0,0
BRDA:207,15,1,2
BRDA:223,16,0,0
BRDA:223,16,1,2
BRDA:227,17,0,2
BRDA:227,17,1,0
BRDA:228,18,0,1
BRDA:228,18,1,1
BRDA:234,19,0,0
BRDA:234,19,1,1
BRDA:237,20,0,0
BRDA:237,20,1,1
BRDA:253,21,0,0
BRDA:253,21,1,0
BRDA:267,22,0,0
BRDA:267,22,1,0
BRDA:271,23,0,0
BRDA:271,23,1,0
BRDA:271,24,0,0
BRDA:271,24,1,0
BRDA:277,25,0,0
BRDA:277,25,1,0
BRDA:288,26,0,0
BRDA:288,26,1,0
BRDA:305,27,0,0
BRDA:305,27,1,0
BRDA:319,28,0,0
BRDA:319,28,1,0
BRDA:325,29,0,0
BRDA:325,29,1,0
BRDA:327,30,0,0
BRDA:327,30,1,0
BRDA:342,31,0,0
BRDA:342,31,1,0
BRDA:353,32,0,0
BRDA:353,32,1,0
BRDA:369,33,0,0
BRDA:369,33,1,0
BRDA:382,34,0,0
BRDA:382,34,1,0
BRDA:388,35,0,0
BRDA:388,35,1,0
BRDA:393,36,0,0
BRDA:393,36,1,0
BRDA:394,37,0,0
BRDA:394,37,1,0
BRDA:399,38,0,0
BRDA:399,38,1,0
BRDA:402,39,0,0
BRDA:402,39,1,0
BRDA:404,40,0,0
BRDA:404,40,1,0
BRDA:417,41,0,0
BRDA:417,41,1,0
BRDA:418,42,0,0
BRDA:418,42,1,0
BRDA:422,43,0,0
BRDA:422,43,1,0
BRDA:434,44,0,0
BRDA:434,44,1,0
BRF:90
BRH:23
end_of_record
TN:
SF:src\chat\services\chat-presence.service.ts
FN:9,(anonymous_1)
FN:30,(anonymous_2)
FNF:2
FNH:2
FNDA:3,(anonymous_1)
FNDA:3,(anonymous_2)
DA:1,1
DA:3,1
DA:4,1
DA:5,1
DA:8,1
DA:15,3
DA:16,3
DA:17,2
DA:18,2
DA:19,2
DA:20,2
DA:21,1
DA:26,0
DA:36,3
DA:37,3
DA:38,2
DA:39,2
DA:40,2
DA:41,2
DA:42,1
DA:48,0
LF:21
LH:19
BRDA:16,0,0,1
BRDA:16,0,1,2
BRDA:20,1,0,1
BRDA:20,1,1,1
BRDA:37,2,0,1
BRDA:37,2,1,2
BRDA:41,3,0,1
BRDA:41,3,1,1
BRF:8
BRH:8
end_of_record
TN:
SF:src\chat\services\chat-reaction.service.ts
FN:11,(anonymous_2)
FN:13,(anonymous_3)
FN:50,(anonymous_4)
FNF:3
FNH:3
FNDA:7,(anonymous_2)
FNDA:4,(anonymous_3)
FNDA:3,(anonymous_4)
DA:1,1
DA:3,1
DA:4,1
DA:5,1
DA:8,1
DA:9,7
DA:11,7
DA:19,4
DA:20,4
DA:22,3
DA:23,3
DA:24,2
DA:26,1
DA:27,1
DA:30,2
DA:31,2
DA:33,1
DA:34,1
DA:35,0
DA:38,1
DA:39,1
DA:41,1
DA:42,1
DA:44,1
DA:45,1
DA:46,1
DA:47,1
DA:56,3
DA:57,3
DA:59,2
DA:60,2
DA:61,2
DA:63,0
DA:64,0
DA:67,2
DA:68,2
DA:70,1
DA:71,1
DA:72,0
DA:75,1
DA:76,1
DA:78,1
DA:79,1
DA:81,1
DA:82,1
DA:83,1
DA:84,1
LF:47
LH:43
BRDA:20,0,0,1
BRDA:20,0,1,3
BRDA:31,1,0,1
BRDA:31,1,1,1
BRDA:34,2,0,0
BRDA:34,2,1,1
BRDA:34,3,0,1
BRDA:34,3,1,0
BRDA:39,4,0,0
BRDA:39,4,1,1
BRDA:41,5,0,1
BRDA:41,5,1,0
BRDA:45,6,0,1
BRDA:45,6,1,0
BRDA:47,7,0,1
BRDA:47,7,1,0
BRDA:57,8,0,1
BRDA:57,8,1,2
BRDA:68,9,0,1
BRDA:68,9,1,1
BRDA:71,10,0,0
BRDA:71,10,1,1
BRDA:71,11,0,1
BRDA:71,11,1,0
BRDA:76,12,0,0
BRDA:76,12,1,1
BRDA:78,13,0,1
BRDA:78,13,1,0
BRDA:82,14,0,1
BRDA:82,14,1,0
BRDA:84,15,0,1
BRDA:84,15,1,0
BRF:32
BRH:20
end_of_record
TN:
SF:src\chat\services\chat-search.service.ts
FN:13,(anonymous_2)
FN:18,(anonymous_3)
FN:31,(anonymous_4)
FNF:3
FNH:3
FNDA:6,(anonymous_2)
FNDA:6,(anonymous_3)
FNDA:1,(anonymous_4)
DA:1,1
DA:3,1
DA:4,1
DA:5,1
DA:6,1
DA:7,1
DA:10,1
DA:11,6
DA:14,6
DA:15,6
DA:19,6
DA:20,6
DA:22,5
DA:23,5
DA:24,4
DA:25,4
DA:26,4
DA:27,2
DA:28,2
DA:30,2
DA:31,1
DA:33,2
DA:34,1
DA:35,1
DA:37,1
DA:39,1
LF:26
LH:26
BRDA:20,0,0,1
BRDA:20,0,1,5
BRDA:26,1,0,2
BRDA:26,1,1,2
BRDA:26,2,0,4
BRDA:26,2,1,3
BRDA:33,3,0,1
BRDA:33,3,1,1
BRDA:39,4,0,1
BRDA:39,4,1,0
BRF:10
BRH:9
end_of_record
TN:
SF:src\chat\services\chat-validation.service.ts
FN:12,(anonymous_2)
FN:17,(anonymous_3)
FNF:2
FNH:0
FNDA:0,(anonymous_2)
FNDA:0,(anonymous_3)
DA:1,3
DA:2,3
DA:3,3
DA:11,3
DA:13,0
DA:14,0
DA:21,0
DA:25,0
DA:26,0
DA:29,0
DA:33,0
DA:34,0
DA:37,0
LF:13
LH:4
BRDA:25,0,0,0
BRDA:25,0,1,0
BRDA:33,1,0,0
BRDA:33,1,1,0
BRF:4
BRH:0
end_of_record
TN:
SF:src\chat\services\link-preview.module.ts
FNF:0
FNH:0
DA:1,0
DA:2,0
DA:8,0
LF:3
LH:0
BRF:0
BRH:0
end_of_record
TN:
SF:src\chat\services\link-preview.service.ts
FN:6,extractFirstUrl
FN:11,isPrivateOrLocal
FN:23,isSafeImageUrl
FN:33,parseOgMeta
FN:49,(anonymous_5)
FN:71,(anonymous_6)
FN:80,(anonymous_7)
FNF:7
FNH:6
FNDA:23,extractFirstUrl
FNDA:23,isPrivateOrLocal
FNDA:4,isSafeImageUrl
FNDA:7,parseOgMeta
FNDA:4,(anonymous_5)
FNDA:23,(anonymous_6)
FNDA:0,(anonymous_7)
DA:1,4
DA:4,4
DA:7,23
DA:8,23
DA:12,23
DA:13,23
DA:15,23
DA:16,23
DA:18,0
DA:24,4
DA:25,4
DA:26,4
DA:27,3
DA:29,0
DA:38,7
DA:44,7
DA:48,7
DA:50,4
DA:51,4
DA:54,4
DA:56,0
DA:61,7
DA:68,4
DA:69,23
DA:74,23
DA:75,23
DA:76,20
DA:78,9
DA:79,9
DA:80,9
DA:82,9
DA:86,9
DA:88,9
DA:90,8
DA:91,8
DA:95,7
DA:96,7
DA:97,7
DA:98,7
DA:99,7
DA:100,7
DA:101,7
DA:102,7
DA:103,7
DA:104,7
DA:105,7
DA:106,0
DA:108,7
DA:110,7
DA:111,7
DA:113,6
DA:115,0
DA:116,0
LF:53
LH:47
BRDA:8,0,0,20
BRDA:8,0,1,3
BRDA:15,1,0,0
BRDA:15,1,1,23
BRDA:26,2,0,1
BRDA:26,2,1,3
BRDA:38,3,0,7
BRDA:38,3,1,3
BRDA:38,3,2,3
BRDA:38,3,3,1
BRDA:44,4,0,7
BRDA:44,4,1,3
BRDA:44,4,2,3
BRDA:48,5,0,4
BRDA:48,5,1,3
BRDA:51,6,0,3
BRDA:51,6,1,1
BRDA:54,7,0,2
BRDA:54,7,1,2
BRDA:62,8,0,6
BRDA:62,8,1,1
BRDA:75,9,0,3
BRDA:75,9,1,20
BRDA:76,10,0,11
BRDA:76,10,1,9
BRDA:88,11,0,1
BRDA:88,11,1,8
BRDA:90,12,0,8
BRDA:90,12,1,0
BRDA:91,13,0,1
BRDA:91,13,1,7
BRDA:96,14,0,0
BRDA:96,14,1,7
BRDA:102,15,0,0
BRDA:102,15,1,7
BRDA:105,16,0,7
BRDA:105,16,1,0
BRDA:106,17,0,0
BRDA:106,17,1,0
BRDA:111,18,0,1
BRDA:111,18,1,6
BRDA:111,19,0,7
BRDA:111,19,1,1
BRF:43
BRH:36
end_of_record
TN:
SF:src\chat\utils\dto.validator.ts
FN:5,validateDto
FN:16,(anonymous_1)
FNF:2
FNH:2
FNDA:120,validateDto
FNDA:49,(anonymous_1)
DA:1,11
DA:2,11
DA:3,11
DA:5,11
DA:9,120
DA:12,120
DA:14,120
DA:15,43
DA:17,49
DA:18,49
DA:22,43
DA:25,77
LF:12
LH:12
BRDA:14,0,0,43
BRDA:14,0,1,77
BRDA:17,1,0,49
BRDA:17,1,1,0
BRF:4
BRH:3
end_of_record
TN:
SF:src\config\env.validation.ts
FN:11,(anonymous_2)
FN:55,validate
FN:67,(anonymous_4)
FNF:3
FNH:0
FNDA:0,(anonymous_2)
FNDA:0,validate
FNDA:0,(anonymous_4)
DA:1,0
DA:2,0
DA:11,0
DA:12,0
DA:13,0
DA:14,0
DA:17,0
DA:19,0
DA:22,0
DA:25,0
DA:28,0
DA:31,0
DA:34,0
DA:37,0
DA:41,0
DA:44,0
DA:48,0
DA:52,0
DA:55,0
DA:56,0
DA:60,0
DA:64,0
DA:65,0
DA:68,0
DA:71,0
DA:74,0
LF:26
LH:0
BRDA:11,0,0,0
BRDA:11,0,1,0
BRDA:64,1,0,0
BRDA:64,1,1,0
BRDA:68,2,0,0
BRDA:68,2,1,0
BRF:6
BRH:0
end_of_record
TN:
SF:src\conversations\conversation.entity.ts
FN:18,(anonymous_2)
FN:22,(anonymous_3)
FNF:2
FNH:0
FNDA:0,(anonymous_2)
FNDA:0,(anonymous_3)
DA:1,15
DA:9,15
DA:14,15
DA:16,15
DA:18,0
DA:20,15
DA:22,0
DA:24,15
DA:27,15
DA:30,15
LF:10
LH:8
BRF:0
BRH:0
end_of_record
TN:
SF:src\conversations\conversations.module.ts
FNF:0
FNH:0
DA:1,0
DA:2,0
DA:3,0
DA:4,0
DA:5,0
DA:12,0
LF:6
LH:0
BRF:0
BRH:0
end_of_record
TN:
SF:src\conversations\conversations.service.ts
FN:10,(anonymous_4)
FN:19,(anonymous_5)
FN:44,(anonymous_6)
FN:52,(anonymous_7)
FN:60,(anonymous_8)
FN:72,(anonymous_9)
FN:78,(anonymous_10)
FNF:7
FNH:0
FNDA:0,(anonymous_4)
FNDA:0,(anonymous_5)
FNDA:0,(anonymous_6)
FNDA:0,(anonymous_7)
FNDA:0,(anonymous_8)
FNDA:0,(anonymous_9)
FNDA:0,(anonymous_10)
DA:1,5
DA:2,5
DA:3,5
DA:4,5
DA:6,5
DA:9,5
DA:12,0
DA:14,0
DA:20,0
DA:26,0
DA:28,0
DA:29,0
DA:30,0
DA:33,0
DA:39,0
DA:40,0
DA:45,0
DA:53,0
DA:64,0
DA:74,0
DA:75,0
DA:82,0
DA:83,0
DA:85,0
DA:86,0
LF:25
LH:6
BRDA:26,0,0,0
BRDA:26,0,1,0
BRDA:39,1,0,0
BRDA:39,1,1,0
BRDA:83,2,0,0
BRDA:83,2,1,0
BRF:6
BRH:0
end_of_record
TN:
SF:src\fcm-tokens\fcm-token.entity.ts
FNF:0
FNH:0
DA:1,7
DA:5,7
DA:7,7
DA:10,7
DA:13,7
DA:16,7
DA:19,7
LF:7
LH:7
BRF:0
BRH:0
end_of_record
TN:
SF:src\fcm-tokens\fcm-tokens.module.ts
FNF:0
FNH:0
DA:1,0
DA:2,0
DA:3,0
DA:4,0
DA:11,0
LF:5
LH:0
BRF:0
BRH:0
end_of_record
TN:
SF:src\fcm-tokens\fcm-tokens.service.ts
FN:10,(anonymous_4)
FN:15,(anonymous_5)
FN:19,(anonymous_6)
FN:23,(anonymous_7)
FN:27,(anonymous_8)
FN:29,(anonymous_9)
FNF:6
FNH:0
FNDA:0,(anonymous_4)
FNDA:0,(anonymous_5)
FNDA:0,(anonymous_6)
FNDA:0,(anonymous_7)
FNDA:0,(anonymous_8)
FNDA:0,(anonymous_9)
DA:1,7
DA:2,7
DA:3,7
DA:4,7
DA:7,7
DA:8,0
DA:12,0
DA:16,0
DA:20,0
DA:24,0
DA:28,0
DA:29,0
LF:12
LH:5
BRF:0
BRH:0
end_of_record
TN:
SF:src\friends\friend-request.entity.ts
FN:12,(anonymous_2)
FN:24,(anonymous_3)
FN:28,(anonymous_4)
FNF:3
FNH:1
FNDA:10,(anonymous_2)
FNDA:0,(anonymous_3)
FNDA:0,(anonymous_4)
DA:1,10
DA:10,10
DA:12,10
DA:13,10
DA:14,10
DA:15,10
DA:20,10
DA:22,10
DA:24,0
DA:26,10
DA:28,0
DA:30,10
DA:37,10
DA:40,10
DA:43,10
LF:15
LH:13
BRDA:12,0,0,10
BRDA:12,0,1,10
BRF:2
BRH:2
end_of_record
TN:
SF:src\friends\friends.module.ts
FNF:0
FNH:0
DA:1,0
DA:2,0
DA:3,0
DA:4,0
DA:5,0
DA:12,0
LF:6
LH:0
BRF:0
BRH:0
end_of_record
TN:
SF:src\friends\friends.service.ts
FN:16,(anonymous_4)
FN:22,(anonymous_5)
FN:62,(anonymous_6)
FN:105,(anonymous_7)
FN:137,(anonymous_8)
FN:169,(anonymous_9)
FN:188,(anonymous_10)
FN:199,(anonymous_11)
FN:215,(anonymous_12)
FN:224,(anonymous_13)
FN:226,(anonymous_14)
FN:233,(anonymous_15)
FN:236,(anonymous_16)
FN:267,(anonymous_17)
FNF:14
FNH:0
FNDA:0,(anonymous_4)
FNDA:0,(anonymous_5)
FNDA:0,(anonymous_6)
FNDA:0,(anonymous_7)
FNDA:0,(anonymous_8)
FNDA:0,(anonymous_9)
FNDA:0,(anonymous_10)
FNDA:0,(anonymous_11)
FNDA:0,(anonymous_12)
FNDA:0,(anonymous_13)
FNDA:0,(anonymous_14)
FNDA:0,(anonymous_15)
FNDA:0,(anonymous_16)
FNDA:0,(anonymous_17)
DA:1,6
DA:7,6
DA:8,6
DA:9,6
DA:13,6
DA:14,0
DA:18,0
DA:19,0
DA:23,0
DA:24,0
DA:28,0
DA:43,0
DA:44,0
DA:48,0
DA:56,0
DA:57,0
DA:62,0
DA:64,0
DA:73,0
DA:79,0
DA:82,0
DA:83,0
DA:84,0
DA:89,0
DA:94,0
DA:98,0
DA:101,0
DA:109,0
DA:114,0
DA:115,0
DA:118,0
DA:119,0
DA:122,0
DA:130,0
DA:134,0
DA:141,0
DA:146,0
DA:147,0
DA:150,0
DA:151,0
DA:154,0
DA:162,0
DA:166,0
DA:170,0
DA:185,0
DA:189,0
DA:200,0
DA:214,0
DA:215,0
DA:216,0
DA:217,0
DA:219,0
DA:223,0
DA:225,0
DA:227,0
DA:230,0
DA:231,0
DA:233,0
DA:239,0
DA:254,0
DA:258,0
DA:259,0
DA:262,0
DA:263,0
DA:264,0
DA:268,0
LF:66
LH:5
BRDA:23,0,0,0
BRDA:23,0,1,0
BRDA:43,1,0,0
BRDA:43,1,1,0
BRDA:56,2,0,0
BRDA:56,2,1,0
BRDA:82,3,0,0
BRDA:82,3,1,0
BRDA:114,4,0,0
BRDA:114,4,1,0
BRDA:118,5,0,0
BRDA:118,5,1,0
BRDA:146,6,0,0
BRDA:146,6,1,0
BRDA:150,7,0,0
BRDA:150,7,1,0
BRDA:216,8,0,0
BRDA:216,8,1,0
BRDA:227,9,0,0
BRDA:227,9,1,0
BRDA:227,9,2,0
BRDA:227,9,3,0
BRDA:230,10,0,0
BRDA:230,10,1,0
BRDA:231,11,0,0
BRDA:231,11,1,0
BRDA:258,12,0,0
BRDA:258,12,1,0
BRF:28
BRH:0
end_of_record
TN:
SF:src\health\health.controller.ts
FN:8,(anonymous_4)
FN:11,(anonymous_5)
FNF:2
FNH:0
FNDA:0,(anonymous_4)
FNDA:0,(anonymous_5)
DA:1,0
DA:2,0
DA:4,0
DA:7,0
DA:8,0
DA:11,0
DA:12,0
DA:13,0
DA:14,0
DA:16,0
LF:10
LH:0
BRF:0
BRH:0
end_of_record
TN:
SF:src\health\health.module.ts
FNF:0
FNH:0
DA:1,0
DA:2,0
DA:7,0
LF:3
LH:0
BRF:0
BRH:0
end_of_record
TN:
SF:src\key-bundles\key-bundle.entity.ts
FNF:0
FNH:0
DA:1,9
DA:10,9
DA:12,9
DA:15,9
DA:18,9
DA:21,9
DA:24,9
DA:27,9
DA:30,9
DA:33,9
DA:36,9
LF:11
LH:11
BRF:0
BRH:0
end_of_record
TN:
SF:src\key-bundles\key-bundles.module.ts
FNF:0
FNH:0
DA:1,0
DA:2,0
DA:3,0
DA:4,0
DA:5,0
DA:12,0
LF:6
LH:0
BRF:0
BRH:0
end_of_record
TN:
SF:src\key-bundles\key-bundles.service.ts
FN:34,(anonymous_4)
FN:41,(anonymous_5)
FN:50,(anonymous_6)
FN:54,(anonymous_7)
FN:63,(anonymous_8)
FN:102,(anonymous_9)
FN:106,(anonymous_10)
FNF:7
FNH:7
FNDA:11,(anonymous_4)
FNDA:2,(anonymous_5)
FNDA:1,(anonymous_6)
FNDA:3,(anonymous_7)
FNDA:5,(anonymous_8)
FNDA:2,(anonymous_9)
FNDA:2,(anonymous_10)
DA:1,9
DA:2,9
DA:3,9
DA:4,9
DA:5,9
DA:31,9
DA:32,11
DA:36,11
DA:38,11
DA:43,2
DA:47,2
DA:54,1
DA:55,3
DA:57,1
DA:58,1
DA:66,5
DA:67,5
DA:72,4
DA:85,4
DA:86,1
DA:91,4
DA:103,2
DA:107,2
DA:108,2
DA:109,2
LF:25
LH:25
BRDA:67,0,0,1
BRDA:67,0,1,4
BRDA:85,1,0,1
BRDA:85,1,1,3
BRDA:97,2,0,4
BRDA:97,2,1,1
BRDA:98,3,0,4
BRDA:98,3,1,1
BRF:8
BRH:8
end_of_record
TN:
SF:src\key-bundles\one-time-pre-key.entity.ts
FNF:0
FNH:0
DA:1,9
DA:11,9
DA:13,9
DA:16,9
DA:19,9
DA:22,9
DA:25,9
DA:28,9
LF:8
LH:8
BRF:0
BRH:0
end_of_record
TN:
SF:src\media\local-storage.service.ts
FN:30,(anonymous_11)
FN:35,(anonymous_12)
FN:50,(anonymous_13)
FN:58,(anonymous_14)
FN:69,(anonymous_15)
FN:78,(anonymous_16)
FN:84,(anonymous_17)
FN:94,(anonymous_18)
FN:98,(anonymous_19)
FNF:9
FNH:7
FNDA:7,(anonymous_11)
FNDA:1,(anonymous_12)
FNDA:1,(anonymous_13)
FNDA:1,(anonymous_14)
FNDA:1,(anonymous_15)
FNDA:0,(anonymous_16)
FNDA:3,(anonymous_17)
FNDA:0,(anonymous_18)
FNDA:3,(anonymous_19)
DA:1,13
DA:2,13
DA:3,13
DA:4,13
DA:5,13
DA:26,13
DA:30,7
DA:31,7
DA:32,7
DA:40,1
DA:41,1
DA:42,1
DA:43,1
DA:44,1
DA:47,1
DA:55,1
DA:65,1
DA:66,1
DA:75,1
DA:79,0
DA:85,3
DA:86,2
DA:87,2
DA:89,1
DA:95,0
DA:101,3
DA:102,3
DA:103,3
DA:104,3
DA:107,3
LF:30
LH:28
BRDA:40,0,0,0
BRDA:40,0,1,1
BRDA:62,1,0,0
BRDA:85,2,0,1
BRDA:85,2,1,2
BRDA:89,3,0,0
BRDA:89,3,1,1
BRF:7
BRH:4
end_of_record
TN:
SF:src\media\magic-bytes.validator.ts
FN:3,startsWith
FN:4,(anonymous_1)
FN:11,validateAvatarMagicBytes
FNF:3
FNH:3
FNDA:10,startsWith
FNDA:15,(anonymous_1)
FNDA:5,validateAvatarMagicBytes
DA:1,2
DA:4,15
DA:11,2
DA:12,5
DA:13,5
DA:14,5
DA:15,3
LF:7
LH:7
BRDA:14,0,0,3
BRDA:14,0,1,2
BRDA:14,1,0,5
BRDA:14,1,1,4
BRF:4
BRH:4
end_of_record
TN:
SF:src\media\media-cleanup.service.ts
FN:14,(anonymous_13)
FN:22,(anonymous_14)
FN:35,(anonymous_15)
FN:58,(anonymous_16)
FNF:4
FNH:2
FNDA:4,(anonymous_13)
FNDA:4,(anonymous_14)
FNDA:0,(anonymous_15)
FNDA:0,(anonymous_16)
DA:1,11
DA:2,11
DA:3,11
DA:4,11
DA:5,11
DA:6,11
DA:7,11
DA:8,11
DA:11,11
DA:12,4
DA:15,4
DA:16,4
DA:17,4
DA:18,4
DA:23,4
DA:24,3
DA:25,2
DA:26,2
DA:27,2
DA:29,1
DA:35,11
DA:36,0
DA:37,0
DA:40,0
DA:41,0
DA:43,0
DA:44,0
DA:47,0
DA:57,0
DA:58,0
DA:61,0
DA:62,0
DA:63,0
DA:64,0
DA:65,0
DA:66,0
DA:68,0
DA:72,0
LF:38
LH:21
BRDA:23,0,0,1
BRDA:23,0,1,3
BRDA:24,1,0,1
BRDA:24,1,1,2
BRDA:63,2,0,0
BRDA:63,2,1,0
BRF:6
BRH:4
end_of_record
TN:
SF:src\media\media.controller.ts
FN:29,(anonymous_13)
FN:37,(anonymous_14)
FN:87,(anonymous_15)
FN:103,(anonymous_16)
FNF:4
FNH:4
FNDA:5,(anonymous_13)
FNDA:3,(anonymous_14)
FNDA:1,(anonymous_15)
FNDA:1,(anonymous_16)
DA:1,1
DA:14,1
DA:15,1
DA:16,1
DA:18,1
DA:19,1
DA:20,1
DA:21,1
DA:22,1
DA:24,1
DA:25,1
DA:28,1
DA:29,5
DA:37,1
DA:42,3
DA:43,2
DA:44,2
DA:46,2
DA:47,1
DA:54,1
DA:56,1
DA:57,0
DA:63,0
DA:68,1
DA:69,0
DA:70,0
DA:75,0
DA:77,1
DA:82,1
DA:87,1
DA:91,1
DA:92,1
DA:93,1
DA:94,1
DA:96,0
DA:97,0
DA:103,1
DA:104,1
DA:105,1
DA:106,1
DA:107,1
DA:109,0
DA:110,0
LF:43
LH:34
BRDA:25,0,0,1
BRDA:25,0,1,1
BRDA:42,1,0,1
BRDA:42,1,1,2
BRDA:46,2,0,1
BRDA:46,2,1,1
BRDA:51,3,0,1
BRDA:51,3,1,0
BRDA:56,4,0,0
BRDA:56,4,1,1
BRDA:61,5,0,0
BRDA:61,5,1,0
BRDA:65,6,0,0
BRDA:65,6,1,0
BRDA:68,7,0,0
BRDA:68,7,1,1
BRDA:92,8,0,0
BRDA:92,8,1,1
BRDA:93,9,0,1
BRDA:93,9,1,0
BRDA:105,10,0,0
BRDA:105,10,1,1
BRDA:106,11,0,1
BRDA:106,11,1,0
BRF:24
BRH:13
end_of_record
TN:
SF:src\media\media.module.ts
FN:25,(anonymous_1)
FN:31,(anonymous_2)
FNF:2
FNH:0
FNDA:0,(anonymous_1)
FNDA:0,(anonymous_2)
DA:1,0
DA:2,0
DA:3,0
DA:4,0
DA:5,0
DA:6,0
DA:7,0
DA:8,0
DA:9,0
DA:26,0
DA:31,0
DA:36,0
LF:12
LH:0
BRF:0
BRH:0
end_of_record
TN:
SF:src\media\dto\upload-media.dto.ts
FN:10,(anonymous_2)
FN:15,(anonymous_3)
FNF:2
FNH:1
FNDA:1,(anonymous_2)
FNDA:0,(anonymous_3)
DA:1,1
DA:2,1
DA:4,1
DA:6,1
DA:10,1
DA:11,1
DA:15,0
DA:16,1
DA:22,1
LF:9
LH:8
BRF:0
BRH:0
end_of_record
TN:
SF:src\messages\message-cleanup.service.ts
FN:12,(anonymous_4)
FN:19,(anonymous_5)
FN:31,(anonymous_6)
FN:32,(anonymous_7)
FN:33,(anonymous_8)
FNF:5
FNH:5
FNDA:1,(anonymous_4)
FNDA:1,(anonymous_5)
FNDA:3,(anonymous_6)
FNDA:3,(anonymous_7)
FNDA:2,(anonymous_8)
DA:1,1
DA:2,1
DA:3,1
DA:4,1
DA:5,1
DA:6,1
DA:9,1
DA:10,1
DA:14,1
DA:15,1
DA:19,1
DA:20,1
DA:22,1
DA:28,1
DA:29,1
DA:31,3
DA:32,3
DA:33,2
DA:35,1
DA:36,1
LF:20
LH:20
BRDA:28,0,0,1
BRDA:28,0,1,0
BRF:2
BRH:1
end_of_record
TN:
SF:src\messages\message.entity.ts
FN:13,(anonymous_2)
FN:20,(anonymous_3)
FN:87,(anonymous_4)
FN:91,(anonymous_5)
FN:95,(anonymous_6)
FNF:5
FNH:2
FNDA:15,(anonymous_2)
FNDA:15,(anonymous_3)
FNDA:0,(anonymous_4)
FNDA:0,(anonymous_5)
FNDA:0,(anonymous_6)
DA:1,15
DA:10,15
DA:11,15
DA:13,15
DA:14,15
DA:15,15
DA:16,15
DA:17,15
DA:20,15
DA:21,15
DA:22,15
DA:23,15
DA:24,15
DA:25,15
DA:26,15
DA:31,15
DA:33,15
DA:37,15
DA:41,15
DA:48,15
DA:51,15
DA:58,15
DA:61,15
DA:64,15
DA:68,15
DA:72,15
DA:75,15
DA:78,15
DA:81,15
DA:85,15
DA:87,0
DA:89,15
DA:91,0
DA:93,15
DA:95,0
DA:97,15
DA:100,15
LF:37
LH:34
BRDA:13,0,0,15
BRDA:13,0,1,15
BRDA:20,1,0,15
BRDA:20,1,1,15
BRF:4
BRH:4
end_of_record
TN:
SF:src\messages\message.mapper.ts
FN:4,(anonymous_0)
FNF:1
FNH:1
FNDA:26,(anonymous_0)
DA:3,5
DA:8,26
DA:10,26
DA:11,26
DA:33,26
DA:34,10
DA:35,10
DA:38,10
DA:53,10
DA:61,26
LF:10
LH:10
BRDA:10,0,0,26
BRDA:10,0,1,15
BRDA:10,0,2,0
BRDA:18,1,0,26
BRDA:18,1,1,0
BRDA:19,2,0,26
BRDA:19,2,1,0
BRDA:20,3,0,26
BRDA:20,3,1,21
BRDA:21,4,0,26
BRDA:21,4,1,18
BRDA:22,5,0,1
BRDA:22,5,1,25
BRDA:25,6,0,26
BRDA:25,6,1,24
BRDA:26,7,0,0
BRDA:26,7,1,26
BRDA:27,8,0,26
BRDA:27,8,1,17
BRDA:28,9,0,26
BRDA:28,9,1,26
BRDA:29,10,0,26
BRDA:29,10,1,26
BRDA:30,11,0,26
BRDA:30,11,1,26
BRDA:33,12,0,10
BRDA:33,12,1,16
BRDA:38,13,0,4
BRDA:38,13,1,6
BRDA:40,14,0,0
BRDA:40,14,1,6
BRDA:40,15,0,6
BRDA:40,15,1,0
BRDA:42,16,0,1
BRDA:42,16,1,5
BRDA:44,17,0,1
BRDA:44,17,1,4
BRDA:46,18,0,2
BRDA:46,18,1,2
BRDA:48,19,0,1
BRDA:48,19,1,1
BRDA:50,20,0,1
BRDA:50,20,1,0
BRDA:56,21,0,10
BRDA:56,21,1,0
BRF:45
BRH:37
end_of_record
TN:
SF:src\messages\messages.controller.ts
FN:14,(anonymous_4)
FN:19,(anonymous_5)
FNF:2
FNH:0
FNDA:0,(anonymous_4)
FNDA:0,(anonymous_5)
DA:1,0
DA:8,0
DA:9,0
DA:10,0
DA:13,0
DA:14,0
DA:19,0
DA:20,0
DA:21,0
DA:22,0
DA:24,0
DA:25,0
LF:12
LH:0
BRDA:21,0,0,0
BRDA:21,0,1,0
BRDA:21,1,0,0
BRDA:21,1,1,0
BRDA:25,2,0,0
BRDA:25,2,1,0
BRF:6
BRH:0
end_of_record
TN:
SF:src\messages\messages.module.ts
FNF:0
FNH:0
DA:1,0
DA:2,0
DA:3,0
DA:4,0
DA:5,0
DA:6,0
DA:7,0
DA:8,0
DA:16,0
LF:9
LH:0
BRF:0
BRH:0
end_of_record
TN:
SF:src\messages\messages.service.ts
FN:10,(anonymous_4)
FN:15,(anonymous_5)
FN:61,(anonymous_6)
FN:65,(anonymous_7)
FN:66,(anonymous_8)
FN:73,(anonymous_9)
FN:103,(anonymous_10)
FN:109,(anonymous_11)
FN:119,(anonymous_12)
FN:132,(anonymous_13)
FN:145,(anonymous_14)
FN:173,(anonymous_15)
FN:200,(anonymous_16)
FN:205,(anonymous_17)
FN:205,(anonymous_18)
FN:241,(anonymous_19)
FN:246,(anonymous_20)
FN:246,(anonymous_21)
FN:265,(anonymous_22)
FN:265,(anonymous_23)
FN:295,(anonymous_24)
FN:327,(anonymous_25)
FN:331,(anonymous_26)
FN:339,(anonymous_27)
FN:340,(anonymous_28)
FN:347,(anonymous_29)
FN:354,(anonymous_30)
FN:369,(anonymous_31)
FN:386,(anonymous_32)
FN:398,(anonymous_33)
FN:414,(anonymous_34)
FN:422,(anonymous_35)
FN:439,(anonymous_36)
FNF:33
FNH:4
FNDA:2,(anonymous_4)
FNDA:0,(anonymous_5)
FNDA:10,(anonymous_6)
FNDA:0,(anonymous_7)
FNDA:0,(anonymous_8)
FNDA:2,(anonymous_9)
FNDA:10,(anonymous_10)
FNDA:0,(anonymous_11)
FNDA:0,(anonymous_12)
FNDA:0,(anonymous_13)
FNDA:0,(anonymous_14)
FNDA:0,(anonymous_15)
FNDA:0,(anonymous_16)
FNDA:0,(anonymous_17)
FNDA:0,(anonymous_18)
FNDA:0,(anonymous_19)
FNDA:0,(anonymous_20)
FNDA:0,(anonymous_21)
FNDA:0,(anonymous_22)
FNDA:0,(anonymous_23)
FNDA:0,(anonymous_24)
FNDA:0,(anonymous_25)
FNDA:0,(anonymous_26)
FNDA:0,(anonymous_27)
FNDA:0,(anonymous_28)
FNDA:0,(anonymous_29)
FNDA:0,(anonymous_30)
FNDA:0,(anonymous_31)
FNDA:0,(anonymous_32)
FNDA:0,(anonymous_33)
FNDA:0,(anonymous_34)
FNDA:0,(anonymous_35)
FNDA:0,(anonymous_36)
DA:1,12
DA:2,12
DA:3,12
DA:4,12
DA:9,12
DA:12,2
DA:29,0
DA:30,0
DA:31,0
DA:35,0
DA:36,0
DA:40,0
DA:52,0
DA:53,0
DA:54,0
DA:55,0
DA:57,0
DA:62,10
DA:63,0
DA:65,0
DA:66,0
DA:79,2
DA:81,1
DA:88,1
DA:93,1
DA:94,1
DA:102,1
DA:103,10
DA:105,1
DA:110,0
DA:114,0
DA:123,0
DA:129,0
DA:130,0
DA:131,0
DA:132,0
DA:134,0
DA:138,12
DA:149,0
DA:154,0
DA:155,0
DA:158,0
DA:159,0
DA:160,0
DA:161,0
DA:164,0
DA:165,0
DA:177,0
DA:185,0
DA:188,0
DA:193,0
DA:204,0
DA:205,0
DA:206,0
DA:207,0
DA:227,0
DA:228,0
DA:229,0
DA:231,0
DA:232,0
DA:234,0
DA:245,0
DA:246,0
DA:247,0
DA:248,0
DA:249,0
DA:250,0
DA:251,0
DA:252,0
DA:253,0
DA:257,0
DA:265,0
DA:266,0
DA:267,0
DA:268,0
DA:269,0
DA:270,0
DA:272,0
DA:273,0
DA:274,0
DA:275,0
DA:277,0
DA:281,0
DA:282,0
DA:283,0
DA:284,0
DA:286,0
DA:287,0
DA:288,0
DA:289,0
DA:291,0
DA:300,0
DA:309,0
DA:312,0
DA:327,0
DA:332,0
DA:338,0
DA:339,0
DA:340,0
DA:348,0
DA:355,0
DA:359,0
DA:361,0
DA:362,0
DA:363,0
DA:364,0
DA:365,0
DA:366,0
DA:374,0
DA:378,0
DA:380,0
DA:385,0
DA:386,0
DA:387,0
DA:391,0
DA:392,0
DA:394,0
DA:395,0
DA:403,0
DA:407,0
DA:409,0
DA:413,0
DA:414,0
DA:415,0
DA:418,0
DA:419,0
DA:428,0
DA:429,0
DA:430,0
DA:431,0
DA:432,0
DA:433,0
DA:440,0
DA:444,0
DA:445,0
DA:446,0
DA:447,0
LF:137
LH:16
BRDA:30,0,0,0
BRDA:30,0,1,0
BRDA:35,1,0,0
BRDA:35,1,1,0
BRDA:44,2,0,0
BRDA:44,2,1,0
BRDA:45,3,0,0
BRDA:45,3,1,0
BRDA:46,4,0,0
BRDA:46,4,1,0
BRDA:47,5,0,0
BRDA:47,5,1,0
BRDA:48,6,0,0
BRDA:48,6,1,0
BRDA:49,7,0,0
BRDA:49,7,1,0
BRDA:53,8,0,0
BRDA:53,8,1,0
BRDA:62,9,0,10
BRDA:62,9,1,0
BRDA:62,10,0,10
BRDA:62,10,1,0
BRDA:75,11,0,0
BRDA:76,12,0,0
BRDA:79,13,0,1
BRDA:79,13,1,1
BRDA:114,14,0,0
BRDA:114,14,1,0
BRDA:127,15,0,0
BRDA:127,15,1,0
BRDA:129,16,0,0
BRDA:129,16,1,0
BRDA:130,17,0,0
BRDA:130,17,1,0
BRDA:134,18,0,0
BRDA:134,18,1,0
BRDA:154,19,0,0
BRDA:154,19,1,0
BRDA:160,20,0,0
BRDA:160,20,1,0
BRDA:204,21,0,0
BRDA:204,21,1,0
BRDA:206,22,0,0
BRDA:206,22,1,0
BRDA:232,23,0,0
BRDA:232,23,1,0
BRDA:245,24,0,0
BRDA:245,24,1,0
BRDA:247,25,0,0
BRDA:247,25,1,0
BRDA:250,26,0,0
BRDA:250,26,1,0
BRDA:270,27,0,0
BRDA:270,27,1,0
BRDA:270,28,0,0
BRDA:270,28,1,0
BRDA:272,29,0,0
BRDA:272,29,1,0
BRDA:284,30,0,0
BRDA:284,30,1,0
BRDA:289,31,0,0
BRDA:289,31,1,0
BRDA:309,32,0,0
BRDA:309,32,1,0
BRDA:359,33,0,0
BRDA:359,33,1,0
BRDA:362,34,0,0
BRDA:362,34,1,0
BRDA:378,35,0,0
BRDA:378,35,1,0
BRDA:380,36,0,0
BRDA:380,36,1,0
BRDA:387,37,0,0
BRDA:387,37,1,0
BRDA:391,38,0,0
BRDA:391,38,1,0
BRDA:407,39,0,0
BRDA:407,39,1,0
BRDA:409,40,0,0
BRDA:409,40,1,0
BRDA:413,41,0,0
BRDA:413,41,1,0
BRDA:415,42,0,0
BRDA:415,42,1,0
BRDA:429,43,0,0
BRDA:429,43,1,0
BRDA:444,44,0,0
BRDA:444,44,1,0
BRDA:445,45,0,0
BRDA:445,45,1,0
BRF:90
BRH:4
end_of_record
TN:
SF:src\push-notifications\push-notifications.module.ts
FNF:0
FNH:0
DA:1,0
DA:2,0
DA:3,0
DA:10,0
LF:4
LH:0
BRF:0
BRH:0
end_of_record
TN:
SF:src\push-notifications\push-notifications.service.ts
FN:10,(anonymous_11)
FN:12,(anonymous_12)
FN:36,(anonymous_13)
FN:51,(anonymous_14)
FN:56,(anonymous_15)
FNF:5
FNH:0
FNDA:0,(anonymous_11)
FNDA:0,(anonymous_12)
FNDA:0,(anonymous_13)
FNDA:0,(anonymous_14)
FNDA:0,(anonymous_15)
DA:1,1
DA:2,1
DA:3,1
DA:6,1
DA:7,0
DA:8,0
DA:10,0
DA:13,0
DA:14,0
DA:15,0
DA:18,0
DA:21,0
DA:22,0
DA:23,0
DA:26,0
DA:27,0
DA:29,0
DA:32,0
DA:37,0
DA:39,0
DA:40,0
DA:42,0
DA:43,0
DA:51,0
DA:52,0
DA:56,0
DA:60,0
LF:27
LH:4
BRDA:14,0,0,0
BRDA:14,0,1,0
BRDA:21,1,0,0
BRDA:21,1,1,0
BRDA:37,2,0,0
BRDA:37,2,1,0
BRDA:40,3,0,0
BRDA:40,3,1,0
BRDA:52,4,0,0
BRDA:52,4,1,0
BRDA:53,5,0,0
BRDA:53,5,1,0
BRF:12
BRH:0
end_of_record
TN:
SF:src\secret-notes\secret-note.entity.ts
FNF:0
FNH:0
DA:2,2
DA:5,2
DA:7,2
DA:10,2
DA:13,2
DA:16,2
DA:19,2
DA:22,2
LF:8
LH:8
BRF:0
BRH:0
end_of_record
TN:
SF:src\secret-notes\secret-notes.controller.ts
FN:22,(anonymous_4)
FN:26,(anonymous_5)
FN:33,(anonymous_6)
FN:45,(anonymous_7)
FN:54,(anonymous_8)
FN:61,(anonymous_9)
FN:154,(anonymous_10)
FNF:7
FNH:7
FNDA:5,(anonymous_4)
FNDA:1,(anonymous_5)
FNDA:2,(anonymous_6)
FNDA:2,(anonymous_7)
FNDA:1,(anonymous_8)
FNDA:1,(anonymous_9)
FNDA:1,(anonymous_10)
DA:2,1
DA:5,1
DA:6,1
DA:7,1
DA:14,1
DA:17,1
DA:21,1
DA:22,5
DA:26,1
DA:27,1
DA:28,1
DA:29,1
DA:33,1
DA:34,2
DA:35,2
DA:36,1
DA:37,1
DA:39,1
DA:40,1
DA:41,1
DA:45,1
DA:46,2
DA:47,2
DA:48,1
DA:49,1
DA:51,1
DA:55,1
DA:56,1
DA:57,1
DA:58,1
DA:62,1
DA:155,1
LF:32
LH:32
BRDA:28,0,0,1
BRDA:28,0,1,0
BRDA:35,1,0,1
BRDA:35,1,1,1
BRDA:47,2,0,1
BRDA:47,2,1,1
BRDA:57,3,0,0
BRDA:57,3,1,1
BRF:8
BRH:6
end_of_record
TN:
SF:src\secret-notes\secret-notes.module.ts
FNF:0
FNH:0
DA:2,0
DA:3,0
DA:4,0
DA:5,0
DA:6,0
DA:13,0
LF:6
LH:0
BRF:0
BRH:0
end_of_record
TN:
SF:src\secret-notes\secret-notes.service.ts
FN:13,(anonymous_13)
FN:18,(anonymous_14)
FN:26,(anonymous_15)
FN:36,(anonymous_16)
FN:46,(anonymous_17)
FNF:5
FNH:5
FNDA:6,(anonymous_13)
FNDA:1,(anonymous_14)
FNDA:2,(anonymous_15)
FNDA:2,(anonymous_16)
FNDA:1,(anonymous_17)
DA:2,2
DA:3,2
DA:4,2
DA:5,2
DA:6,2
DA:7,2
DA:10,2
DA:11,6
DA:15,6
DA:19,1
DA:20,1
DA:21,1
DA:22,1
DA:23,1
DA:27,2
DA:28,2
DA:29,2
DA:30,1
DA:31,1
DA:33,1
DA:37,2
DA:41,2
DA:42,1
DA:46,2
DA:47,1
DA:48,1
DA:49,1
DA:50,1
DA:52,1
LF:29
LH:29
BRDA:28,0,0,0
BRDA:28,0,1,2
BRDA:29,1,0,1
BRDA:29,1,1,1
BRDA:41,2,0,1
BRDA:41,2,1,1
BRDA:48,3,0,1
BRDA:48,3,1,0
BRDA:49,4,0,1
BRDA:49,4,1,0
BRF:10
BRH:7
end_of_record
TN:
SF:src\users\user.entity.ts
FNF:0
FNH:0
DA:1,16
DA:11,16
DA:13,16
DA:16,16
DA:19,16
DA:23,16
DA:26,16
DA:29,16
DA:32,16
DA:35,16
LF:10
LH:10
BRF:0
BRH:0
end_of_record
TN:
SF:src\users\users.controller.ts
FN:29,(anonymous_4)
FN:55,(anonymous_5)
FN:87,(anonymous_6)
FN:101,(anonymous_7)
FN:118,(anonymous_8)
FN:130,(anonymous_9)
FN:138,(anonymous_10)
FN:41,(anonymous_11)
FNF:8
FNH:0
FNDA:0,(anonymous_4)
FNDA:0,(anonymous_5)
FNDA:0,(anonymous_6)
FNDA:0,(anonymous_7)
FNDA:0,(anonymous_8)
FNDA:0,(anonymous_9)
FNDA:0,(anonymous_10)
FNDA:0,(anonymous_11)
DA:1,0
DA:15,0
DA:16,0
DA:17,0
DA:18,0
DA:19,0
DA:20,0
DA:21,0
DA:22,0
DA:23,0
DA:26,0
DA:27,0
DA:30,0
DA:31,0
DA:32,0
DA:42,0
DA:43,0
DA:48,0
DA:55,0
DA:59,0
DA:60,0
DA:62,0
DA:64,0
DA:66,0
DA:72,0
DA:74,0
DA:80,0
DA:87,0
DA:88,0
DA:89,0
DA:90,0
DA:101,0
DA:102,0
DA:104,0
DA:106,0
DA:112,0
DA:118,0
DA:119,0
DA:121,0
DA:123,0
DA:125,0
DA:130,0
DA:131,0
DA:132,0
DA:133,0
DA:138,0
DA:139,0
DA:140,0
LF:48
LH:0
BRDA:59,0,0,0
BRDA:59,0,1,0
BRDA:89,1,0,0
BRDA:89,1,1,0
BRDA:94,2,0,0
BRDA:94,2,1,0
BRDA:42,3,0,0
BRDA:42,3,1,0
BRF:8
BRH:0
end_of_record
TN:
SF:src\users\users.module.ts
FNF:0
FNH:0
DA:1,0
DA:2,0
DA:3,0
DA:4,0
DA:5,0
DA:6,0
DA:7,0
DA:8,0
DA:9,0
DA:10,0
DA:11,0
DA:12,0
DA:26,0
LF:13
LH:0
BRF:0
BRH:0
end_of_record
TN:
SF:src\users\users.service.ts
FN:25,(anonymous_13)
FN:36,(anonymous_14)
FN:55,(anonymous_15)
FN:59,(anonymous_16)
FN:66,(anonymous_17)
FN:74,(anonymous_18)
FN:93,(anonymous_19)
FN:117,(anonymous_20)
FN:145,(anonymous_21)
FN:150,(anonymous_22)
FNF:10
FNH:4
FNDA:3,(anonymous_13)
FNDA:0,(anonymous_14)
FNDA:3,(anonymous_15)
FNDA:0,(anonymous_16)
FNDA:0,(anonymous_17)
FNDA:0,(anonymous_18)
FNDA:0,(anonymous_19)
FNDA:3,(anonymous_20)
FNDA:0,(anonymous_21)
FNDA:2,(anonymous_22)
DA:1,7
DA:8,7
DA:9,7
DA:10,7
DA:11,7
DA:12,7
DA:13,7
DA:14,7
DA:15,7
DA:16,7
DA:17,7
DA:18,7
DA:19,7
DA:22,7
DA:23,3
DA:27,3
DA:28,3
DA:29,3
DA:30,3
DA:31,3
DA:32,3
DA:33,3
DA:37,0
DA:38,0
DA:39,0
DA:42,0
DA:43,0
DA:44,0
DA:45,0
DA:46,0
DA:47,0
DA:48,0
DA:49,0
DA:52,0
DA:56,3
DA:60,0
DA:67,0
DA:79,0
DA:80,0
DA:81,0
DA:84,0
DA:85,0
DA:88,0
DA:89,0
DA:90,0
DA:98,0
DA:99,0
DA:100,0
DA:104,0
DA:105,0
DA:106,0
DA:110,0
DA:111,0
DA:112,0
DA:113,0
DA:114,0
DA:118,3
DA:119,3
DA:120,0
DA:123,3
DA:124,3
DA:125,1
DA:129,2
DA:130,0
DA:134,2
DA:135,2
DA:137,2
DA:140,2
DA:141,0
DA:144,0
DA:145,0
DA:150,2
DA:151,2
DA:155,2
DA:156,0
DA:157,0
DA:161,2
DA:164,2
DA:165,0
DA:168,2
DA:171,2
LF:81
LH:40
BRDA:38,0,0,0
BRDA:38,0,1,0
BRDA:47,1,0,0
BRDA:47,1,1,0
BRDA:80,2,0,0
BRDA:80,2,1,0
BRDA:84,3,0,0
BRDA:84,3,1,0
BRDA:84,4,0,0
BRDA:84,4,1,0
BRDA:99,5,0,0
BRDA:99,5,1,0
BRDA:105,6,0,0
BRDA:105,6,1,0
BRDA:119,7,0,0
BRDA:119,7,1,3
BRDA:124,8,0,1
BRDA:124,8,1,2
BRDA:129,9,0,0
BRDA:129,9,1,2
BRDA:164,10,0,0
BRDA:164,10,1,2
BRF:22
BRH:5
end_of_record
TN:
SF:src\users\dto\user.dto.ts
FNF:0
FNH:0
DA:1,1
DA:2,1
DA:8,1
DA:11,1
DA:18,1
DA:21,1
DA:24,1
DA:27,1
DA:30,1
DA:33,1
DA:36,1
DA:39,1
LF:12
LH:12
BRF:0
BRH:0
end_of_record
